2019/05/09 09:15:14.630 [I]  LoginLamp 登陆服务 /api/lamp/login
2019/05/09 09:15:14.632 [I]  黑白黑白黑白黑白黑白黑白黑白黑白
2019/05/09 09:15:14.632 [I]  1
2019/05/09 09:15:14.632 [I]  zh_CN
2019/05/09 09:15:14.632 [I]  Zibo
2019/05/09 09:15:14.632 [I]  Shandong
2019/05/09 09:15:14.632 [I]  China
2019/05/09 09:15:14.632 [I]  https://wx.qlogo.cn/mmopen/vi_32/Q0j4TwGTfTKsadsvhc30xdYNtkdfTqCYa7icMhn4sTwganUKTuqWXdMjJdzic7ESDQQHy4PsDBYcJ0d8ibYhYaocg/132
2019/05/09 09:15:15.004 [I]  map[dbNum:2 password: key:lamp conn:127.0.0.1:6379]
2019/05/09 09:15:20.099 [I]  老用户登陆 黑白黑白黑白黑白黑白黑白黑白黑白
2019/05/09 09:15:20.119 [I]  1
2019/05/09 09:15:20.121 [I]  opid插入redis成功
2019/05/09 10:19:15.894 [I]  LoginLamp 登陆服务 /api/lamp/login
2019/05/09 10:19:15.894 [I]  黑白黑白黑白黑白黑白黑白黑白黑白
2019/05/09 10:19:15.894 [I]  1
2019/05/09 10:19:15.894 [I]  zh_CN
2019/05/09 10:19:15.894 [I]  Zibo
2019/05/09 10:19:15.894 [I]  Shandong
2019/05/09 10:19:15.894 [I]  China
2019/05/09 10:19:15.894 [I]  https://wx.qlogo.cn/mmopen/vi_32/Q0j4TwGTfTKsadsvhc30xdYNtkdfTqCYa7icMhn4sTwganUKTuqWXdMjJdzic7ESDQQHy4PsDBYcJ0d8ibYhYaocg/132
2019/05/09 10:19:16.189 [I]  map[dbNum:2 password: key:lamp conn:127.0.0.1:6379]
2019/05/09 10:19:16.213 [I]  老用户登陆 黑白黑白黑白黑白黑白黑白黑白黑白
2019/05/09 10:19:16.228 [I]  1
2019/05/09 10:19:16.228 [I]  opid插入redis成功
2019/05/09 10:19:16.322 [I]  ConfigLamp  初始化服务 url：/api/lamp/config
2019/05/09 10:19:16.322 [I]  map[password: key:lamp conn:127.0.0.1:6379 dbNum:2]
2019/05/09 10:19:16.327 [I]  [55 53 98 57 48 97 55 56 49 102 51 54 100 101 51 51 55 48 100 55 56 50 53 101 101 102 102 50 49 50 100 51]
2019/05/09 10:19:16.327 [I]  75b90a781f36de3370d7825eeff212d3
2019/05/09 10:19:16.327 [I]  这是新用户
2019/05/09 10:20:11.000 [I]  LoginLamp 登陆服务 /api/lamp/login
2019/05/09 10:20:11.000 [I]  黑白黑白黑白黑白黑白黑白黑白黑白
2019/05/09 10:20:11.000 [I]  1
2019/05/09 10:20:11.000 [I]  zh_CN
2019/05/09 10:20:11.000 [I]  Zibo
2019/05/09 10:20:11.000 [I]  Shandong
2019/05/09 10:20:11.000 [I]  China
2019/05/09 10:20:11.000 [I]  https://wx.qlogo.cn/mmopen/vi_32/Q0j4TwGTfTKsadsvhc30xdYNtkdfTqCYa7icMhn4sTwganUKTuqWXdMjJdzic7ESDQQHy4PsDBYcJ0d8ibYhYaocg/132
2019/05/09 10:20:11.304 [I]  map[key:lamp conn:127.0.0.1:6379 dbNum:2 password:]
2019/05/09 10:20:11.323 [I]  老用户登陆 黑白黑白黑白黑白黑白黑白黑白黑白
2019/05/09 10:20:11.335 [I]  1
2019/05/09 10:20:11.335 [I]  opid插入redis成功
2019/05/09 10:20:11.496 [I]  ConfigLamp  初始化服务 url：/api/lamp/config
2019/05/09 10:20:11.496 [I]  map[key:lamp conn:127.0.0.1:6379 dbNum:2 password:]
2019/05/09 10:20:11.497 [I]  [55 53 98 57 48 97 55 56 49 102 51 54 100 101 51 51 55 48 100 55 56 50 53 101 101 102 102 50 49 50 100 51]
2019/05/09 10:20:11.497 [I]  75b90a781f36de3370d7825eeff212d3
2019/05/09 10:20:11.497 [I]  这是新用户
2019/05/09 10:35:40.856 [I]  ConfigLamp  初始化服务 url：/api/lamp/config
2019/05/09 10:35:40.856 [I]  map[password: key:lamp conn:127.0.0.1:6379 dbNum:2]
2019/05/09 10:35:40.859 [I]  <nil>
2019/05/09 10:35:40.859 [I]  获取opid失败
2019/05/09 10:35:43.444 [I]  ConfigLamp  初始化服务 url：/api/lamp/config
2019/05/09 10:35:43.444 [I]  map[conn:127.0.0.1:6379 dbNum:2 password: key:lamp]
2019/05/09 10:35:43.445 [I]  <nil>
2019/05/09 10:35:43.445 [I]  获取opid失败
2019/05/09 13:53:52.297 [I]  LoginLamp 登陆服务 /api/lamp/login
2019/05/09 13:53:52.298 [I]  黑白黑白黑白黑白黑白黑白黑白黑白
2019/05/09 13:53:52.298 [I]  1
2019/05/09 13:53:52.298 [I]  zh_CN
2019/05/09 13:53:52.298 [I]  Zibo
2019/05/09 13:53:52.298 [I]  Shandong
2019/05/09 13:53:52.298 [I]  China
2019/05/09 13:53:52.298 [I]  https://wx.qlogo.cn/mmopen/vi_32/Q0j4TwGTfTKsadsvhc30xdYNtkdfTqCYa7icMhn4sTwganUKTuqWXdMjJdzic7ESDQQHy4PsDBYcJ0d8ibYhYaocg/132
2019/05/09 13:53:52.586 [I]  map[dbNum:2 password: key:lamp conn:127.0.0.1:6379]
2019/05/09 13:53:57.693 [I]  老用户登陆 黑白黑白黑白黑白黑白黑白黑白黑白
2019/05/09 13:53:57.712 [I]  1
2019/05/09 13:53:57.713 [I]  opid插入redis成功
2019/05/09 13:54:12.413 [I]  LoginLamp 登陆服务 /api/lamp/login
2019/05/09 13:54:12.413 [I]  黑白黑白黑白黑白黑白黑白黑白黑白
2019/05/09 13:54:12.413 [I]  1
2019/05/09 13:54:12.413 [I]  zh_CN
2019/05/09 13:54:12.413 [I]  Zibo
2019/05/09 13:54:12.413 [I]  Shandong
2019/05/09 13:54:12.413 [I]  China
2019/05/09 13:54:12.413 [I]  https://wx.qlogo.cn/mmopen/vi_32/Q0j4TwGTfTKsadsvhc30xdYNtkdfTqCYa7icMhn4sTwganUKTuqWXdMjJdzic7ESDQQHy4PsDBYcJ0d8ibYhYaocg/132
2019/05/09 13:54:12.518 [I]  map[dbNum:2 password: key:lamp conn:127.0.0.1:6379]
2019/05/09 13:54:12.533 [I]  老用户登陆 黑白黑白黑白黑白黑白黑白黑白黑白
2019/05/09 13:54:12.547 [I]  1
2019/05/09 13:54:12.547 [I]  opid插入redis成功
2019/05/09 13:54:12.633 [I]  ConfigLamp  初始化服务 url：/api/lamp/config
2019/05/09 13:54:12.633 [I]  map[key:lamp conn:127.0.0.1:6379 dbNum:2 password:]
2019/05/09 13:54:12.635 [I]  [55 53 98 57 48 97 55 56 49 102 51 54 100 101 51 51 55 48 100 55 56 50 53 101 101 102 102 50 49 50 100 51]
2019/05/09 13:54:12.635 [I]  75b90a781f36de3370d7825eeff212d3
2019/05/09 13:54:12.635 [I]  这是新用户
2019/05/09 14:07:01.834 [I]  LoginLamp 登陆服务 /api/lamp/login
2019/05/09 14:07:01.836 [I]  黑白黑白黑白黑白黑白黑白黑白黑白
2019/05/09 14:07:01.837 [I]  1
2019/05/09 14:07:01.837 [I]  zh_CN
2019/05/09 14:07:01.837 [I]  Zibo
2019/05/09 14:07:01.837 [I]  Shandong
2019/05/09 14:07:01.837 [I]  China
2019/05/09 14:07:01.837 [I]  https://wx.qlogo.cn/mmopen/vi_32/Q0j4TwGTfTKsadsvhc30xdYNtkdfTqCYa7icMhn4sTwganUKTuqWXdMjJdzic7ESDQQHy4PsDBYcJ0d8ibYhYaocg/132
2019/05/09 14:07:02.204 [I]  map[password: key:lamp conn:127.0.0.1:6379 dbNum:2]
2019/05/09 14:07:02.248 [I]  老用户登陆 黑白黑白黑白黑白黑白黑白黑白黑白
2019/05/09 14:07:02.268 [I]  1
2019/05/09 14:07:02.268 [I]  opid插入redis成功
2019/05/09 14:07:02.347 [I]  ConfigLamp  初始化服务 url：/api/lamp/config
2019/05/09 14:07:02.347 [I]  map[password: key:lamp conn:127.0.0.1:6379 dbNum:2]
2019/05/09 14:07:02.347 [I]  [55 53 98 57 48 97 55 56 49 102 51 54 100 101 51 51 55 48 100 55 56 50 53 101 101 102 102 50 49 50 100 51]
2019/05/09 14:07:02.347 [I]  75b90a781f36de3370d7825eeff212d3
2019/05/09 14:07:02.347 [I]  这是新用户
2019/05/09 15:56:21.432 [I]  LoginLamp 登陆服务 /api/lamp/login
2019/05/09 15:56:21.443 [I]  黑白黑白黑白黑白黑白黑白黑白黑白
2019/05/09 15:56:21.443 [I]  1
2019/05/09 15:56:21.443 [I]  zh_CN
2019/05/09 15:56:21.443 [I]  Zibo
2019/05/09 15:56:21.443 [I]  Shandong
2019/05/09 15:56:21.443 [I]  China
2019/05/09 15:56:21.443 [I]  https://wx.qlogo.cn/mmopen/vi_32/Q0j4TwGTfTKsadsvhc30xdYNtkdfTqCYa7icMhn4sTwganUKTuqWXdMjJdzic7ESDQQHy4PsDBYcJ0d8ibYhYaocg/132
2019/05/09 15:56:21.839 [I]  map[dbNum:2 password: key:lamp conn:127.0.0.1:6379]
2019/05/09 15:56:21.883 [I]  老用户登陆 黑白黑白黑白黑白黑白黑白黑白黑白
2019/05/09 15:56:21.897 [I]  1
2019/05/09 15:56:21.899 [I]  opid插入redis成功
2019/05/09 15:56:21.998 [I]  ConfigLamp  初始化服务 url：/api/lamp/config
2019/05/09 15:56:21.998 [I]  map[key:lamp conn:127.0.0.1:6379 dbNum:2 password:]
2019/05/09 15:56:22.068 [I]  [55 53 98 57 48 97 55 56 49 102 51 54 100 101 51 51 55 48 100 55 56 50 53 101 101 102 102 50 49 50 100 51]
2019/05/09 15:56:22.068 [I]  75b90a781f36de3370d7825eeff212d3
2019/05/09 15:56:22.069 [I]  这是新用户
2019/05/09 15:58:18.625 [I]  LoginLamp 登陆服务 /api/lamp/login
2019/05/09 15:58:18.626 [I]  黑白黑白黑白黑白黑白黑白黑白黑白
2019/05/09 15:58:18.626 [I]  1
2019/05/09 15:58:18.626 [I]  zh_CN
2019/05/09 15:58:18.626 [I]  Zibo
2019/05/09 15:58:18.626 [I]  Shandong
2019/05/09 15:58:18.626 [I]  China
2019/05/09 15:58:18.626 [I]  https://wx.qlogo.cn/mmopen/vi_32/Q0j4TwGTfTKsadsvhc30xdYNtkdfTqCYa7icMhn4sTwganUKTuqWXdMjJdzic7ESDQQHy4PsDBYcJ0d8ibYhYaocg/132
2019/05/09 15:58:18.926 [I]  map[key:lamp conn:127.0.0.1:6379 dbNum:2 password:]
2019/05/09 15:58:18.940 [I]  老用户登陆 黑白黑白黑白黑白黑白黑白黑白黑白
2019/05/09 15:58:18.979 [I]  1
2019/05/09 15:58:18.980 [I]  opid插入redis成功
2019/05/09 15:58:19.550 [I]  ConfigLamp  初始化服务 url：/api/lamp/config
2019/05/09 15:58:19.550 [I]  map[key:lamp conn:127.0.0.1:6379 dbNum:2 password:]
2019/05/09 15:58:19.551 [I]  [55 53 98 57 48 97 55 56 49 102 51 54 100 101 51 51 55 48 100 55 56 50 53 101 101 102 102 50 49 50 100 51]
2019/05/09 15:58:19.551 [I]  75b90a781f36de3370d7825eeff212d3
2019/05/09 15:58:19.551 [I]  这是新用户
2019/05/09 15:58:27.401 [I]  LoginLamp 登陆服务 /api/lamp/login
2019/05/09 15:58:27.401 [I]  黑白黑白黑白黑白黑白黑白黑白黑白
2019/05/09 15:58:27.401 [I]  1
2019/05/09 15:58:27.401 [I]  zh_CN
2019/05/09 15:58:27.401 [I]  Zibo
2019/05/09 15:58:27.401 [I]  Shandong
2019/05/09 15:58:27.401 [I]  China
2019/05/09 15:58:27.401 [I]  https://wx.qlogo.cn/mmopen/vi_32/Q0j4TwGTfTKsadsvhc30xdYNtkdfTqCYa7icMhn4sTwganUKTuqWXdMjJdzic7ESDQQHy4PsDBYcJ0d8ibYhYaocg/132
2019/05/09 15:58:27.485 [I]  map[key:lamp conn:127.0.0.1:6379 dbNum:2 password:]
2019/05/09 15:58:27.509 [I]  老用户登陆 黑白黑白黑白黑白黑白黑白黑白黑白
2019/05/09 15:58:27.536 [I]  1
2019/05/09 15:58:27.537 [I]  opid插入redis成功
2019/05/09 15:58:27.836 [I]  ConfigLamp  初始化服务 url：/api/lamp/config
2019/05/09 15:58:27.837 [I]  map[dbNum:2 password: key:lamp conn:127.0.0.1:6379]
2019/05/09 15:58:27.838 [I]  [55 53 98 57 48 97 55 56 49 102 51 54 100 101 51 51 55 48 100 55 56 50 53 101 101 102 102 50 49 50 100 51]
2019/05/09 15:58:27.838 [I]  75b90a781f36de3370d7825eeff212d3
2019/05/09 15:58:27.838 [I]  这是新用户
2019/05/09 15:58:32.885 [I]  RankingLamp  服务器排名服务  /api/lamp/ranking
2019/05/09 15:58:32.887 [I]  redis连接成功
2019/05/09 15:58:32.887 [I]  获取opid失败 <nil>
2019/05/09 15:58:40.261 [I]  RankingLamp  服务器排名服务  /api/lamp/ranking
2019/05/09 15:58:40.262 [I]  redis连接成功
2019/05/09 15:58:40.262 [I]  获取opid失败 <nil>
2019/05/09 15:58:55.479 [I]  RankingLamp  服务器排名服务  /api/lamp/ranking
2019/05/09 15:58:55.480 [I]  redis连接成功
2019/05/09 15:58:55.480 [I]  获取opid失败 <nil>
2019/05/09 15:59:18.724 [I]  RankingLamp  服务器排名服务  /api/lamp/ranking
2019/05/09 15:59:18.726 [I]  redis连接成功
2019/05/09 15:59:18.726 [I]  获取opid失败 <nil>
2019/05/09 16:01:18.924 [I]  LoginLamp 登陆服务 /api/lamp/login
2019/05/09 16:01:18.924 [I]  黑白黑白黑白黑白黑白黑白黑白黑白
2019/05/09 16:01:18.924 [I]  1
2019/05/09 16:01:18.924 [I]  zh_CN
2019/05/09 16:01:18.924 [I]  Zibo
2019/05/09 16:01:18.924 [I]  Shandong
2019/05/09 16:01:18.924 [I]  China
2019/05/09 16:01:18.924 [I]  https://wx.qlogo.cn/mmopen/vi_32/Q0j4TwGTfTKsadsvhc30xdYNtkdfTqCYa7icMhn4sTwganUKTuqWXdMjJdzic7ESDQQHy4PsDBYcJ0d8ibYhYaocg/132
2019/05/09 16:01:19.208 [I]  map[conn:127.0.0.1:6379 dbNum:2 password: key:lamp]
2019/05/09 16:01:19.225 [I]  老用户登陆 黑白黑白黑白黑白黑白黑白黑白黑白
2019/05/09 16:01:19.241 [I]  1
2019/05/09 16:01:19.241 [I]  opid插入redis成功
2019/05/09 16:01:19.336 [I]  ConfigLamp  初始化服务 url：/api/lamp/config
2019/05/09 16:01:19.336 [I]  map[key:lamp conn:127.0.0.1:6379 dbNum:2 password:]
2019/05/09 16:01:19.338 [I]  [55 53 98 57 48 97 55 56 49 102 51 54 100 101 51 51 55 48 100 55 56 50 53 101 101 102 102 50 49 50 100 51]
2019/05/09 16:01:19.338 [I]  75b90a781f36de3370d7825eeff212d3
2019/05/09 16:01:19.338 [I]  这是新用户
2019/05/09 16:03:11.064 [I]  RankingLamp  服务器排名服务  /api/lamp/ranking
2019/05/09 16:03:11.064 [I]  redis连接成功
2019/05/09 16:03:11.065 [I]  获取opid失败 <nil>
2019/05/09 16:13:01.517 [I]  RankingLamp  服务器排名服务  /api/lamp/ranking
2019/05/09 16:13:01.518 [I]  redis连接成功
2019/05/09 16:13:01.518 [I]  获取opid失败 <nil>
2019/05/09 18:40:10.807 [I]  LoginLamp 登陆服务 /api/lamp/login
2019/05/09 18:40:10.807 [I]  黑白黑白黑白黑白黑白黑白黑白黑白
2019/05/09 18:40:10.807 [I]  1
2019/05/09 18:40:10.807 [I]  zh_CN
2019/05/09 18:40:10.807 [I]  Zibo
2019/05/09 18:40:10.807 [I]  Shandong
2019/05/09 18:40:10.807 [I]  China
2019/05/09 18:40:10.807 [I]  https://wx.qlogo.cn/mmopen/vi_32/Q0j4TwGTfTKsadsvhc30xdYNtkdfTqCYa7icMhn4sTwganUKTuqWXdMjJdzic7ESDQQHy4PsDBYcJ0d8ibYhYaocg/132
2019/05/09 18:40:11.095 [I]  map[conn:127.0.0.1:6379 dbNum:2 password: key:lamp]
2019/05/09 18:40:11.116 [I]  老用户登陆 黑白黑白黑白黑白黑白黑白黑白黑白
2019/05/09 18:40:11.130 [I]  1
2019/05/09 18:40:11.130 [I]  opid插入redis成功
2019/05/09 18:40:11.231 [I]  ConfigLamp  初始化服务 url：/api/lamp/config
2019/05/09 18:40:11.231 [I]  map[key:lamp conn:127.0.0.1:6379 dbNum:2 password:]
2019/05/09 18:40:11.233 [I]  [55 53 98 57 48 97 55 56 49 102 51 54 100 101 51 51 55 48 100 55 56 50 53 101 101 102 102 50 49 50 100 51]
2019/05/09 18:40:11.233 [I]  75b90a781f36de3370d7825eeff212d3
2019/05/09 18:40:11.233 [I]  这是新用户
2019/05/09 18:43:19.514 [I]  LoginLamp 登陆服务 /api/lamp/login
2019/05/09 18:43:19.515 [I]  黑白黑白黑白黑白黑白黑白黑白黑白
2019/05/09 18:43:19.515 [I]  1
2019/05/09 18:43:19.515 [I]  zh_CN
2019/05/09 18:43:19.515 [I]  Zibo
2019/05/09 18:43:19.515 [I]  Shandong
2019/05/09 18:43:19.515 [I]  China
2019/05/09 18:43:19.515 [I]  https://wx.qlogo.cn/mmopen/vi_32/Q0j4TwGTfTKsadsvhc30xdYNtkdfTqCYa7icMhn4sTwganUKTuqWXdMjJdzic7ESDQQHy4PsDBYcJ0d8ibYhYaocg/132
2019/05/09 18:43:19.873 [I]  map[key:lamp conn:127.0.0.1:6379 dbNum:2 password:]
2019/05/09 18:43:29.155 [I]  LoginLamp 登陆服务 /api/lamp/login
2019/05/09 18:43:29.155 [I]  黑白黑白黑白黑白黑白黑白黑白黑白
2019/05/09 18:43:29.155 [I]  1
2019/05/09 18:43:29.155 [I]  zh_CN
2019/05/09 18:43:29.155 [I]  Zibo
2019/05/09 18:43:29.155 [I]  Shandong
2019/05/09 18:43:29.155 [I]  China
2019/05/09 18:43:29.155 [I]  https://wx.qlogo.cn/mmopen/vi_32/Q0j4TwGTfTKsadsvhc30xdYNtkdfTqCYa7icMhn4sTwganUKTuqWXdMjJdzic7ESDQQHy4PsDBYcJ0d8ibYhYaocg/132
2019/05/09 18:43:29.537 [I]  map[key:lamp conn:127.0.0.1:6379 dbNum:2 password:]
2019/05/09 18:43:34.635 [I]  老用户登陆 黑白黑白黑白黑白黑白黑白黑白黑白
2019/05/09 18:43:34.648 [I]  1
2019/05/09 18:43:34.648 [I]  opid插入redis成功
2019/05/09 18:43:48.587 [I]  LoginLamp 登陆服务 /api/lamp/login
2019/05/09 18:43:48.587 [I]  黑白黑白黑白黑白黑白黑白黑白黑白
2019/05/09 18:43:48.587 [I]  1
2019/05/09 18:43:48.587 [I]  zh_CN
2019/05/09 18:43:48.587 [I]  Zibo
2019/05/09 18:43:48.587 [I]  Shandong
2019/05/09 18:43:48.587 [I]  China
2019/05/09 18:43:48.587 [I]  https://wx.qlogo.cn/mmopen/vi_32/Q0j4TwGTfTKsadsvhc30xdYNtkdfTqCYa7icMhn4sTwganUKTuqWXdMjJdzic7ESDQQHy4PsDBYcJ0d8ibYhYaocg/132
2019/05/09 18:43:48.680 [I]  map[password: key:lamp conn:127.0.0.1:6379 dbNum:2]
2019/05/09 18:43:48.712 [I]  老用户登陆 黑白黑白黑白黑白黑白黑白黑白黑白
2019/05/09 18:43:48.725 [I]  1
2019/05/09 18:43:48.725 [I]  opid插入redis成功
2019/05/09 18:43:48.819 [I]  ConfigLamp  初始化服务 url：/api/lamp/config
2019/05/09 18:43:48.819 [I]  map[password: key:lamp conn:127.0.0.1:6379 dbNum:2]
2019/05/09 18:43:48.822 [I]  [55 53 98 57 48 97 55 56 49 102 51 54 100 101 51 51 55 48 100 55 56 50 53 101 101 102 102 50 49 50 100 51]
2019/05/09 18:43:48.823 [I]  75b90a781f36de3370d7825eeff212d3
2019/05/09 18:43:48.823 [I]  这是新用户
2019/05/09 18:43:52.704 [I]  RankingLamp  服务器排名服务  /api/lamp/ranking
2019/05/09 18:43:52.708 [I]  redis连接成功
2019/05/09 18:43:52.708 [I]  获取opid失败 <nil>
2019/05/09 18:57:02.638 [I]  LoginLamp 登陆服务 /api/lamp/login
2019/05/09 18:57:02.638 [I]  黑白黑白黑白黑白黑白黑白黑白黑白
2019/05/09 18:57:02.638 [I]  1
2019/05/09 18:57:02.638 [I]  zh_CN
2019/05/09 18:57:02.638 [I]  Zibo
2019/05/09 18:57:02.638 [I]  Shandong
2019/05/09 18:57:02.638 [I]  China
2019/05/09 18:57:02.638 [I]  https://wx.qlogo.cn/mmopen/vi_32/Q0j4TwGTfTKsadsvhc30xdYNtkdfTqCYa7icMhn4sTwganUKTuqWXdMjJdzic7ESDQQHy4PsDBYcJ0d8ibYhYaocg/132
2019/05/09 18:57:03.136 [I]  map[key:lamp conn:127.0.0.1:6379 dbNum:2 password:]
2019/05/09 18:57:03.151 [I]  老用户登陆 黑白黑白黑白黑白黑白黑白黑白黑白
2019/05/09 18:57:03.167 [I]  1
2019/05/09 18:57:03.168 [I]  opid插入redis成功
2019/05/09 18:57:03.259 [I]  ConfigLamp  初始化服务 url：/api/lamp/config
2019/05/09 18:57:03.259 [I]  map[conn:127.0.0.1:6379 dbNum:2 password: key:lamp]
2019/05/09 18:57:03.259 [I]  [55 53 98 57 48 97 55 56 49 102 51 54 100 101 51 51 55 48 100 55 56 50 53 101 101 102 102 50 49 50 100 51]
2019/05/09 18:57:03.259 [I]  75b90a781f36de3370d7825eeff212d3
2019/05/09 18:57:03.259 [I]  这是新用户
2019/05/09 18:57:06.128 [I]  RankingLamp  服务器排名服务  /api/lamp/ranking
2019/05/09 18:57:06.128 [I]  redis连接成功
2019/05/09 18:57:06.128 [I]  获取opid失败 <nil>
2019/05/09 18:59:03.825 [I]  老用户登陆 
2019/05/09 18:59:03.847 [I]  0
2019/05/09 18:59:03.847 [I]  opid插入redis成功
2019/05/09 19:09:33.411 [I]  LoginLamp 登陆服务 /api/lamp/login
2019/05/09 19:09:33.412 [I]  黑白黑白黑白黑白黑白黑白黑白黑白
2019/05/09 19:09:33.412 [I]  1
2019/05/09 19:09:33.412 [I]  zh_CN
2019/05/09 19:09:33.412 [I]  Zibo
2019/05/09 19:09:33.412 [I]  Shandong
2019/05/09 19:09:33.412 [I]  China
2019/05/09 19:09:33.412 [I]  https://wx.qlogo.cn/mmopen/vi_32/Q0j4TwGTfTKsadsvhc30xdYNtkdfTqCYa7icMhn4sTwganUKTuqWXdMjJdzic7ESDQQHy4PsDBYcJ0d8ibYhYaocg/132
2019/05/09 19:09:33.657 [I]  map[key:lamp conn:127.0.0.1:6379 dbNum:2 password:]
2019/05/09 19:09:33.673 [I]  老用户登陆 黑白黑白黑白黑白黑白黑白黑白黑白
2019/05/09 19:09:33.688 [I]  1
2019/05/09 19:09:33.688 [I]  opid插入redis成功
2019/05/09 19:09:33.749 [I]  ConfigLamp  初始化服务 url：/api/lamp/config
2019/05/09 19:09:33.749 [I]  map[key:lamp conn:127.0.0.1:6379 dbNum:2 password:]
2019/05/09 19:09:33.749 [I]  [55 53 98 57 48 97 55 56 49 102 51 54 100 101 51 51 55 48 100 55 56 50 53 101 101 102 102 50 49 50 100 51]
2019/05/09 19:09:33.750 [I]  75b90a781f36de3370d7825eeff212d3
2019/05/09 19:09:33.750 [I]  这是新用户
2019/05/09 19:09:38.974 [I]  RankingLamp  服务器排名服务  /api/lamp/ranking
2019/05/09 19:09:38.975 [I]  redis连接成功
2019/05/09 19:09:38.975 [I]  获取opid失败 <nil>
2019/05/09 19:09:51.293 [I]  GoldLamp  金币变化服务  /api/lamp/gold
2019/05/09 19:09:51.293 [I]  redis连接成功
2019/05/09 19:09:51.293 [I]  获取opid失败 <nil>
2019/05/09 19:09:52.868 [I]  RankingLamp  服务器排名服务  /api/lamp/ranking
2019/05/09 19:09:52.869 [I]  redis连接成功
2019/05/09 19:09:52.869 [I]  获取opid失败 <nil>
2019/05/09 19:11:51.854 [I]  LoginLamp 登陆服务 /api/lamp/login
2019/05/09 19:11:51.854 [I]  黑白黑白黑白黑白黑白黑白黑白黑白
2019/05/09 19:11:51.854 [I]  1
2019/05/09 19:11:51.854 [I]  zh_CN
2019/05/09 19:11:51.854 [I]  Zibo
2019/05/09 19:11:51.854 [I]  Shandong
2019/05/09 19:11:51.854 [I]  China
2019/05/09 19:11:51.854 [I]  https://wx.qlogo.cn/mmopen/vi_32/Q0j4TwGTfTKsadsvhc30xdYNtkdfTqCYa7icMhn4sTwganUKTuqWXdMjJdzic7ESDQQHy4PsDBYcJ0d8ibYhYaocg/132
2019/05/09 19:11:52.109 [I]  map[key:lamp conn:127.0.0.1:6379 dbNum:2 password:]
2019/05/09 19:11:52.134 [I]  老用户登陆 黑白黑白黑白黑白黑白黑白黑白黑白
2019/05/09 19:11:52.147 [I]  1
2019/05/09 19:11:52.147 [I]  opid插入redis成功
2019/05/09 19:11:52.245 [I]  ConfigLamp  初始化服务 url：/api/lamp/config
2019/05/09 19:11:52.245 [I]  map[key:lamp conn:127.0.0.1:6379 dbNum:2 password:]
2019/05/09 19:11:52.245 [I]  [55 53 98 57 48 97 55 56 49 102 51 54 100 101 51 51 55 48 100 55 56 50 53 101 101 102 102 50 49 50 100 51]
2019/05/09 19:11:52.245 [I]  75b90a781f36de3370d7825eeff212d3
2019/05/09 19:11:52.245 [I]  这是新用户
2019/05/09 19:11:56.363 [I]  GoldLamp  金币变化服务  /api/lamp/gold
2019/05/09 19:11:56.367 [I]  redis连接成功
2019/05/09 19:11:56.368 [I]  获取opid失败 <nil>
2019/05/09 19:11:57.378 [I]  RankingLamp  服务器排名服务  /api/lamp/ranking
2019/05/09 19:11:57.380 [I]  redis连接成功
2019/05/09 19:11:57.381 [I]  获取opid失败 <nil>
2019/05/09 19:37:59.342 [I]  LoginLamp 登陆服务 /api/lamp/login
2019/05/09 19:37:59.342 [I]  黑白黑白黑白黑白黑白黑白黑白黑白
2019/05/09 19:37:59.342 [I]  1
2019/05/09 19:37:59.342 [I]  zh_CN
2019/05/09 19:37:59.342 [I]  Zibo
2019/05/09 19:37:59.342 [I]  Shandong
2019/05/09 19:37:59.342 [I]  China
2019/05/09 19:37:59.342 [I]  https://wx.qlogo.cn/mmopen/vi_32/Q0j4TwGTfTKsadsvhc30xdYNtkdfTqCYa7icMhn4sTwganUKTuqWXdMjJdzic7ESDQQHy4PsDBYcJ0d8ibYhYaocg/132
2019/05/09 19:37:59.614 [I]  map[key:lamp conn:127.0.0.1:6379 dbNum:2 password:]
2019/05/09 19:37:59.628 [I]  老用户登陆 黑白黑白黑白黑白黑白黑白黑白黑白
2019/05/09 19:37:59.639 [I]  1
2019/05/09 19:37:59.639 [I]  opid插入redis成功
2019/05/09 19:37:59.731 [I]  ConfigLamp  初始化服务 url：/api/lamp/config
2019/05/09 19:37:59.731 [I]  map[key:lamp conn:127.0.0.1:6379 dbNum:2 password:]
2019/05/09 19:37:59.732 [I]  [55 53 98 57 48 97 55 56 49 102 51 54 100 101 51 51 55 48 100 55 56 50 53 101 101 102 102 50 49 50 100 51]
2019/05/09 19:37:59.732 [I]  75b90a781f36de3370d7825eeff212d3
2019/05/09 19:37:59.732 [I]  这是新用户
2019/05/09 19:38:02.924 [I]  GoldLamp  金币变化服务  /api/lamp/gold
2019/05/09 19:38:02.926 [I]  redis连接成功
2019/05/09 19:38:02.926 [I]  获取opid失败 <nil>
2019/05/09 19:38:03.828 [I]  RankingLamp  服务器排名服务  /api/lamp/ranking
2019/05/09 19:38:03.828 [I]  redis连接成功
2019/05/09 19:38:03.828 [I]  获取opid失败 <nil>
2019/05/09 20:30:35.505 [I]  ConfigLamp  初始化服务 url：/api/lamp/config
2019/05/09 20:30:35.505 [I]  map[password: key:lamp conn:127.0.0.1:6379 dbNum:2]
2019/05/09 20:30:35.510 [I]  [116 101 115 116]
2019/05/09 20:30:35.510 [I]  test
2019/05/09 20:30:35.510 [I]  这个老用户
2019/05/09 20:31:52.639 [I]  ConfigLamp  初始化服务 url：/api/lamp/config
2019/05/09 20:31:52.639 [I]  map[key:lamp conn:127.0.0.1:6379 dbNum:2 password:]
2019/05/09 20:31:52.643 [I]  [116 101 115 116]
2019/05/09 20:31:52.643 [I]  test
2019/05/09 20:31:52.643 [I]  这个老用户
2019/05/09 20:34:22.300 [I]  ConfigLamp  初始化服务 url：/api/lamp/config
2019/05/09 20:34:22.300 [I]  map[key:lamp conn:127.0.0.1:6379 dbNum:2 password:]
2019/05/09 20:34:22.301 [I]  [116 101 115 116]
2019/05/09 20:34:22.301 [I]  test
2019/05/09 20:34:22.301 [I]  这个老用户
2019/05/09 20:34:46.070 [I]  ConfigLamp  初始化服务 url：/api/lamp/config
2019/05/09 20:34:46.070 [I]  map[key:lamp conn:127.0.0.1:6379 dbNum:2 password:]
2019/05/09 20:34:46.071 [I]  [116 101 115 116]
2019/05/09 20:34:46.071 [I]  test
2019/05/09 20:34:46.071 [I]  这个老用户
2019/05/09 20:37:27.550 [I]  ConfigLamp  初始化服务 url：/api/lamp/config
2019/05/09 20:37:27.550 [I]  map[key:lamp conn:127.0.0.1:6379 dbNum:2 password:]
2019/05/09 20:37:27.552 [I]  <nil>
2019/05/09 20:37:27.552 [I]  获取opid失败
2019/05/09 20:37:33.246 [I]  ConfigLamp  初始化服务 url：/api/lamp/config
2019/05/09 20:37:33.247 [I]  map[key:lamp conn:127.0.0.1:6379 dbNum:2 password:]
2019/05/09 20:37:33.247 [I]  <nil>
2019/05/09 20:37:33.247 [I]  获取opid失败
2019/05/09 20:42:29.716 [I]  ConfigLamp  初始化服务 url：/api/lamp/config
2019/05/09 20:42:29.716 [I]  map[key:lamp conn:127.0.0.1:6379 dbNum:2 password:]
2019/05/09 20:42:29.718 [I]  [116 101 115 116]
2019/05/09 20:42:29.718 [I]  test
2019/05/09 20:42:40.427 [I]  ConfigLamp  初始化服务 url：/api/lamp/config
2019/05/09 20:42:40.427 [I]  map[dbNum:2 password: key:lamp conn:127.0.0.1:6379]
2019/05/09 20:42:40.427 [I]  [116 101 115 116]
2019/05/09 20:42:40.427 [I]  test
2019/05/09 20:44:37.578 [I]  ConfigLamp  初始化服务 url：/api/lamp/config
2019/05/09 20:44:37.578 [I]  map[password: key:lamp conn:127.0.0.1:6379 dbNum:2]
2019/05/09 20:44:37.579 [I]  [116 101 115 116]
2019/05/09 20:44:37.579 [I]  test
2019/05/09 20:44:37.579 [I]  [123 34 100 97 116 97 34 58 123 34 77 97 120 76 101 118 101 108 34 58 34 49 34 44 34 67 117 114 114 101 110 116 76 101 118 101 108 34 58 34 49 34 44 34 67 117 114 114 101 110 116 76 97 109 112 67 111 100 101 34 58 34 49 48 48 49 34 44 34 85 115 101 114 77 111 110 101 121 34 58 34 48 34 125 125] 
2019/05/09 20:46:58.097 [I]  ConfigLamp  初始化服务 url：/api/lamp/config
2019/05/09 20:46:58.104 [I]  map[key:lamp conn:127.0.0.1:6379 dbNum:2 password:]
2019/05/09 20:46:58.105 [I]  <nil>
2019/05/09 20:46:58.105 [I]  获取opid失败
2019/05/09 20:47:10.161 [I]  ConfigLamp  初始化服务 url：/api/lamp/config
2019/05/09 20:47:10.161 [I]  map[dbNum:2 password: key:lamp conn:127.0.0.1:6379]
2019/05/09 20:47:10.161 [I]  <nil>
2019/05/09 20:47:10.161 [I]  获取opid失败
2019/05/09 20:49:15.188 [I]  ConfigLamp  初始化服务 url：/api/lamp/config
2019/05/09 20:49:15.194 [I]  map[dbNum:2 password: key:lamp conn:127.0.0.1:6379]
2019/05/09 20:49:15.195 [I]  [55 53 98 57 48 97 55 56 49 102 51 54 100 101 51 51 55 48 100 55 56 50 53 101 101 102 102 50 49 50 100 51]
2019/05/09 20:49:15.195 [I]  75b90a781f36de3370d7825eeff212d3
2019/05/09 20:49:15.195 [I]  <nil> 
2019/05/09 20:49:15.195 [I]  这是新用户
2019/05/09 20:49:15.195 [I]  map[CurrentLampCode:1001 UserMoney:0 MaxLevel:1 CurrentLevel:1] 
2019/05/09 20:50:56.280 [I]  ConfigLamp  初始化服务 url：/api/lamp/config
2019/05/09 20:50:56.280 [I]  map[dbNum:2 password: key:lamp conn:127.0.0.1:6379]
2019/05/09 20:50:56.281 [I]  [55 53 98 57 48 97 55 56 49 102 51 54 100 101 51 51 55 48 100 55 56 50 53 101 101 102 102 50 49 50 100 51]
2019/05/09 20:50:56.281 [I]  75b90a781f36de3370d7825eeff212d3
2019/05/09 20:50:56.281 [I]  <nil> 
2019/05/09 20:50:56.281 [I]  这是新用户
2019/05/09 20:50:56.281 [I]  data是 map[MaxLevel:1 CurrentLevel:1 CurrentLampCode:1001 UserMoney:0] 
2019/05/09 21:01:09.604 [I]  ConfigLamp  初始化服务 url：/api/lamp/config
2019/05/09 21:01:09.604 [I]  map[key:lamp conn:127.0.0.1:6379 dbNum:2 password:]
2019/05/09 21:01:09.605 [I]  [55 53 98 57 48 97 55 56 49 102 51 54 100 101 51 51 55 48 100 55 56 50 53 101 101 102 102 50 49 50 100 51]
2019/05/09 21:01:09.605 [I]  75b90a781f36de3370d7825eeff212d3
2019/05/09 21:01:09.605 [I]  <nil> 
2019/05/09 21:01:09.605 [I]  这是新用户
2019/05/09 21:02:46.549 [I]  ConfigLamp  初始化服务 url：/api/lamp/config
2019/05/09 21:02:46.549 [I]  map[key:lamp conn:127.0.0.1:6379 dbNum:2 password:]
2019/05/09 21:02:46.549 [I]  [55 53 98 57 48 97 55 56 49 102 51 54 100 101 51 51 55 48 100 55 56 50 53 101 101 102 102 50 49 50 100 51]
2019/05/09 21:02:46.549 [I]  75b90a781f36de3370d7825eeff212d3
2019/05/09 21:02:46.549 [I]  <nil> 
2019/05/09 21:02:46.549 [I]  这是新用户
2019/05/09 21:02:46.550 [I]  data是 map[MaxLevel:1 CurrentLevel:1 CurrentLampCode:1001 UserMoney:0] 
2019/05/09 21:02:46.550 [I]  CurrentLevel 1 
2019/05/09 21:02:46.550 [I]  CurrentLampCode 1001 
2019/05/09 21:02:46.550 [I]  UserMoney 0 
2019/05/09 21:02:46.550 [I]  MaxLevel 1 
2019/05/09 21:02:51.549 [I]  ConfigLamp  初始化服务 url：/api/lamp/config
2019/05/09 21:02:51.549 [I]  map[key:lamp conn:127.0.0.1:6379 dbNum:2 password:]
2019/05/09 21:02:51.550 [I]  [55 53 98 57 48 97 55 56 49 102 51 54 100 101 51 51 55 48 100 55 56 50 53 101 101 102 102 50 49 50 100 51]
2019/05/09 21:02:51.550 [I]  75b90a781f36de3370d7825eeff212d3
2019/05/09 21:02:51.550 [I]  <nil> 
2019/05/09 21:02:51.550 [I]  这是新用户
2019/05/09 21:02:51.550 [I]  data是 map[MaxLevel:1 CurrentLevel:1 CurrentLampCode:1001 UserMoney:0] 
2019/05/09 21:02:51.550 [I]  UserMoney 0 
2019/05/09 21:02:51.550 [I]  MaxLevel 1 
2019/05/09 21:02:51.550 [I]  CurrentLevel 1 
2019/05/09 21:02:51.550 [I]  CurrentLampCode 1001 
2019/05/09 21:02:53.085 [I]  ConfigLamp  初始化服务 url：/api/lamp/config
2019/05/09 21:02:53.085 [I]  map[password: key:lamp conn:127.0.0.1:6379 dbNum:2]
2019/05/09 21:02:53.088 [I]  [55 53 98 57 48 97 55 56 49 102 51 54 100 101 51 51 55 48 100 55 56 50 53 101 101 102 102 50 49 50 100 51]
2019/05/09 21:02:53.088 [I]  75b90a781f36de3370d7825eeff212d3
2019/05/09 21:02:53.088 [I]  <nil> 
2019/05/09 21:02:53.088 [I]  这是新用户
2019/05/09 21:02:53.089 [I]  data是 map[CurrentLampCode:1001 UserMoney:0 MaxLevel:1 CurrentLevel:1] 
2019/05/09 21:02:53.089 [I]  MaxLevel 1 
2019/05/09 21:02:53.089 [I]  CurrentLevel 1 
2019/05/09 21:02:53.089 [I]  CurrentLampCode 1001 
2019/05/09 21:02:53.089 [I]  UserMoney 0 
2019/05/09 21:08:55.277 [I]  ConfigLamp  初始化服务 url：/api/lamp/config
2019/05/09 21:08:55.277 [I]  map[key:lamp conn:127.0.0.1:6379 dbNum:2 password:]
2019/05/09 21:08:55.278 [I]  [55 53 98 57 48 97 55 56 49 102 51 54 100 101 51 51 55 48 100 55 56 50 53 101 101 102 102 50 49 50 100 51]
2019/05/09 21:08:55.278 [I]  75b90a781f36de3370d7825eeff212d3
2019/05/09 21:08:55.278 [I]  <nil> 
2019/05/09 21:08:55.278 [I]  这是新用户
2019/05/09 21:08:55.278 [I]  data是 map[MaxLevel:1 CurrentLevel:1 CurrentLampCode:1001 UserMoney:0] 
2019/05/09 21:08:55.278 [I]  MaxLevel 1 
2019/05/09 21:08:55.278 [I]  CurrentLevel 1 
2019/05/09 21:08:55.278 [I]  CurrentLampCode 1001 
2019/05/09 21:08:55.278 [I]  UserMoney 0 
2019/05/09 21:08:55.278 [I]  {1 1 1001 0 {} [] 0} 
2019/05/09 21:09:16.386 [I]  ConfigLamp  初始化服务 url：/api/lamp/config
2019/05/09 21:09:16.386 [I]  map[conn:127.0.0.1:6379 dbNum:2 password: key:lamp]
2019/05/09 21:09:16.388 [I]  [55 53 98 57 48 97 55 56 49 102 51 54 100 101 51 51 55 48 100 55 56 50 53 101 101 102 102 50 49 50 100 51]
2019/05/09 21:09:16.388 [I]  75b90a781f36de3370d7825eeff212d3
2019/05/09 21:09:16.388 [I]  <nil> 
2019/05/09 21:09:16.388 [I]  这是新用户
2019/05/09 21:09:16.389 [I]  data是 map[MaxLevel:1 CurrentLevel:1 CurrentLampCode:1001 UserMoney:0] 
2019/05/09 21:09:16.389 [I]  CurrentLevel 1 
2019/05/09 21:09:16.389 [I]  CurrentLampCode 1001 
2019/05/09 21:09:16.389 [I]  UserMoney 0 
2019/05/09 21:09:16.389 [I]  MaxLevel 1 
2019/05/09 21:09:16.389 [I]  {1 1 1001 0 {} [] 0} 
2019/05/09 21:10:19.975 [I]  ConfigLamp  初始化服务 url：/api/lamp/config
2019/05/09 21:10:19.975 [I]  map[password: key:lamp conn:127.0.0.1:6379 dbNum:2]
2019/05/09 21:10:19.976 [I]  [55 53 98 57 48 97 55 56 49 102 51 54 100 101 51 51 55 48 100 55 56 50 53 101 101 102 102 50 49 50 100 51]
2019/05/09 21:10:19.976 [I]  75b90a781f36de3370d7825eeff212d3
2019/05/09 21:10:19.976 [I]  <nil> 
2019/05/09 21:10:19.976 [I]  这是新用户
2019/05/09 21:10:19.976 [I]  data是 map[MaxLevel:1 CurrentLevel:1 CurrentLampCode:1001 UserMoney:0] 
2019/05/09 21:10:19.976 [I]  UserMoney 0 
2019/05/09 21:10:19.976 [I]  MaxLevel 1 
2019/05/09 21:10:19.976 [I]  CurrentLevel 1 
2019/05/09 21:10:19.976 [I]  CurrentLampCode 1001 
2019/05/09 21:10:19.976 [I]  {1 1 1001 0 {} [] 0} 
2019/05/09 21:10:25.763 [I]  ConfigLamp  初始化服务 url：/api/lamp/config
2019/05/09 21:10:25.763 [I]  map[key:lamp conn:127.0.0.1:6379 dbNum:2 password:]
2019/05/09 21:10:25.764 [I]  [55 53 98 57 48 97 55 56 49 102 51 54 100 101 51 51 55 48 100 55 56 50 53 101 101 102 102 50 49 50 100 51]
2019/05/09 21:10:25.764 [I]  75b90a781f36de3370d7825eeff212d3
2019/05/09 21:10:25.764 [I]  <nil> 
2019/05/09 21:10:25.764 [I]  这是新用户
2019/05/09 21:10:25.764 [I]  data是 map[MaxLevel:1 CurrentLevel:1 CurrentLampCode:1001 UserMoney:0] 
2019/05/09 21:10:25.764 [I]  MaxLevel 1 
2019/05/09 21:10:25.764 [I]  CurrentLevel 1 
2019/05/09 21:10:25.764 [I]  CurrentLampCode 1001 
2019/05/09 21:10:25.764 [I]  UserMoney 0 
2019/05/09 21:10:25.764 [I]  {1 1 1001 0 {} [] 0} 
2019/05/09 21:11:18.968 [I]  ConfigLamp  初始化服务 url：/api/lamp/config
2019/05/09 21:11:18.968 [I]  map[conn:127.0.0.1:6379 dbNum:2 password: key:lamp]
2019/05/09 21:11:18.988 [I]  [55 53 98 57 48 97 55 56 49 102 51 54 100 101 51 51 55 48 100 55 56 50 53 101 101 102 102 50 49 50 100 51]
2019/05/09 21:11:18.988 [I]  75b90a781f36de3370d7825eeff212d3
2019/05/09 21:11:18.988 [I]  <nil> 
2019/05/09 21:11:18.988 [I]  这是新用户
2019/05/09 21:11:18.988 [I]  data是 map[CurrentLampCode:1001 UserMoney:0 MaxLevel:1 CurrentLevel:1] 
2019/05/09 21:11:18.988 [I]  MaxLevel 1 
2019/05/09 21:11:18.988 [I]  CurrentLevel 1 
2019/05/09 21:11:18.988 [I]  CurrentLampCode 1001 
2019/05/09 21:11:18.988 [I]  UserMoney 0 
2019/05/09 21:11:18.988 [I]  {1 1 1001 0 {} [] 0} 
2019/05/09 21:14:30.989 [I]  ConfigLamp  初始化服务 url：/api/lamp/config
2019/05/09 21:14:30.989 [I]  map[key:lamp conn:127.0.0.1:6379 dbNum:2 password:]
2019/05/09 21:14:30.989 [I]  [55 53 98 57 48 97 55 56 49 102 51 54 100 101 51 51 55 48 100 55 56 50 53 101 101 102 102 50 49 50 100 51]
2019/05/09 21:14:30.994 [I]  75b90a781f36de3370d7825eeff212d3
2019/05/09 21:14:30.995 [I]  <nil> 
2019/05/09 21:14:30.996 [I]  这是新用户
2019/05/09 21:14:30.996 [I]  data是 map[MaxLevel:1 CurrentLevel:1 CurrentLampCode:1001 UserMoney:0] 
2019/05/09 21:14:30.996 [I]  CurrentLevel 1 
2019/05/09 21:14:30.996 [I]  CurrentLampCode 1001 
2019/05/09 21:14:30.996 [I]  UserMoney 0 
2019/05/09 21:14:30.996 [I]  MaxLevel 1 
2019/05/09 21:14:30.996 [I]  {1 1 1001 0 {} [] 0} 
2019/05/09 21:14:34.297 [I]  ConfigLamp  初始化服务 url：/api/lamp/config
2019/05/09 21:14:34.297 [I]  map[key:lamp conn:127.0.0.1:6379 dbNum:2 password:]
2019/05/09 21:14:34.297 [I]  [55 53 98 57 48 97 55 56 49 102 51 54 100 101 51 51 55 48 100 55 56 50 53 101 101 102 102 50 49 50 100 51]
2019/05/09 21:14:34.297 [I]  75b90a781f36de3370d7825eeff212d3
2019/05/09 21:14:34.297 [I]  <nil> 
2019/05/09 21:14:34.297 [I]  这是新用户
2019/05/09 21:14:34.298 [I]  data是 map[CurrentLevel:1 CurrentLampCode:1001 UserMoney:0 MaxLevel:1] 
2019/05/09 21:14:34.298 [I]  UserMoney 0 
2019/05/09 21:14:34.298 [I]  MaxLevel 1 
2019/05/09 21:14:34.298 [I]  CurrentLevel 1 
2019/05/09 21:14:34.298 [I]  CurrentLampCode 1001 
2019/05/09 21:14:34.298 [I]  {1 1 1001 0 {} [] 0} 
2019/05/09 21:21:16.818 [I]  ConfigLamp  初始化服务 url：/api/lamp/config
2019/05/09 21:21:16.818 [I]  map[key:lamp conn:127.0.0.1:6379 dbNum:2 password:]
2019/05/09 21:21:16.818 [I]  [55 53 98 57 48 97 55 56 49 102 51 54 100 101 51 51 55 48 100 55 56 50 53 101 101 102 102 50 49 50 100 51]
2019/05/09 21:21:16.818 [I]  75b90a781f36de3370d7825eeff212d3
2019/05/09 21:21:16.819 [I]  <nil> 
2019/05/09 21:21:16.819 [I]  这是新用户
2019/05/09 21:21:16.819 [I]  data是 map[MaxLevel:1 CurrentLevel:1 CurrentLampCode:1001 UserMoney:0] 
2019/05/09 21:21:16.819 [I]  UserMoney 0 
2019/05/09 21:21:16.819 [I]  MaxLevel 1 
2019/05/09 21:21:16.819 [I]  CurrentLevel 1 
2019/05/09 21:21:16.819 [I]  CurrentLampCode 1001 
2019/05/09 21:21:16.819 [I]  {1 1 1001 0 {} [] 0} 
2019/05/09 21:27:42.882 [I]  ConfigLamp  初始化服务 url：/api/lamp/config
2019/05/09 21:27:42.882 [I]  map[key:lamp conn:127.0.0.1:6379 dbNum:2 password:]
2019/05/09 21:27:42.882 [I]  [55 53 98 57 48 97 55 56 49 102 51 54 100 101 51 51 55 48 100 55 56 50 53 101 101 102 102 50 49 50 100 51]
2019/05/09 21:27:42.882 [I]  75b90a781f36de3370d7825eeff212d3
2019/05/09 21:33:04.910 [I]  ConfigLamp  初始化服务 url：/api/lamp/config
2019/05/09 21:33:04.910 [I]  map[password: key:lamp conn:127.0.0.1:6379 dbNum:2]
2019/05/09 21:33:04.914 [I]  [55 53 98 57 48 97 55 56 49 102 51 54 100 101 51 51 55 48 100 55 56 50 53 101 101 102 102 50 49 50 100 51]
2019/05/09 21:33:04.914 [I]  75b90a781f36de3370d7825eeff212d3
2019/05/09 21:33:04.962 [I]  这个老用户
2019/05/09 21:35:23.372 [I]  ConfigLamp  初始化服务 url：/api/lamp/config
2019/05/09 21:35:23.372 [I]  map[dbNum:2 password: key:lamp conn:127.0.0.1:6379]
2019/05/09 21:35:23.372 [I]  [55 53 98 57 48 97 55 56 49 102 51 54 100 101 51 51 55 48 100 55 56 50 53 101 101 102 102 50 49 50 100 51]
2019/05/09 21:35:23.372 [I]  75b90a781f36de3370d7825eeff212d3
2019/05/09 21:35:23.466 [I]  这个老用户
2019/05/09 21:35:23.466 [I]  {1 owwMs5J_M-dFFsMAOORFN8Fj35QM  75b90a781f36de3370d7825eeff212d3 黑白黑白黑白黑白黑白黑白黑白黑白    t+wFGKhuPZqYXIb012OJ2g== 7fa6dc0680e5e3552feb7cf8899f2734051d20d8d93b2fb20ba6cb4ebdb416d6    https://wx.qlogo.cn/mmopen/vi_32/Q0j4TwGTfTKsadsvhc30xdYNtkdfTqCYa7icMhn4sTwganUKTuqWXdMjJdzic7ESDQQHy4PsDBYcJ0d8ibYhYaocg/132 1557403521        [] []} 
2019/05/09 21:35:31.144 [I]  ConfigLamp  初始化服务 url：/api/lamp/config
2019/05/09 21:35:31.144 [I]  map[key:lamp conn:127.0.0.1:6379 dbNum:2 password:]
2019/05/09 21:35:31.145 [I]  [55 53 98 57 48 97 55 56 49 102 51 54 100 101 51 51 55 48 100 55 56 50 53 101 101 102 102 50 49 50 100 51]
2019/05/09 21:35:31.145 [I]  75b90a781f36de3370d7825eeff212d3
2019/05/09 21:35:31.170 [I]  这个老用户
2019/05/09 21:35:31.170 [I]  {1 owwMs5J_M-dFFsMAOORFN8Fj35QM  75b90a781f36de3370d7825eeff212d3 黑白黑白黑白黑白黑白黑白黑白黑白    t+wFGKhuPZqYXIb012OJ2g== 7fa6dc0680e5e3552feb7cf8899f2734051d20d8d93b2fb20ba6cb4ebdb416d6    https://wx.qlogo.cn/mmopen/vi_32/Q0j4TwGTfTKsadsvhc30xdYNtkdfTqCYa7icMhn4sTwganUKTuqWXdMjJdzic7ESDQQHy4PsDBYcJ0d8ibYhYaocg/132 1557403521        [] []} 
2019/05/09 21:37:48.104 [I]  ConfigLamp  初始化服务 url：/api/lamp/config
2019/05/09 21:37:48.104 [I]  map[dbNum:2 password: key:lamp conn:127.0.0.1:6379]
2019/05/09 21:37:48.105 [I]  [55 53 98 57 48 97 55 56 49 102 51 54 100 101 51 51 55 48 100 55 56 50 53 101 101 102 102 50 49 50 100 51]
2019/05/09 21:37:48.105 [I]  75b90a781f36de3370d7825eeff212d3
2019/05/09 21:37:48.118 [I]  这个老用户
2019/05/09 21:37:48.118 [I]  {1 owwMs5J_M-dFFsMAOORFN8Fj35QM  75b90a781f36de3370d7825eeff212d3 黑白黑白黑白黑白黑白黑白黑白黑白    t+wFGKhuPZqYXIb012OJ2g== 7fa6dc0680e5e3552feb7cf8899f2734051d20d8d93b2fb20ba6cb4ebdb416d6    https://wx.qlogo.cn/mmopen/vi_32/Q0j4TwGTfTKsadsvhc30xdYNtkdfTqCYa7icMhn4sTwganUKTuqWXdMjJdzic7ESDQQHy4PsDBYcJ0d8ibYhYaocg/132 1557403521        [] []} 
2019/05/09 21:40:01.525 [I]  ConfigLamp  初始化服务 url：/api/lamp/config
2019/05/09 21:40:01.525 [I]  map[key:lamp conn:127.0.0.1:6379 dbNum:2 password:]
2019/05/09 21:40:01.526 [I]  [55 53 98 57 48 97 55 56 49 102 51 54 100 101 51 51 55 48 100 55 56 50 53 101 101 102 102 50 49 50 100 51]
2019/05/09 21:40:01.526 [I]  75b90a781f36de3370d7825eeff212d3
2019/05/09 21:40:01.545 [I]  这个老用户
2019/05/09 21:40:01.545 [I]  {1 owwMs5J_M-dFFsMAOORFN8Fj35QM  75b90a781f36de3370d7825eeff212d3 黑白黑白黑白黑白黑白黑白黑白黑白    t+wFGKhuPZqYXIb012OJ2g== 7fa6dc0680e5e3552feb7cf8899f2734051d20d8d93b2fb20ba6cb4ebdb416d6    https://wx.qlogo.cn/mmopen/vi_32/Q0j4TwGTfTKsadsvhc30xdYNtkdfTqCYa7icMhn4sTwganUKTuqWXdMjJdzic7ESDQQHy4PsDBYcJ0d8ibYhYaocg/132 1557403521   1 1 1001 3  [] []} 
