2019/06/05 10:13:37.914 [I]  宝图服务 url：/api/plant/treasuremap
2019/06/05 10:13:37.920 [I]  请求code为 b10c953cfabad6db861eb9c8a90ec058
2019/06/05 10:13:37.920 [I]  请求skey为 ea2b19e0dfa051efcb0259b51ddcd67ebbeab610c9166faa3b5af525f519dd66
2019/06/05 10:13:37.920 [I]  请求偏移量 97106ca81d41ca623c1cc0a84722cb6e
2019/06/05 10:13:37.920 [I]  请求加密数据 97106ca81d41ca623c1cc0a84722cb6e
2019/06/05 10:13:37.920 [I]  领取奖励url 97106ca81d41ca623c1cc0a84722cb6e
2019/06/05 10:13:37.920 [I]  分享人skey 97106ca81d41ca623c1cc0a84722cb6e
2019/06/05 10:13:37.923 [I]  redis连接成功
2019/06/05 10:13:37.923 [I]  获取opid成功
2019/06/05 10:13:37.923 [I]  获取opid成功
2019/06/05 10:14:08.606 [I]  灯助力服务 url：/api/plant/lamp
2019/06/05 10:14:08.607 [I]  获取用户hxopid成功
2019/06/05 10:14:08.607 [I]  用户poid为 025917804ce6959f99c56bc9cf270dc0
2019/06/05 10:14:24.004 [I]  灯助力服务 url：/api/plant/lamp
2019/06/05 10:14:24.005 [I]  获取用户hxopid成功
2019/06/05 10:14:24.005 [I]  用户poid为 025917804ce6959f99c56bc9cf270dc0
2019/06/05 10:20:37.906 [I]  灯助力服务 url：/api/plant/lamp
2019/06/05 10:20:37.906 [I]  获取用户hxopid成功
2019/06/05 10:20:37.906 [I]  用户poid为 025917804ce6959f99c56bc9cf270dc0
2019/06/05 10:21:25.391 [I]  灯助力服务 url：/api/plant/lamp
2019/06/05 10:21:25.392 [I]  获取用户hxopid成功
2019/06/05 10:21:25.392 [I]  用户poid为 025917804ce6959f99c56bc9cf270dc0
2019/06/05 10:27:37.883 [I]  宝图服务 url：/api/plant/treasuremap
2019/06/05 10:27:37.883 [I]  请求code为 b10c953cfabad6db861eb9c8a90ec058
2019/06/05 10:27:37.883 [I]  请求skey为 e33095ebe0edd1bc5e1d140ec37d726f22e8048f573c789f214ef61b06eb6165
2019/06/05 10:27:37.883 [I]  请求偏移量 97106ca81d41ca623c1cc0a84722cb6e
2019/06/05 10:27:37.883 [I]  请求加密数据 97106ca81d41ca623c1cc0a84722cb6e
2019/06/05 10:27:37.883 [I]  领取奖励url 97106ca81d41ca623c1cc0a84722cb6e
2019/06/05 10:27:37.883 [I]  分享人skey 97106ca81d41ca623c1cc0a84722cb6e
2019/06/05 10:27:37.887 [I]  redis连接成功
2019/06/05 10:27:37.888 [I]  获取opid成功
2019/06/05 10:27:37.888 [I]  获取opid成功
2019/06/05 10:27:38.012 [I]  mapdata025917804ce6959f99c56bc9cf270dc0
2019/06/05 10:27:38.012 [I]  openGid025917804ce6959f99c56bc9cf270dc0
2019/06/05 10:27:38.012 [I]  user025917804ce6959f99c56bc9cf270dc0
2019/06/05 10:27:38.012 [I]  清空数据成功
2019/06/05 10:27:51.725 [I]  灯助力服务 url：/api/plant/lamp
2019/06/05 10:27:51.726 [I]  获取用户hxopid成功
2019/06/05 10:27:51.726 [I]  用户poid为 025917804ce6959f99c56bc9cf270dc0
2019/06/05 10:29:34.053 [I]  灯助力服务 url：/api/plant/lamp
2019/06/05 10:29:34.054 [I]  获取用户hxopid成功
2019/06/05 10:29:34.054 [I]  用户poid为 025917804ce6959f99c56bc9cf270dc0
2019/06/05 10:30:21.748 [I]  灯助力服务 url：/api/plant/lamp
2019/06/05 10:30:21.748 [I]  获取用户hxopid成功
2019/06/05 10:30:21.748 [I]  用户poid为 test
2019/06/05 10:30:25.507 [I]  mapdata025917804ce6959f99c56bc9cf270dc0
2019/06/05 10:30:25.507 [I]  openGid025917804ce6959f99c56bc9cf270dc0
2019/06/05 10:30:25.507 [I]  user025917804ce6959f99c56bc9cf270dc0
2019/06/05 10:30:25.509 [I]  清空数据成功
2019/06/05 10:32:07.155 [I]  灯助力服务 url：/api/plant/lamp
2019/06/05 10:32:07.156 [I]  获取用户hxopid成功
2019/06/05 10:32:07.156 [I]  用户poid为 test
2019/06/05 10:33:09.637 [I]  灯助力服务 url：/api/plant/lamp
2019/06/05 10:33:09.638 [I]  获取用户hxopid成功
2019/06/05 10:33:09.638 [I]  用户poid为 025917804ce6959f99c56bc9cf270dc0
2019/06/05 10:35:28.048 [I]  灯助力服务 url：/api/plant/lamp
2019/06/05 10:35:28.048 [I]  获取用户hxopid成功
2019/06/05 10:35:28.048 [I]  用户poid为 025917804ce6959f99c56bc9cf270dc0
2019/06/05 10:37:51.890 [I]  灯助力服务 url：/api/plant/lamp
2019/06/05 10:37:51.890 [I]  获取用户hxopid成功
2019/06/05 10:37:51.890 [I]  用户poid为 025917804ce6959f99c56bc9cf270dc0
2019/06/05 10:45:24.378 [I]  灯助力服务 url：/api/plant/lamp
2019/06/05 10:45:24.378 [I]  获取用户hxopid成功
2019/06/05 10:45:24.378 [I]  用户poid为 025917804ce6959f99c56bc9cf270dc0
2019/06/05 10:50:50.175 [I]  灯助力服务 url：/api/plant/lamp
2019/06/05 10:50:50.181 [I]  获取用户hxopid成功
2019/06/05 10:50:50.181 [I]  用户poid为 025917804ce6959f99c56bc9cf270dc0
2019/06/05 10:52:21.258 [I]  灯助力服务 url：/api/plant/lamp
2019/06/05 10:52:21.259 [I]  获取用户hxopid成功
2019/06/05 10:52:21.259 [I]  用户poid为 025917804ce6959f99c56bc9cf270dc0
2019/06/05 10:58:07.970 [I]  灯助力服务 url：/api/plant/lamp
2019/06/05 10:58:07.971 [I]  获取用户hxopid成功
2019/06/05 10:58:07.971 [I]  用户poid为 025917804ce6959f99c56bc9cf270dc0
2019/06/05 11:08:19.320 [I]  灯助力服务 url：/api/plant/lamp
2019/06/05 11:08:19.322 [I]  获取用户hxopid成功
2019/06/05 11:08:19.322 [I]  用户poid为 025917804ce6959f99c56bc9cf270dc0
2019/06/05 11:08:30.807 [I]  灯助力服务 url：/api/plant/lamp
2019/06/05 11:08:30.808 [I]  获取用户hxopid成功
2019/06/05 11:08:30.808 [I]  用户poid为 025917804ce6959f99c56bc9cf270dc0
2019/06/05 11:08:50.444 [I]  灯助力服务 url：/api/plant/lamp
2019/06/05 11:08:50.444 [I]  获取用户hxopid成功
2019/06/05 11:08:50.444 [I]  用户poid为 025917804ce6959f99c56bc9cf270dc0
2019/06/05 11:10:23.012 [I]  灯助力服务 url：/api/plant/lamp
2019/06/05 11:10:23.013 [I]  获取用户hxopid成功
2019/06/05 11:10:23.013 [I]  用户poid为 025917804ce6959f99c56bc9cf270dc0
2019/06/05 11:10:32.171 [I]  灯助力服务 url：/api/plant/lamp
2019/06/05 11:10:32.171 [I]  获取用户hxopid成功
2019/06/05 11:10:32.171 [I]  用户poid为 025917804ce6959f99c56bc9cf270dc0
2019/06/05 11:17:44.348 [I]  灯助力服务 url：/api/plant/lamp
2019/06/05 11:17:44.349 [I]  获取用户hxopid成功
2019/06/05 11:17:44.349 [I]  用户poid为 025917804ce6959f99c56bc9cf270dc0
2019/06/05 11:18:09.739 [I]  灯助力服务 url：/api/plant/lamp
2019/06/05 11:18:09.740 [I]  获取用户hxopid成功
2019/06/05 11:18:09.740 [I]  用户poid为 025917804ce6959f99c56bc9cf270dc0
2019/06/05 11:19:04.018 [I]  灯助力服务 url：/api/plant/lamp
2019/06/05 11:19:04.019 [I]  获取用户hxopid成功
2019/06/05 11:19:04.019 [I]  用户poid为 025917804ce6959f99c56bc9cf270dc0
2019/06/05 11:19:08.417 [I]  灯助力服务 url：/api/plant/lamp
2019/06/05 11:19:08.418 [I]  获取用户hxopid成功
2019/06/05 11:19:08.418 [I]  用户poid为 025917804ce6959f99c56bc9cf270dc0
2019/06/05 11:19:35.762 [I]  灯助力服务 url：/api/plant/lamp
2019/06/05 11:19:35.763 [I]  获取用户hxopid成功
2019/06/05 11:19:35.763 [I]  用户poid为 025917804ce6959f99c56bc9cf270dc0
2019/06/05 11:19:49.221 [I]  灯助力服务 url：/api/plant/lamp
2019/06/05 11:19:49.221 [I]  获取用户hxopid成功
2019/06/05 11:19:49.221 [I]  用户poid为 025917804ce6959f99c56bc9cf270dc0
2019/06/05 11:19:50.404 [I]  灯助力服务 url：/api/plant/lamp
2019/06/05 11:19:50.406 [I]  获取用户hxopid成功
2019/06/05 11:19:50.406 [I]  用户poid为 025917804ce6959f99c56bc9cf270dc0
2019/06/05 11:19:51.737 [I]  灯助力服务 url：/api/plant/lamp
2019/06/05 11:19:51.740 [I]  获取用户hxopid成功
2019/06/05 11:19:51.740 [I]  用户poid为 025917804ce6959f99c56bc9cf270dc0
2019/06/05 11:33:05.659 [I]  灯助力服务 url：/api/plant/lamp
2019/06/05 11:33:05.660 [I]  获取用户hxopid成功
2019/06/05 11:33:05.660 [I]  用户poid为 025917804ce6959f99c56bc9cf270dc0
2019/06/05 11:33:27.474 [I]  灯助力服务 url：/api/plant/lamp
2019/06/05 11:33:27.475 [I]  获取用户hxopid成功
2019/06/05 11:33:27.475 [I]  用户poid为 025917804ce6959f99c56bc9cf270dc0
2019/06/05 11:33:27.539 [I]  灯助力服务 url：/api/plant/lamp
2019/06/05 11:33:27.546 [I]  获取用户hxopid成功
2019/06/05 11:33:27.546 [I]  用户poid为 025917804ce6959f99c56bc9cf270dc0
2019/06/05 11:33:49.481 [I]  灯助力服务 url：/api/plant/lamp
2019/06/05 11:33:49.481 [I]  获取用户hxopid成功
2019/06/05 11:33:49.481 [I]  用户poid为 025917804ce6959f99c56bc9cf270dc0
2019/06/05 11:34:01.268 [I]  灯助力服务 url：/api/plant/lamp
2019/06/05 11:34:01.268 [I]  获取用户hxopid成功
2019/06/05 11:34:01.268 [I]  用户poid为 025917804ce6959f99c56bc9cf270dc0
2019/06/05 11:34:25.002 [I]  灯助力服务 url：/api/plant/lamp
2019/06/05 11:34:25.002 [I]  获取用户hxopid成功
2019/06/05 11:34:25.002 [I]  用户poid为 025917804ce6959f99c56bc9cf270dc0
2019/06/05 11:34:25.018 [I]  判断分享条件时查询数据库失败
2019/06/05 13:56:00.192 [I]  宝图服务 url：/api/plant/treasuremap
2019/06/05 13:56:00.192 [I]  请求code为 b10c953cfabad6db861eb9c8a90ec058
2019/06/05 13:56:00.192 [I]  请求skey为 909033ad778024b6b04ebb6a41ee94060047b9f0b9f19267227cf68856962848
2019/06/05 13:56:00.192 [I]  请求偏移量 97106ca81d41ca623c1cc0a84722cb6e
2019/06/05 13:56:00.192 [I]  请求加密数据 97106ca81d41ca623c1cc0a84722cb6e
2019/06/05 13:56:00.192 [I]  领取奖励url 97106ca81d41ca623c1cc0a84722cb6e
2019/06/05 13:56:00.192 [I]  分享人skey 97106ca81d41ca623c1cc0a84722cb6e
2019/06/05 13:56:00.193 [I]  redis连接成功
2019/06/05 13:56:00.193 [I]  获取opid成功
2019/06/05 13:56:00.193 [I]  获取opid成功
2019/06/05 13:56:00.246 [I]  mapdata025917804ce6959f99c56bc9cf270dc0
2019/06/05 13:56:00.246 [I]  openGid025917804ce6959f99c56bc9cf270dc0
2019/06/05 13:56:00.247 [I]  user025917804ce6959f99c56bc9cf270dc0
2019/06/05 13:56:00.247 [I]  清空数据成功
2019/06/05 13:56:21.366 [I]  灯助力服务 url：/api/plant/lamp
2019/06/05 13:56:21.369 [I]  获取用户hxopid成功
2019/06/05 13:56:21.369 [I]  用户poid为 025917804ce6959f99c56bc9cf270dc0
2019/06/05 13:56:28.135 [I]  灯助力服务 url：/api/plant/lamp
2019/06/05 13:56:28.136 [I]  获取用户hxopid成功
2019/06/05 13:56:28.136 [I]  用户poid为 025917804ce6959f99c56bc9cf270dc0
2019/06/05 13:57:53.617 [I]  灯助力服务 url：/api/plant/lamp
2019/06/05 13:57:53.619 [I]  获取用户hxopid成功
2019/06/05 13:57:53.619 [I]  用户poid为 025917804ce6959f99c56bc9cf270dc0
2019/06/05 13:58:27.839 [I]  灯助力服务 url：/api/plant/lamp
2019/06/05 13:58:27.839 [I]  获取用户hxopid成功
2019/06/05 13:58:27.839 [I]  用户poid为 025917804ce6959f99c56bc9cf270dc0
2019/06/05 13:58:31.983 [I]  灯助力服务 url：/api/plant/lamp
2019/06/05 13:58:31.983 [I]  获取用户hxopid成功
2019/06/05 13:58:31.983 [I]  用户poid为 025917804ce6959f99c56bc9cf270dc0
2019/06/05 13:58:32.030 [I]  判断分享条件时查询数据库失败
2019/06/05 14:01:15.540 [I]  灯助力服务 url：/api/plant/lamp
2019/06/05 14:01:15.541 [I]  获取用户hxopid成功
2019/06/05 14:01:15.541 [I]  用户poid为 025917804ce6959f99c56bc9cf270dc0
2019/06/05 14:01:30.197 [I]  灯助力服务 url：/api/plant/lamp
2019/06/05 14:01:30.197 [I]  获取用户hxopid成功
2019/06/05 14:01:30.197 [I]  用户poid为 025917804ce6959f99c56bc9cf270dc0
2019/06/05 14:03:39.332 [I]  灯助力服务 url：/api/plant/lamp
2019/06/05 14:03:39.334 [I]  获取用户hxopid成功
2019/06/05 14:03:39.334 [I]  用户poid为 025917804ce6959f99c56bc9cf270dc0
2019/06/05 14:03:43.418 [I]  灯助力服务 url：/api/plant/lamp
2019/06/05 14:03:43.419 [I]  获取用户hxopid成功
2019/06/05 14:03:43.419 [I]  用户poid为 025917804ce6959f99c56bc9cf270dc0
2019/06/05 14:05:12.803 [I]  灯助力服务 url：/api/plant/lamp
2019/06/05 14:05:12.804 [I]  获取用户hxopid成功
2019/06/05 14:05:12.804 [I]  用户poid为 025917804ce6959f99c56bc9cf270dc0
2019/06/05 14:06:18.545 [I]  灯助力服务 url：/api/plant/lamp
2019/06/05 14:06:18.545 [I]  获取用户hxopid成功
2019/06/05 14:06:18.545 [I]  用户poid为 025917804ce6959f99c56bc9cf270dc0
2019/06/05 14:10:31.544 [I]  灯助力服务 url：/api/plant/lamp
2019/06/05 14:10:31.552 [I]  获取用户hxopid成功
2019/06/05 14:10:31.552 [I]  用户poid为 test
2019/06/05 14:10:39.903 [I]  灯助力服务 url：/api/plant/lamp
2019/06/05 14:10:39.904 [I]  获取用户hxopid成功
2019/06/05 14:10:39.904 [I]  用户poid为 test
2019/06/05 14:10:55.644 [I]  灯助力服务 url：/api/plant/lamp
2019/06/05 14:10:55.647 [I]  获取用户hxopid成功
2019/06/05 14:10:55.647 [I]  用户poid为 test
2019/06/05 14:11:58.644 [I]  灯助力服务 url：/api/plant/lamp
2019/06/05 14:11:58.645 [I]  获取用户hxopid成功
2019/06/05 14:11:58.645 [I]  用户poid为 025917804ce6959f99c56bc9cf270dc0
2019/06/05 14:26:26.144 [I]  判断分享条件时查询数据库失败
2019/06/05 14:27:07.041 [I]  灯助力服务 url：/api/plant/lamp
2019/06/05 14:27:07.042 [I]  获取用户hxopid成功
2019/06/05 14:27:07.042 [I]  用户poid为 025917804ce6959f99c56bc9cf270dc0
2019/06/05 14:27:21.603 [I]  灯助力服务 url：/api/plant/lamp
2019/06/05 14:27:21.604 [I]  获取用户hxopid成功
2019/06/05 14:27:21.604 [I]  用户poid为 025917804ce6959f99c56bc9cf270dc0
2019/06/05 14:48:31.901 [I]  灯助力服务 url：/api/plant/lamp
2019/06/05 14:48:31.904 [I]  获取用户hxopid成功
2019/06/05 14:48:31.904 [I]  用户poid为 test
2019/06/05 14:48:35.985 [I]  灯助力服务 url：/api/plant/lamp
2019/06/05 14:48:35.985 [I]  获取用户hxopid成功
2019/06/05 14:48:35.985 [I]  用户poid为 test
2019/06/05 14:53:56.461 [I]  灯助力服务 url：/api/plant/lamp
2019/06/05 14:53:56.462 [I]  获取用户hxopid成功
2019/06/05 14:53:56.462 [I]  用户poid为 025917804ce6959f99c56bc9cf270dc0
2019/06/05 14:53:56.546 [I]  判断分享条件时查询数据库失败
2019/06/05 14:54:00.747 [I]  灯助力服务 url：/api/plant/lamp
2019/06/05 14:54:00.748 [I]  获取用户hxopid成功
2019/06/05 14:54:00.748 [I]  用户poid为 025917804ce6959f99c56bc9cf270dc0
2019/06/05 14:54:00.999 [I]  判断分享条件时查询数据库失败
2019/06/05 14:54:03.117 [I]  灯助力服务 url：/api/plant/lamp
2019/06/05 14:54:03.117 [I]  获取用户hxopid成功
2019/06/05 14:54:03.117 [I]  用户poid为 025917804ce6959f99c56bc9cf270dc0
2019/06/05 14:54:03.160 [I]  判断分享条件时查询数据库失败
2019/06/05 14:54:17.502 [I]  灯助力服务 url：/api/plant/lamp
2019/06/05 14:54:17.503 [I]  获取用户hxopid成功
2019/06/05 14:54:17.503 [I]  用户poid为 025917804ce6959f99c56bc9cf270dc0
2019/06/05 14:54:17.574 [I]  判断分享条件时查询数据库失败
2019/06/05 14:54:19.286 [I]  灯助力服务 url：/api/plant/lamp
2019/06/05 14:54:19.287 [I]  获取用户hxopid成功
2019/06/05 14:54:19.287 [I]  用户poid为 025917804ce6959f99c56bc9cf270dc0
2019/06/05 14:54:19.437 [I]  判断分享条件时查询数据库失败
2019/06/05 15:17:27.862 [I]  灯助力服务 url：/api/plant/lamp
2019/06/05 15:17:27.864 [I]  获取用户hxopid成功
2019/06/05 15:17:27.864 [I]  用户poid为 025917804ce6959f99c56bc9cf270dc0
2019/06/05 15:17:43.939 [I]  灯助力服务 url：/api/plant/lamp
2019/06/05 15:17:43.940 [I]  获取用户hxopid成功
2019/06/05 15:17:43.940 [I]  用户poid为 025917804ce6959f99c56bc9cf270dc0
2019/06/05 15:18:09.447 [I]  灯助力服务 url：/api/plant/lamp
2019/06/05 15:18:09.447 [I]  获取用户hxopid成功
2019/06/05 15:18:09.447 [I]  用户poid为 025917804ce6959f99c56bc9cf270dc0
2019/06/05 15:21:10.254 [I]  灯助力服务 url：/api/plant/lamp
2019/06/05 15:21:10.256 [I]  获取用户hxopid成功
2019/06/05 15:21:10.256 [I]  用户poid为 025917804ce6959f99c56bc9cf270dc0
2019/06/05 15:25:41.951 [I]  灯助力服务 url：/api/plant/lamp
2019/06/05 15:25:41.954 [I]  获取用户hxopid成功
2019/06/05 15:25:41.954 [I]  用户poid为 025917804ce6959f99c56bc9cf270dc0
2019/06/05 15:25:54.779 [I]  灯助力服务 url：/api/plant/lamp
2019/06/05 15:25:54.780 [I]  获取用户hxopid成功
2019/06/05 15:25:54.780 [I]  用户poid为 025917804ce6959f99c56bc9cf270dc0
2019/06/05 15:26:07.978 [I]  灯助力服务 url：/api/plant/lamp
2019/06/05 15:26:07.982 [I]  获取用户hxopid成功
2019/06/05 15:26:07.982 [I]  用户poid为 025917804ce6959f99c56bc9cf270dc0
2019/06/05 15:26:13.682 [I]  灯助力服务 url：/api/plant/lamp
2019/06/05 15:26:13.684 [I]  获取用户hxopid成功
2019/06/05 15:26:13.684 [I]  用户poid为 025917804ce6959f99c56bc9cf270dc0
2019/06/05 15:26:29.034 [I]  灯助力服务 url：/api/plant/lamp
2019/06/05 15:26:29.036 [I]  获取用户hxopid成功
2019/06/05 15:26:29.036 [I]  用户poid为 025917804ce6959f99c56bc9cf270dc0
2019/06/05 15:26:29.090 [I]  灯助力服务 url：/api/plant/lamp
2019/06/05 15:26:29.093 [I]  获取用户hxopid成功
2019/06/05 15:26:29.093 [I]  用户poid为 025917804ce6959f99c56bc9cf270dc0
2019/06/05 15:26:44.806 [I]  灯助力服务 url：/api/plant/lamp
2019/06/05 15:26:44.808 [I]  获取用户hxopid成功
2019/06/05 15:26:44.808 [I]  用户poid为 025917804ce6959f99c56bc9cf270dc0
2019/06/05 15:37:00.559 [I]  宝图服务 url：/api/plant/treasuremap
2019/06/05 15:37:00.559 [I]  请求code为 b10c953cfabad6db861eb9c8a90ec058
2019/06/05 15:37:00.559 [I]  请求skey为 99f8891a1bc05b5f007ec18da2e038dac13ec0cd8c45a42685ced5022f3dd0ee
2019/06/05 15:37:00.559 [I]  请求偏移量 97106ca81d41ca623c1cc0a84722cb6e
2019/06/05 15:37:00.559 [I]  请求加密数据 97106ca81d41ca623c1cc0a84722cb6e
2019/06/05 15:37:00.559 [I]  领取奖励url 97106ca81d41ca623c1cc0a84722cb6e
2019/06/05 15:37:00.559 [I]  分享人skey 97106ca81d41ca623c1cc0a84722cb6e
2019/06/05 15:37:00.559 [I]  redis连接成功
2019/06/05 15:37:00.560 [I]  获取opid成功
2019/06/05 15:37:00.560 [I]  获取opid成功
2019/06/05 15:37:00.638 [I]  mapdata025917804ce6959f99c56bc9cf270dc0
2019/06/05 15:37:00.638 [I]  openGid025917804ce6959f99c56bc9cf270dc0
2019/06/05 15:37:00.638 [I]  user025917804ce6959f99c56bc9cf270dc0
2019/06/05 15:37:00.639 [I]  清空数据成功
2019/06/05 15:46:38.652 [I]  宝图服务 url：/api/plant/treasuremap
2019/06/05 15:46:38.652 [I]  请求code为 b10c953cfabad6db861eb9c8a90ec058
2019/06/05 15:46:38.653 [I]  请求skey为 215e9a1391796494686ace22cb5808cf179ccb2d07a9fdb695fc0bb74a8af78c
2019/06/05 15:46:38.653 [I]  请求偏移量 97106ca81d41ca623c1cc0a84722cb6e
2019/06/05 15:46:38.653 [I]  请求加密数据 97106ca81d41ca623c1cc0a84722cb6e
2019/06/05 15:46:38.653 [I]  领取奖励url 97106ca81d41ca623c1cc0a84722cb6e
2019/06/05 15:46:38.653 [I]  分享人skey 97106ca81d41ca623c1cc0a84722cb6e
2019/06/05 15:46:38.654 [I]  redis连接成功
2019/06/05 15:46:38.654 [I]  获取opid成功
2019/06/05 15:46:38.654 [I]  获取opid成功
2019/06/05 15:46:38.683 [I]  mapdata025917804ce6959f99c56bc9cf270dc0
2019/06/05 15:46:38.683 [I]  openGid025917804ce6959f99c56bc9cf270dc0
2019/06/05 15:46:38.683 [I]  user025917804ce6959f99c56bc9cf270dc0
2019/06/05 15:46:38.684 [I]  清空数据成功
2019/06/05 15:54:32.327 [I]  宝图服务 url：/api/plant/treasuremap
2019/06/05 15:54:32.327 [I]  请求code为 b10c953cfabad6db861eb9c8a90ec058
2019/06/05 15:54:32.327 [I]  请求skey为 eeee3e99c45443217c4c65d9dddcd6625cd00456f23f8d35b59a429dc20910a6
2019/06/05 15:54:32.327 [I]  请求偏移量 97106ca81d41ca623c1cc0a84722cb6e
2019/06/05 15:54:32.327 [I]  请求加密数据 97106ca81d41ca623c1cc0a84722cb6e
2019/06/05 15:54:32.327 [I]  领取奖励url 97106ca81d41ca623c1cc0a84722cb6e
2019/06/05 15:54:32.327 [I]  分享人skey 97106ca81d41ca623c1cc0a84722cb6e
2019/06/05 15:54:32.327 [I]  redis连接成功
2019/06/05 15:54:32.327 [I]  获取opid成功
2019/06/05 15:54:32.328 [I]  获取opid成功
2019/06/05 15:54:32.364 [I]  mapdata025917804ce6959f99c56bc9cf270dc0
2019/06/05 15:54:32.364 [I]  openGid025917804ce6959f99c56bc9cf270dc0
2019/06/05 15:54:32.364 [I]  user025917804ce6959f99c56bc9cf270dc0
2019/06/05 15:54:32.365 [I]  清空数据成功
2019/06/05 15:54:45.302 [I]  灯助力服务 url：/api/plant/lamp
2019/06/05 15:54:45.303 [I]  获取用户hxopid成功
2019/06/05 15:54:45.303 [I]  用户poid为 025917804ce6959f99c56bc9cf270dc0
2019/06/05 15:58:14.516 [I]  灯助力服务 url：/api/plant/lamp
2019/06/05 15:58:14.517 [I]  获取用户hxopid成功
2019/06/05 15:58:14.517 [I]  用户poid为 025917804ce6959f99c56bc9cf270dc0
2019/06/05 15:58:20.168 [I]  灯助力服务 url：/api/plant/lamp
2019/06/05 15:58:20.168 [I]  获取用户hxopid成功
2019/06/05 15:58:20.168 [I]  用户poid为 025917804ce6959f99c56bc9cf270dc0
2019/06/05 15:58:49.945 [I]  灯助力服务 url：/api/plant/lamp
2019/06/05 15:58:49.947 [I]  获取用户hxopid成功
2019/06/05 15:58:49.948 [I]  用户poid为 025917804ce6959f99c56bc9cf270dc0
2019/06/05 16:04:28.903 [I]  灯助力服务 url：/api/plant/lamp
2019/06/05 16:04:28.905 [I]  获取用户hxopid成功
2019/06/05 16:04:28.905 [I]  用户poid为 025917804ce6959f99c56bc9cf270dc0
2019/06/05 16:11:23.498 [I]  灯助力服务 url：/api/plant/lamp
2019/06/05 16:11:23.498 [I]  获取用户hxopid成功
2019/06/05 16:11:23.498 [I]  用户poid为 025917804ce6959f99c56bc9cf270dc0
2019/06/05 16:11:29.470 [I]  灯助力服务 url：/api/plant/lamp
2019/06/05 16:11:29.470 [I]  获取用户hxopid成功
2019/06/05 16:11:29.470 [I]  用户poid为 025917804ce6959f99c56bc9cf270dc0
2019/06/05 16:29:32.202 [I]  灯助力服务 url：/api/plant/lamp
2019/06/05 16:29:32.207 [I]  获取用户hxopid成功
2019/06/05 16:29:32.207 [I]  用户poid为 025917804ce6959f99c56bc9cf270dc0
2019/06/05 16:29:40.900 [I]  灯助力服务 url：/api/plant/lamp
2019/06/05 16:29:40.901 [I]  获取用户hxopid成功
2019/06/05 16:29:40.901 [I]  用户poid为 025917804ce6959f99c56bc9cf270dc0
2019/06/05 16:29:54.425 [I]  灯助力服务 url：/api/plant/lamp
2019/06/05 16:29:54.426 [I]  获取用户hxopid成功
2019/06/05 16:29:54.426 [I]  用户poid为 025917804ce6959f99c56bc9cf270dc0
2019/06/05 16:30:20.872 [I]  灯助力服务 url：/api/plant/lamp
2019/06/05 16:30:20.875 [I]  获取用户hxopid成功
2019/06/05 16:30:20.875 [I]  用户poid为 025917804ce6959f99c56bc9cf270dc0
2019/06/05 16:33:37.033 [I]  灯助力服务 url：/api/plant/lamp
2019/06/05 16:33:37.034 [I]  获取用户hxopid成功
2019/06/05 16:33:37.034 [I]  用户poid为 025917804ce6959f99c56bc9cf270dc0
2019/06/05 16:34:31.369 [I]  灯助力服务 url：/api/plant/lamp
2019/06/05 16:34:31.369 [I]  获取用户hxopid成功
2019/06/05 16:34:31.369 [I]  用户poid为 025917804ce6959f99c56bc9cf270dc0
2019/06/05 16:41:43.391 [I]  灯助力服务 url：/api/plant/lamp
2019/06/05 16:41:43.392 [I]  获取用户hxopid成功
2019/06/05 16:41:43.392 [I]  用户poid为 025917804ce6959f99c56bc9cf270dc0
2019/06/05 16:47:41.398 [I]  灯助力服务 url：/api/plant/lamp
2019/06/05 16:47:41.399 [I]  获取用户hxopid成功
2019/06/05 16:47:41.399 [I]  用户poid为 025917804ce6959f99c56bc9cf270dc0
2019/06/05 16:48:37.374 [I]  灯助力服务 url：/api/plant/lamp
2019/06/05 16:48:37.375 [I]  获取用户hxopid成功
2019/06/05 16:48:37.375 [I]  用户poid为 025917804ce6959f99c56bc9cf270dc0
2019/06/05 17:08:40.352 [I]  灯助力服务 url：/api/plant/lamp
2019/06/05 17:08:40.353 [I]  获取用户hxopid成功
2019/06/05 17:08:40.353 [I]  用户poid为 025917804ce6959f99c56bc9cf270dc0
2019/06/05 17:10:14.078 [I]  宝图服务 url：/api/plant/treasuremap
2019/06/05 17:10:14.078 [I]  请求code为 b10c953cfabad6db861eb9c8a90ec058
2019/06/05 17:10:14.078 [I]  请求skey为 a47c0ca00f8ea0dbd798779139f25accc5ef56218e2ff7dd0c41d24caa096010
2019/06/05 17:10:14.078 [I]  请求偏移量 97106ca81d41ca623c1cc0a84722cb6e
2019/06/05 17:10:14.078 [I]  请求加密数据 97106ca81d41ca623c1cc0a84722cb6e
2019/06/05 17:10:14.078 [I]  领取奖励url 97106ca81d41ca623c1cc0a84722cb6e
2019/06/05 17:10:14.078 [I]  分享人skey 97106ca81d41ca623c1cc0a84722cb6e
2019/06/05 17:10:14.080 [I]  redis连接成功
2019/06/05 17:10:14.080 [I]  获取opid成功
2019/06/05 17:10:14.080 [I]  获取opid成功
2019/06/05 17:10:14.109 [I]  mapdata025917804ce6959f99c56bc9cf270dc0
2019/06/05 17:10:14.109 [I]  openGid025917804ce6959f99c56bc9cf270dc0
2019/06/05 17:10:14.109 [I]  user025917804ce6959f99c56bc9cf270dc0
2019/06/05 17:10:14.109 [I]  清空数据成功
2019/06/05 17:10:27.877 [I]  灯助力服务 url：/api/plant/lamp
2019/06/05 17:10:27.879 [I]  获取用户hxopid成功
2019/06/05 17:10:27.879 [I]  用户poid为 025917804ce6959f99c56bc9cf270dc0
2019/06/05 17:10:57.113 [I]  灯助力服务 url：/api/plant/lamp
2019/06/05 17:10:57.113 [I]  获取用户hxopid成功
2019/06/05 17:10:57.113 [I]  用户poid为 025917804ce6959f99c56bc9cf270dc0
2019/06/05 17:11:00.028 [I]  灯助力服务 url：/api/plant/lamp
2019/06/05 17:11:00.028 [I]  获取用户hxopid成功
2019/06/05 17:11:00.028 [I]  用户poid为 025917804ce6959f99c56bc9cf270dc0
2019/06/05 17:11:13.304 [I]  灯助力服务 url：/api/plant/lamp
2019/06/05 17:11:13.304 [I]  获取用户hxopid成功
2019/06/05 17:11:13.304 [I]  用户poid为 025917804ce6959f99c56bc9cf270dc0
2019/06/05 17:11:31.563 [I]  灯助力服务 url：/api/plant/lamp
2019/06/05 17:11:31.565 [I]  获取用户hxopid成功
2019/06/05 17:11:31.565 [I]  用户poid为 025917804ce6959f99c56bc9cf270dc0
2019/06/05 17:11:33.366 [I]  灯助力服务 url：/api/plant/lamp
2019/06/05 17:11:33.366 [I]  获取用户hxopid成功
2019/06/05 17:11:33.366 [I]  用户poid为 025917804ce6959f99c56bc9cf270dc0
2019/06/05 17:11:34.840 [I]  灯助力服务 url：/api/plant/lamp
2019/06/05 17:11:34.842 [I]  获取用户hxopid成功
2019/06/05 17:11:34.842 [I]  用户poid为 025917804ce6959f99c56bc9cf270dc0
2019/06/05 17:13:13.464 [I]  灯助力服务 url：/api/plant/lamp
2019/06/05 17:13:13.465 [I]  获取用户hxopid成功
2019/06/05 17:13:13.465 [I]  用户poid为 025917804ce6959f99c56bc9cf270dc0
2019/06/05 17:13:36.437 [I]  灯助力服务 url：/api/plant/lamp
2019/06/05 17:13:36.438 [I]  获取用户hxopid成功
2019/06/05 17:13:36.438 [I]  用户poid为 025917804ce6959f99c56bc9cf270dc0
2019/06/05 17:18:03.134 [I]  灯助力服务 url：/api/plant/lamp
2019/06/05 17:18:03.135 [I]  获取用户hxopid成功
2019/06/05 17:18:03.135 [I]  用户poid为 025917804ce6959f99c56bc9cf270dc0
2019/06/05 17:20:01.729 [I]  灯助力服务 url：/api/plant/lamp
2019/06/05 17:20:01.731 [I]  获取用户hxopid成功
2019/06/05 17:20:01.731 [I]  用户poid为 025917804ce6959f99c56bc9cf270dc0
2019/06/05 17:20:15.418 [I]  灯助力服务 url：/api/plant/lamp
2019/06/05 17:20:15.419 [I]  获取用户hxopid成功
2019/06/05 17:20:15.419 [I]  用户poid为 025917804ce6959f99c56bc9cf270dc0
2019/06/05 17:20:20.778 [I]  灯助力服务 url：/api/plant/lamp
2019/06/05 17:20:20.779 [I]  获取用户hxopid成功
2019/06/05 17:20:20.779 [I]  用户poid为 025917804ce6959f99c56bc9cf270dc0
2019/06/05 17:21:00.953 [I]  灯助力服务 url：/api/plant/lamp
2019/06/05 17:21:00.955 [I]  获取用户hxopid成功
2019/06/05 17:21:00.955 [I]  用户poid为 025917804ce6959f99c56bc9cf270dc0
2019/06/05 17:23:48.207 [I]  宝图服务 url：/api/plant/treasuremap
2019/06/05 17:23:48.207 [I]  请求code为 b10c953cfabad6db861eb9c8a90ec058
2019/06/05 17:23:48.207 [I]  请求skey为 f5cfeace59c02ea5563ffce97b80d3750e10e0638b70ebb104f031eecae93ed2
2019/06/05 17:23:48.207 [I]  请求偏移量 97106ca81d41ca623c1cc0a84722cb6e
2019/06/05 17:23:48.207 [I]  请求加密数据 97106ca81d41ca623c1cc0a84722cb6e
2019/06/05 17:23:48.207 [I]  领取奖励url 97106ca81d41ca623c1cc0a84722cb6e
2019/06/05 17:23:48.207 [I]  分享人skey 97106ca81d41ca623c1cc0a84722cb6e
2019/06/05 17:23:48.208 [I]  redis连接成功
2019/06/05 17:23:48.209 [I]  获取opid成功
2019/06/05 17:23:48.209 [I]  获取opid成功
2019/06/05 17:23:48.254 [I]  mapdata025917804ce6959f99c56bc9cf270dc0
2019/06/05 17:23:48.254 [I]  openGid025917804ce6959f99c56bc9cf270dc0
2019/06/05 17:23:48.254 [I]  user025917804ce6959f99c56bc9cf270dc0
2019/06/05 17:23:48.255 [I]  清空数据成功
2019/06/05 17:23:59.589 [I]  灯助力服务 url：/api/plant/lamp
2019/06/05 17:23:59.589 [I]  获取用户hxopid成功
2019/06/05 17:23:59.589 [I]  用户poid为 025917804ce6959f99c56bc9cf270dc0
2019/06/05 17:50:45.206 [I]  灯助力服务 url：/api/plant/lamp
2019/06/05 17:50:45.209 [I]  获取用户hxopid成功
2019/06/05 17:50:45.209 [I]  用户poid为 025917804ce6959f99c56bc9cf270dc0
2019/06/05 17:51:12.117 [I]  灯助力服务 url：/api/plant/lamp
2019/06/05 17:51:12.119 [I]  获取用户hxopid成功
2019/06/05 17:51:12.119 [I]  用户poid为 025917804ce6959f99c56bc9cf270dc0
2019/06/05 17:51:55.622 [I]  灯助力服务 url：/api/plant/lamp
2019/06/05 17:51:55.623 [I]  获取用户hxopid成功
2019/06/05 17:51:55.623 [I]  用户poid为 025917804ce6959f99c56bc9cf270dc0
2019/06/05 17:52:12.245 [I]  灯助力服务 url：/api/plant/lamp
2019/06/05 17:52:12.246 [I]  获取用户hxopid成功
2019/06/05 17:52:12.246 [I]  用户poid为 025917804ce6959f99c56bc9cf270dc0
2019/06/05 17:54:07.112 [I]  灯助力服务 url：/api/plant/lamp
2019/06/05 17:54:07.113 [I]  获取用户hxopid成功
2019/06/05 17:54:07.113 [I]  用户poid为 025917804ce6959f99c56bc9cf270dc0
2019/06/05 17:54:14.271 [I]  灯助力服务 url：/api/plant/lamp
2019/06/05 17:54:14.271 [I]  获取用户hxopid成功
2019/06/05 17:54:14.271 [I]  用户poid为 025917804ce6959f99c56bc9cf270dc0
2019/06/05 18:02:33.019 [I]  宝图服务 url：/api/plant/treasuremap
2019/06/05 18:02:33.019 [I]  请求code为 b10c953cfabad6db861eb9c8a90ec058
2019/06/05 18:02:33.019 [I]  请求skey为 5ed7cff1caabba53970b535bf23cbd419583ad05161e5c74fa7a66dd125ba3e8
2019/06/05 18:02:33.019 [I]  请求偏移量 97106ca81d41ca623c1cc0a84722cb6e
2019/06/05 18:02:33.019 [I]  请求加密数据 97106ca81d41ca623c1cc0a84722cb6e
2019/06/05 18:02:33.019 [I]  领取奖励url 97106ca81d41ca623c1cc0a84722cb6e
2019/06/05 18:02:33.019 [I]  分享人skey 97106ca81d41ca623c1cc0a84722cb6e
2019/06/05 18:02:33.029 [I]  redis连接成功
2019/06/05 18:02:33.029 [I]  获取opid成功
2019/06/05 18:02:33.029 [I]  获取opid成功
2019/06/05 18:02:33.067 [I]  mapdata025917804ce6959f99c56bc9cf270dc0
2019/06/05 18:02:33.067 [I]  openGid025917804ce6959f99c56bc9cf270dc0
2019/06/05 18:02:33.067 [I]  user025917804ce6959f99c56bc9cf270dc0
2019/06/05 18:02:33.068 [I]  清空数据成功
2019/06/05 18:02:47.920 [I]  灯助力服务 url：/api/plant/lamp
2019/06/05 18:02:47.921 [I]  获取用户hxopid成功
2019/06/05 18:02:47.921 [I]  用户poid为 025917804ce6959f99c56bc9cf270dc0
2019/06/05 18:02:50.692 [I]  灯助力服务 url：/api/plant/lamp
2019/06/05 18:02:50.692 [I]  获取用户hxopid成功
2019/06/05 18:02:50.693 [I]  用户poid为 025917804ce6959f99c56bc9cf270dc0
2019/06/05 18:04:43.428 [I]  灯助力服务 url：/api/plant/lamp
2019/06/05 18:04:43.429 [I]  获取用户hxopid成功
2019/06/05 18:04:43.429 [I]  用户poid为 025917804ce6959f99c56bc9cf270dc0
2019/06/05 18:13:46.566 [I]  灯助力服务 url：/api/plant/lamp
2019/06/05 18:13:46.567 [I]  获取用户hxopid成功
2019/06/05 18:13:46.567 [I]  用户poid为 025917804ce6959f99c56bc9cf270dc0
2019/06/05 18:13:59.319 [I]  灯助力服务 url：/api/plant/lamp
2019/06/05 18:13:59.319 [I]  获取用户hxopid成功
2019/06/05 18:13:59.319 [I]  用户poid为 025917804ce6959f99c56bc9cf270dc0
2019/06/05 18:14:11.650 [I]  灯助力服务 url：/api/plant/lamp
2019/06/05 18:14:11.650 [I]  获取用户hxopid成功
2019/06/05 18:14:11.650 [I]  用户poid为 025917804ce6959f99c56bc9cf270dc0
2019/06/05 18:14:20.427 [I]  灯助力服务 url：/api/plant/lamp
2019/06/05 18:14:20.428 [I]  获取用户hxopid成功
2019/06/05 18:14:20.428 [I]  用户poid为 025917804ce6959f99c56bc9cf270dc0
2019/06/05 18:38:12.537 [I]  灯助力服务 url：/api/plant/lamp
2019/06/05 18:38:12.537 [I]  获取用户hxopid成功
2019/06/05 18:38:12.537 [I]  用户poid为 025917804ce6959f99c56bc9cf270dc0
2019/06/05 18:38:26.041 [I]  灯助力服务 url：/api/plant/lamp
2019/06/05 18:38:26.043 [I]  获取用户hxopid成功
2019/06/05 18:38:26.043 [I]  用户poid为 025917804ce6959f99c56bc9cf270dc0
2019/06/05 18:43:25.269 [I]  灯助力服务 url：/api/plant/lamp
2019/06/05 18:43:25.270 [I]  获取用户hxopid成功
2019/06/05 18:43:25.270 [I]  用户poid为 025917804ce6959f99c56bc9cf270dc0
2019/06/05 18:43:35.181 [I]  灯助力服务 url：/api/plant/lamp
2019/06/05 18:43:35.182 [I]  获取用户hxopid成功
2019/06/05 18:43:35.182 [I]  用户poid为 025917804ce6959f99c56bc9cf270dc0
2019/06/05 18:43:47.260 [I]  灯助力服务 url：/api/plant/lamp
2019/06/05 18:43:47.261 [I]  获取用户hxopid成功
2019/06/05 18:43:47.261 [I]  用户poid为 025917804ce6959f99c56bc9cf270dc0
2019/06/05 18:44:49.320 [I]  灯助力服务 url：/api/plant/lamp
2019/06/05 18:44:49.321 [I]  获取用户hxopid成功
2019/06/05 18:44:49.321 [I]  用户poid为 025917804ce6959f99c56bc9cf270dc0
