2019/06/05 10:13:04.434 [I]  Login 登陆服务 /api/plant/login
2019/06/05 10:13:04.435 [I]  董事儿
2019/06/05 10:13:04.435 [I]  2
2019/06/05 10:13:04.435 [I]  zh_CN
2019/06/05 10:13:04.435 [I]  
2019/06/05 10:13:04.435 [I]  
2019/06/05 10:13:04.435 [I]  Chile
2019/06/05 10:13:04.435 [I]  https://wx.qlogo.cn/mmopen/vi_32/Q0j4TwGTfTJ3MCBReb3yXIB0HcLWfJw8jT3ricib0iaxd1Q1UIQf7Mqug9jj7rBrpHweJzkHy1Vh9QVjbQWZHiaHdQ/132
2019/06/05 10:13:04.846 [I]  map[key:plant conn:127.0.0.1:6379 dbNum: password:]
2019/06/05 10:13:28.082 [I]  Login 登陆服务 /api/plant/login
2019/06/05 10:13:28.082 [I]  董事儿
2019/06/05 10:13:28.082 [I]  2
2019/06/05 10:13:28.082 [I]  zh_CN
2019/06/05 10:13:28.082 [I]  
2019/06/05 10:13:28.082 [I]  
2019/06/05 10:13:28.082 [I]  Chile
2019/06/05 10:13:28.082 [I]  https://wx.qlogo.cn/mmopen/vi_32/Q0j4TwGTfTJ3MCBReb3yXIB0HcLWfJw8jT3ricib0iaxd1Q1UIQf7Mqug9jj7rBrpHweJzkHy1Vh9QVjbQWZHiaHdQ/132
2019/06/05 10:13:28.368 [I]  map[conn:127.0.0.1:6379 dbNum: password: key:plant]
2019/06/05 10:13:28.446 [I]  老用户登陆 董事儿
2019/06/05 10:13:28.484 [I]  1
2019/06/05 10:13:28.484 [I]  opid插入redis成功
2019/06/05 10:13:29.978 [I]  初始化服务 url：/api/plant/config
2019/06/05 10:13:30.225 [I]  map[key:plant conn:127.0.0.1:6379 dbNum: password:]
2019/06/05 10:13:30.226 [I]  [48 50 53 57 49 55 56 48 52 99 101 54 57 53 57 102 57 57 99 53 54 98 99 57 99 102 50 55 48 100 99 48]
2019/06/05 10:13:30.226 [I]  025917804ce6959f99c56bc9cf270dc0
2019/06/05 10:13:30.228 [I]  这个老用户
2019/06/05 10:13:30.230 [I]  获取数据成功
2019/06/05 10:20:25.072 [I]  Login 登陆服务 /api/plant/login
2019/06/05 10:20:25.072 [I]  董事儿
2019/06/05 10:20:25.072 [I]  2
2019/06/05 10:20:25.072 [I]  zh_CN
2019/06/05 10:20:25.072 [I]  
2019/06/05 10:20:25.072 [I]  
2019/06/05 10:20:25.072 [I]  Chile
2019/06/05 10:20:25.072 [I]  https://wx.qlogo.cn/mmopen/vi_32/Q0j4TwGTfTJ3MCBReb3yXIB0HcLWfJw8jT3ricib0iaxd1Q1UIQf7Mqug9jj7rBrpHweJzkHy1Vh9QVjbQWZHiaHdQ/132
2019/06/05 10:20:25.413 [I]  map[key:plant conn:127.0.0.1:6379 dbNum: password:]
2019/06/05 10:20:25.426 [I]  老用户登陆 董事儿
2019/06/05 10:20:25.438 [I]  1
2019/06/05 10:20:25.439 [I]  opid插入redis成功
2019/06/05 10:20:26.802 [I]  初始化服务 url：/api/plant/config
2019/06/05 10:20:26.997 [I]  map[password: key:plant conn:127.0.0.1:6379 dbNum:]
2019/06/05 10:20:26.998 [I]  [48 50 53 57 49 55 56 48 52 99 101 54 57 53 57 102 57 57 99 53 54 98 99 57 99 102 50 55 48 100 99 48]
2019/06/05 10:20:26.998 [I]  025917804ce6959f99c56bc9cf270dc0
2019/06/05 10:20:26.999 [I]  这个老用户
2019/06/05 10:20:27.001 [I]  获取数据成功
2019/06/05 10:27:30.215 [I]  Login 登陆服务 /api/plant/login
2019/06/05 10:27:30.215 [I]  董事儿
2019/06/05 10:27:30.215 [I]  2
2019/06/05 10:27:30.215 [I]  zh_CN
2019/06/05 10:27:30.215 [I]  
2019/06/05 10:27:30.215 [I]  
2019/06/05 10:27:30.215 [I]  Chile
2019/06/05 10:27:30.215 [I]  https://wx.qlogo.cn/mmopen/vi_32/Q0j4TwGTfTJ3MCBReb3yXIB0HcLWfJw8jT3ricib0iaxd1Q1UIQf7Mqug9jj7rBrpHweJzkHy1Vh9QVjbQWZHiaHdQ/132
2019/06/05 10:27:30.613 [I]  map[conn:127.0.0.1:6379 dbNum: password: key:plant]
2019/06/05 10:27:30.647 [I]  老用户登陆 董事儿
2019/06/05 10:27:30.684 [I]  1
2019/06/05 10:27:30.685 [I]  opid插入redis成功
2019/06/05 10:27:31.837 [I]  初始化服务 url：/api/plant/config
2019/06/05 10:27:32.625 [I]  map[key:plant conn:127.0.0.1:6379 dbNum: password:]
2019/06/05 10:27:32.626 [I]  [48 50 53 57 49 55 56 48 52 99 101 54 57 53 57 102 57 57 99 53 54 98 99 57 99 102 50 55 48 100 99 48]
2019/06/05 10:27:32.626 [I]  025917804ce6959f99c56bc9cf270dc0
2019/06/05 10:27:32.626 [I]  这是新用户
2019/06/05 10:29:38.388 [I]  老用户登陆 
2019/06/05 10:29:38.419 [I]  0
2019/06/05 10:29:38.420 [I]  opid插入redis成功
2019/06/05 10:32:51.038 [I]  Login 登陆服务 /api/plant/login
2019/06/05 10:32:51.040 [I]  董事儿
2019/06/05 10:32:51.040 [I]  2
2019/06/05 10:32:51.040 [I]  zh_CN
2019/06/05 10:32:51.040 [I]  
2019/06/05 10:32:51.040 [I]  
2019/06/05 10:32:51.040 [I]  Chile
2019/06/05 10:32:51.040 [I]  https://wx.qlogo.cn/mmopen/vi_32/Q0j4TwGTfTJ3MCBReb3yXIB0HcLWfJw8jT3ricib0iaxd1Q1UIQf7Mqug9jj7rBrpHweJzkHy1Vh9QVjbQWZHiaHdQ/132
2019/06/05 10:32:51.363 [I]  map[key:plant conn:127.0.0.1:6379 dbNum: password:]
2019/06/05 10:32:51.383 [I]  老用户登陆 董事儿
2019/06/05 10:32:51.396 [I]  1
2019/06/05 10:32:51.396 [I]  opid插入redis成功
2019/06/05 10:32:52.718 [I]  初始化服务 url：/api/plant/config
2019/06/05 10:32:52.954 [I]  map[dbNum: password: key:plant conn:127.0.0.1:6379]
2019/06/05 10:32:52.955 [I]  [48 50 53 57 49 55 56 48 52 99 101 54 57 53 57 102 57 57 99 53 54 98 99 57 99 102 50 55 48 100 99 48]
2019/06/05 10:32:52.955 [I]  025917804ce6959f99c56bc9cf270dc0
2019/06/05 10:32:52.961 [I]  这个老用户
2019/06/05 10:32:52.962 [I]  获取数据成功
2019/06/05 10:33:26.204 [I]  Login 登陆服务 /api/plant/login
2019/06/05 10:33:26.204 [I]  董事儿
2019/06/05 10:33:26.204 [I]  2
2019/06/05 10:33:26.204 [I]  zh_CN
2019/06/05 10:33:26.204 [I]  
2019/06/05 10:33:26.204 [I]  
2019/06/05 10:33:26.204 [I]  Chile
2019/06/05 10:33:26.205 [I]  https://wx.qlogo.cn/mmopen/vi_32/Q0j4TwGTfTJ3MCBReb3yXIB0HcLWfJw8jT3ricib0iaxd1Q1UIQf7Mqug9jj7rBrpHweJzkHy1Vh9QVjbQWZHiaHdQ/132
2019/06/05 10:33:26.541 [I]  map[key:plant conn:127.0.0.1:6379 dbNum: password:]
2019/06/05 10:33:26.555 [I]  老用户登陆 董事儿
2019/06/05 10:33:26.568 [I]  1
2019/06/05 10:33:26.569 [I]  opid插入redis成功
2019/06/05 10:35:17.938 [I]  Login 登陆服务 /api/plant/login
2019/06/05 10:35:17.938 [I]  董事儿
2019/06/05 10:35:17.938 [I]  2
2019/06/05 10:35:17.938 [I]  zh_CN
2019/06/05 10:35:17.938 [I]  
2019/06/05 10:35:17.938 [I]  
2019/06/05 10:35:17.938 [I]  Chile
2019/06/05 10:35:17.938 [I]  https://wx.qlogo.cn/mmopen/vi_32/Q0j4TwGTfTJ3MCBReb3yXIB0HcLWfJw8jT3ricib0iaxd1Q1UIQf7Mqug9jj7rBrpHweJzkHy1Vh9QVjbQWZHiaHdQ/132
2019/06/05 10:35:18.243 [I]  map[dbNum: password: key:plant conn:127.0.0.1:6379]
2019/06/05 10:35:18.257 [I]  老用户登陆 董事儿
2019/06/05 10:35:18.268 [I]  1
2019/06/05 10:35:18.269 [I]  opid插入redis成功
2019/06/05 10:35:19.318 [I]  初始化服务 url：/api/plant/config
2019/06/05 10:35:19.570 [I]  map[key:plant conn:127.0.0.1:6379 dbNum: password:]
2019/06/05 10:35:19.571 [I]  [48 50 53 57 49 55 56 48 52 99 101 54 57 53 57 102 57 57 99 53 54 98 99 57 99 102 50 55 48 100 99 48]
2019/06/05 10:35:19.571 [I]  025917804ce6959f99c56bc9cf270dc0
2019/06/05 10:35:19.571 [I]  这个老用户
2019/06/05 10:35:19.571 [I]  获取数据成功
2019/06/05 10:45:04.419 [I]  Login 登陆服务 /api/plant/login
2019/06/05 10:45:04.420 [I]  董事儿
2019/06/05 10:45:04.420 [I]  2
2019/06/05 10:45:04.420 [I]  zh_CN
2019/06/05 10:45:04.420 [I]  
2019/06/05 10:45:04.420 [I]  
2019/06/05 10:45:04.420 [I]  Chile
2019/06/05 10:45:04.420 [I]  https://wx.qlogo.cn/mmopen/vi_32/Q0j4TwGTfTJ3MCBReb3yXIB0HcLWfJw8jT3ricib0iaxd1Q1UIQf7Mqug9jj7rBrpHweJzkHy1Vh9QVjbQWZHiaHdQ/132
2019/06/05 10:45:04.794 [I]  map[password: key:plant conn:127.0.0.1:6379 dbNum:]
2019/06/05 10:45:04.834 [I]  老用户登陆 董事儿
2019/06/05 10:45:04.850 [I]  1
2019/06/05 10:45:04.850 [I]  opid插入redis成功
2019/06/05 10:45:05.940 [I]  初始化服务 url：/api/plant/config
2019/06/05 10:45:06.183 [I]  map[password: key:plant conn:127.0.0.1:6379 dbNum:]
2019/06/05 10:45:06.183 [I]  [48 50 53 57 49 55 56 48 52 99 101 54 57 53 57 102 57 57 99 53 54 98 99 57 99 102 50 55 48 100 99 48]
2019/06/05 10:45:06.183 [I]  025917804ce6959f99c56bc9cf270dc0
2019/06/05 10:45:06.185 [I]  这个老用户
2019/06/05 10:45:06.186 [I]  获取数据成功
2019/06/05 10:50:39.625 [I]  Login 登陆服务 /api/plant/login
2019/06/05 10:50:39.629 [I]  董事儿
2019/06/05 10:50:39.630 [I]  2
2019/06/05 10:50:39.630 [I]  zh_CN
2019/06/05 10:50:39.630 [I]  
2019/06/05 10:50:39.630 [I]  
2019/06/05 10:50:39.630 [I]  Chile
2019/06/05 10:50:39.630 [I]  https://wx.qlogo.cn/mmopen/vi_32/Q0j4TwGTfTJ3MCBReb3yXIB0HcLWfJw8jT3ricib0iaxd1Q1UIQf7Mqug9jj7rBrpHweJzkHy1Vh9QVjbQWZHiaHdQ/132
2019/06/05 10:50:40.028 [I]  map[key:plant conn:127.0.0.1:6379 dbNum: password:]
2019/06/05 10:50:40.062 [I]  老用户登陆 董事儿
2019/06/05 10:50:40.080 [I]  1
2019/06/05 10:50:40.081 [I]  opid插入redis成功
2019/06/05 10:50:41.183 [I]  初始化服务 url：/api/plant/config
2019/06/05 10:50:41.814 [I]  map[key:plant conn:127.0.0.1:6379 dbNum: password:]
2019/06/05 10:50:41.815 [I]  [48 50 53 57 49 55 56 48 52 99 101 54 57 53 57 102 57 57 99 53 54 98 99 57 99 102 50 55 48 100 99 48]
2019/06/05 10:50:41.815 [I]  025917804ce6959f99c56bc9cf270dc0
2019/06/05 10:50:41.823 [I]  这个老用户
2019/06/05 10:50:41.827 [I]  获取数据成功
2019/06/05 10:56:35.940 [I]  Login 登陆服务 /api/plant/login
2019/06/05 10:56:35.940 [I]  董事儿
2019/06/05 10:56:35.940 [I]  2
2019/06/05 10:56:35.940 [I]  zh_CN
2019/06/05 10:56:35.940 [I]  
2019/06/05 10:56:35.941 [I]  
2019/06/05 10:56:35.941 [I]  Chile
2019/06/05 10:56:35.941 [I]  https://wx.qlogo.cn/mmopen/vi_32/Q0j4TwGTfTJ3MCBReb3yXIB0HcLWfJw8jT3ricib0iaxd1Q1UIQf7Mqug9jj7rBrpHweJzkHy1Vh9QVjbQWZHiaHdQ/132
2019/06/05 10:56:36.283 [I]  map[key:plant conn:127.0.0.1:6379 dbNum: password:]
2019/06/05 10:56:36.299 [I]  老用户登陆 董事儿
2019/06/05 10:56:36.315 [I]  1
2019/06/05 10:56:36.315 [I]  opid插入redis成功
2019/06/05 10:56:37.172 [I]  初始化服务 url：/api/plant/config
2019/06/05 10:56:37.465 [I]  map[key:plant conn:127.0.0.1:6379 dbNum: password:]
2019/06/05 10:56:37.466 [I]  [48 50 53 57 49 55 56 48 52 99 101 54 57 53 57 102 57 57 99 53 54 98 99 57 99 102 50 55 48 100 99 48]
2019/06/05 10:56:37.466 [I]  025917804ce6959f99c56bc9cf270dc0
2019/06/05 10:56:37.469 [I]  这个老用户
2019/06/05 10:56:37.471 [I]  获取数据成功
2019/06/05 11:08:07.702 [I]  Login 登陆服务 /api/plant/login
2019/06/05 11:08:07.702 [I]  董事儿
2019/06/05 11:08:07.702 [I]  2
2019/06/05 11:08:07.702 [I]  zh_CN
2019/06/05 11:08:07.702 [I]  
2019/06/05 11:08:07.702 [I]  
2019/06/05 11:08:07.702 [I]  Chile
2019/06/05 11:08:07.702 [I]  https://wx.qlogo.cn/mmopen/vi_32/Q0j4TwGTfTJ3MCBReb3yXIB0HcLWfJw8jT3ricib0iaxd1Q1UIQf7Mqug9jj7rBrpHweJzkHy1Vh9QVjbQWZHiaHdQ/132
2019/06/05 11:08:08.101 [I]  map[key:plant conn:127.0.0.1:6379 dbNum: password:]
2019/06/05 11:08:08.136 [I]  老用户登陆 董事儿
2019/06/05 11:08:08.152 [I]  1
2019/06/05 11:08:08.152 [I]  opid插入redis成功
2019/06/05 11:08:09.481 [I]  初始化服务 url：/api/plant/config
2019/06/05 11:08:09.780 [I]  map[key:plant conn:127.0.0.1:6379 dbNum: password:]
2019/06/05 11:08:09.781 [I]  [48 50 53 57 49 55 56 48 52 99 101 54 57 53 57 102 57 57 99 53 54 98 99 57 99 102 50 55 48 100 99 48]
2019/06/05 11:08:09.781 [I]  025917804ce6959f99c56bc9cf270dc0
2019/06/05 11:08:09.781 [I]  这个老用户
2019/06/05 11:08:09.783 [I]  获取数据成功
2019/06/05 11:11:51.516 [I]  Login 登陆服务 /api/plant/login
2019/06/05 11:11:51.516 [I]  董事儿
2019/06/05 11:11:51.516 [I]  2
2019/06/05 11:11:51.516 [I]  zh_CN
2019/06/05 11:11:51.516 [I]  
2019/06/05 11:11:51.516 [I]  
2019/06/05 11:11:51.516 [I]  Chile
2019/06/05 11:11:51.516 [I]  https://wx.qlogo.cn/mmopen/vi_32/Q0j4TwGTfTJ3MCBReb3yXIB0HcLWfJw8jT3ricib0iaxd1Q1UIQf7Mqug9jj7rBrpHweJzkHy1Vh9QVjbQWZHiaHdQ/132
2019/06/05 11:11:51.860 [I]  map[conn:127.0.0.1:6379 dbNum: password: key:plant]
2019/06/05 11:11:51.894 [I]  老用户登陆 董事儿
2019/06/05 11:11:51.908 [I]  1
2019/06/05 11:11:51.908 [I]  opid插入redis成功
2019/06/05 11:11:53.425 [I]  初始化服务 url：/api/plant/config
2019/06/05 11:11:53.641 [I]  map[key:plant conn:127.0.0.1:6379 dbNum: password:]
2019/06/05 11:11:53.642 [I]  [48 50 53 57 49 55 56 48 52 99 101 54 57 53 57 102 57 57 99 53 54 98 99 57 99 102 50 55 48 100 99 48]
2019/06/05 11:11:53.642 [I]  025917804ce6959f99c56bc9cf270dc0
2019/06/05 11:11:53.645 [I]  这个老用户
2019/06/05 11:11:53.646 [I]  获取数据成功
2019/06/05 11:17:33.093 [I]  Login 登陆服务 /api/plant/login
2019/06/05 11:17:33.094 [I]  董事儿
2019/06/05 11:17:33.094 [I]  2
2019/06/05 11:17:33.094 [I]  zh_CN
2019/06/05 11:17:33.094 [I]  
2019/06/05 11:17:33.094 [I]  
2019/06/05 11:17:33.094 [I]  Chile
2019/06/05 11:17:33.094 [I]  https://wx.qlogo.cn/mmopen/vi_32/Q0j4TwGTfTJ3MCBReb3yXIB0HcLWfJw8jT3ricib0iaxd1Q1UIQf7Mqug9jj7rBrpHweJzkHy1Vh9QVjbQWZHiaHdQ/132
2019/06/05 11:17:33.490 [I]  map[dbNum: password: key:plant conn:127.0.0.1:6379]
2019/06/05 11:17:33.508 [I]  老用户登陆 董事儿
2019/06/05 11:17:33.525 [I]  1
2019/06/05 11:17:33.526 [I]  opid插入redis成功
2019/06/05 11:17:34.719 [I]  初始化服务 url：/api/plant/config
2019/06/05 11:17:35.192 [I]  map[key:plant conn:127.0.0.1:6379 dbNum: password:]
2019/06/05 11:17:35.194 [I]  [48 50 53 57 49 55 56 48 52 99 101 54 57 53 57 102 57 57 99 53 54 98 99 57 99 102 50 55 48 100 99 48]
2019/06/05 11:17:35.194 [I]  025917804ce6959f99c56bc9cf270dc0
2019/06/05 11:17:35.194 [I]  这个老用户
2019/06/05 11:17:35.194 [I]  获取数据成功
2019/06/05 11:32:40.800 [I]  Login 登陆服务 /api/plant/login
2019/06/05 11:32:40.800 [I]  董事儿
2019/06/05 11:32:40.800 [I]  2
2019/06/05 11:32:40.800 [I]  zh_CN
2019/06/05 11:32:40.800 [I]  
2019/06/05 11:32:40.800 [I]  
2019/06/05 11:32:40.800 [I]  Chile
2019/06/05 11:32:40.800 [I]  https://wx.qlogo.cn/mmopen/vi_32/Q0j4TwGTfTJ3MCBReb3yXIB0HcLWfJw8jT3ricib0iaxd1Q1UIQf7Mqug9jj7rBrpHweJzkHy1Vh9QVjbQWZHiaHdQ/132
2019/06/05 11:32:41.129 [I]  map[password: key:plant conn:127.0.0.1:6379 dbNum:]
2019/06/05 11:32:41.148 [I]  老用户登陆 董事儿
2019/06/05 11:32:41.177 [I]  1
2019/06/05 11:32:41.177 [I]  opid插入redis成功
2019/06/05 11:32:42.305 [I]  初始化服务 url：/api/plant/config
2019/06/05 11:32:42.573 [I]  map[conn:127.0.0.1:6379 dbNum: password: key:plant]
2019/06/05 11:32:42.574 [I]  [48 50 53 57 49 55 56 48 52 99 101 54 57 53 57 102 57 57 99 53 54 98 99 57 99 102 50 55 48 100 99 48]
2019/06/05 11:32:42.574 [I]  025917804ce6959f99c56bc9cf270dc0
2019/06/05 11:32:42.574 [I]  这个老用户
2019/06/05 11:32:42.574 [I]  获取数据成功
2019/06/05 11:33:36.882 [I]  Login 登陆服务 /api/plant/login
2019/06/05 11:33:36.882 [I]  董事儿
2019/06/05 11:33:36.882 [I]  2
2019/06/05 11:33:36.882 [I]  zh_CN
2019/06/05 11:33:36.882 [I]  
2019/06/05 11:33:36.882 [I]  
2019/06/05 11:33:36.882 [I]  Chile
2019/06/05 11:33:36.882 [I]  https://wx.qlogo.cn/mmopen/vi_32/Q0j4TwGTfTJ3MCBReb3yXIB0HcLWfJw8jT3ricib0iaxd1Q1UIQf7Mqug9jj7rBrpHweJzkHy1Vh9QVjbQWZHiaHdQ/132
2019/06/05 11:33:37.249 [I]  map[dbNum: password: key:plant conn:127.0.0.1:6379]
2019/06/05 11:33:37.265 [I]  老用户登陆 董事儿
2019/06/05 11:33:37.283 [I]  1
2019/06/05 11:33:37.283 [I]  opid插入redis成功
2019/06/05 11:33:38.417 [I]  初始化服务 url：/api/plant/config
2019/06/05 11:33:38.680 [I]  map[password: key:plant conn:127.0.0.1:6379 dbNum:]
2019/06/05 11:33:38.681 [I]  [48 50 53 57 49 55 56 48 52 99 101 54 57 53 57 102 57 57 99 53 54 98 99 57 99 102 50 55 48 100 99 48]
2019/06/05 11:33:38.681 [I]  025917804ce6959f99c56bc9cf270dc0
2019/06/05 11:33:38.681 [I]  这个老用户
2019/06/05 11:33:38.681 [I]  获取数据成功
2019/06/05 11:37:24.811 [I]  Login 登陆服务 /api/plant/login
2019/06/05 11:37:24.811 [I]  董事儿
2019/06/05 11:37:24.811 [I]  2
2019/06/05 11:37:24.811 [I]  zh_CN
2019/06/05 11:37:24.811 [I]  
2019/06/05 11:37:24.811 [I]  
2019/06/05 11:37:24.811 [I]  Chile
2019/06/05 11:37:24.811 [I]  https://wx.qlogo.cn/mmopen/vi_32/Q0j4TwGTfTJ3MCBReb3yXIB0HcLWfJw8jT3ricib0iaxd1Q1UIQf7Mqug9jj7rBrpHweJzkHy1Vh9QVjbQWZHiaHdQ/132
2019/06/05 11:37:25.169 [I]  map[conn:127.0.0.1:6379 dbNum: password: key:plant]
2019/06/05 11:37:25.184 [I]  老用户登陆 董事儿
2019/06/05 11:37:25.199 [I]  1
2019/06/05 11:37:25.199 [I]  opid插入redis成功
2019/06/05 11:37:26.569 [I]  初始化服务 url：/api/plant/config
2019/06/05 11:37:26.818 [I]  map[key:plant conn:127.0.0.1:6379 dbNum: password:]
2019/06/05 11:37:26.818 [I]  [48 50 53 57 49 55 56 48 52 99 101 54 57 53 57 102 57 57 99 53 54 98 99 57 99 102 50 55 48 100 99 48]
2019/06/05 11:37:26.818 [I]  025917804ce6959f99c56bc9cf270dc0
2019/06/05 11:37:26.819 [I]  这个老用户
2019/06/05 11:37:26.819 [I]  获取数据成功
2019/06/05 11:38:01.197 [I]  Login 登陆服务 /api/plant/login
2019/06/05 11:38:01.197 [I]  董事儿
2019/06/05 11:38:01.197 [I]  2
2019/06/05 11:38:01.197 [I]  zh_CN
2019/06/05 11:38:01.197 [I]  
2019/06/05 11:38:01.197 [I]  
2019/06/05 11:38:01.197 [I]  Chile
2019/06/05 11:38:01.197 [I]  https://wx.qlogo.cn/mmopen/vi_32/Q0j4TwGTfTJ3MCBReb3yXIB0HcLWfJw8jT3ricib0iaxd1Q1UIQf7Mqug9jj7rBrpHweJzkHy1Vh9QVjbQWZHiaHdQ/132
2019/06/05 11:38:01.570 [I]  map[key:plant conn:127.0.0.1:6379 dbNum: password:]
2019/06/05 11:38:01.584 [I]  老用户登陆 董事儿
2019/06/05 11:38:01.597 [I]  1
2019/06/05 11:38:01.598 [I]  opid插入redis成功
2019/06/05 11:38:02.790 [I]  初始化服务 url：/api/plant/config
2019/06/05 11:38:03.047 [I]  map[password: key:plant conn:127.0.0.1:6379 dbNum:]
2019/06/05 11:38:03.048 [I]  [48 50 53 57 49 55 56 48 52 99 101 54 57 53 57 102 57 57 99 53 54 98 99 57 99 102 50 55 48 100 99 48]
2019/06/05 11:38:03.048 [I]  025917804ce6959f99c56bc9cf270dc0
2019/06/05 11:38:03.048 [I]  这个老用户
2019/06/05 11:38:03.049 [I]  获取数据成功
2019/06/05 11:50:33.005 [I]  Login 登陆服务 /api/plant/login
2019/06/05 11:50:33.005 [I]  董事儿
2019/06/05 11:50:33.005 [I]  2
2019/06/05 11:50:33.005 [I]  zh_CN
2019/06/05 11:50:33.005 [I]  
2019/06/05 11:50:33.005 [I]  
2019/06/05 11:50:33.005 [I]  Chile
2019/06/05 11:50:33.005 [I]  https://wx.qlogo.cn/mmopen/vi_32/Q0j4TwGTfTJ3MCBReb3yXIB0HcLWfJw8jT3ricib0iaxd1Q1UIQf7Mqug9jj7rBrpHweJzkHy1Vh9QVjbQWZHiaHdQ/132
2019/06/05 11:50:33.364 [I]  map[key:plant conn:127.0.0.1:6379 dbNum: password:]
2019/06/05 11:50:33.378 [I]  老用户登陆 董事儿
2019/06/05 11:50:33.393 [I]  1
2019/06/05 11:50:33.393 [I]  opid插入redis成功
2019/06/05 11:50:34.411 [I]  初始化服务 url：/api/plant/config
2019/06/05 11:50:34.632 [I]  map[key:plant conn:127.0.0.1:6379 dbNum: password:]
2019/06/05 11:50:34.633 [I]  [48 50 53 57 49 55 56 48 52 99 101 54 57 53 57 102 57 57 99 53 54 98 99 57 99 102 50 55 48 100 99 48]
2019/06/05 11:50:34.633 [I]  025917804ce6959f99c56bc9cf270dc0
2019/06/05 11:50:34.633 [I]  这个老用户
2019/06/05 11:50:34.633 [I]  获取数据成功
2019/06/05 13:55:15.082 [I]  Login 登陆服务 /api/plant/login
2019/06/05 13:55:15.083 [I]  董事儿
2019/06/05 13:55:15.083 [I]  2
2019/06/05 13:55:15.083 [I]  zh_CN
2019/06/05 13:55:15.083 [I]  
2019/06/05 13:55:15.083 [I]  
2019/06/05 13:55:15.083 [I]  Chile
2019/06/05 13:55:15.083 [I]  https://wx.qlogo.cn/mmopen/vi_32/Q0j4TwGTfTJ3MCBReb3yXIB0HcLWfJw8jT3ricib0iaxd1Q1UIQf7Mqug9jj7rBrpHweJzkHy1Vh9QVjbQWZHiaHdQ/132
2019/06/05 13:55:16.036 [I]  map[key:plant conn:127.0.0.1:6379 dbNum: password:]
2019/06/05 13:55:16.183 [I]  老用户登陆 董事儿
2019/06/05 13:55:16.382 [I]  1
2019/06/05 13:55:16.382 [I]  opid插入redis成功
2019/06/05 13:55:16.962 [I]  初始化服务 url：/api/plant/config
2019/06/05 13:55:19.462 [I]  map[key:plant conn:127.0.0.1:6379 dbNum: password:]
2019/06/05 13:55:19.466 [I]  [48 50 53 57 49 55 56 48 52 99 101 54 57 53 57 102 57 57 99 53 54 98 99 57 99 102 50 55 48 100 99 48]
2019/06/05 13:55:19.466 [I]  025917804ce6959f99c56bc9cf270dc0
2019/06/05 13:55:19.467 [I]  这是新用户
2019/06/05 13:55:36.292 [I]  Login 登陆服务 /api/plant/login
2019/06/05 13:55:36.292 [I]  董事儿
2019/06/05 13:55:36.292 [I]  2
2019/06/05 13:55:36.292 [I]  zh_CN
2019/06/05 13:55:36.292 [I]  
2019/06/05 13:55:36.292 [I]  
2019/06/05 13:55:36.292 [I]  Chile
2019/06/05 13:55:36.292 [I]  https://wx.qlogo.cn/mmopen/vi_32/Q0j4TwGTfTJ3MCBReb3yXIB0HcLWfJw8jT3ricib0iaxd1Q1UIQf7Mqug9jj7rBrpHweJzkHy1Vh9QVjbQWZHiaHdQ/132
2019/06/05 13:55:37.124 [I]  map[key:plant conn:127.0.0.1:6379 dbNum: password:]
2019/06/05 13:55:37.237 [I]  老用户登陆 董事儿
2019/06/05 13:55:37.702 [I]  1
2019/06/05 13:55:37.702 [I]  opid插入redis成功
2019/06/05 13:55:38.002 [I]  初始化服务 url：/api/plant/config
2019/06/05 13:55:42.723 [I]  map[key:plant conn:127.0.0.1:6379 dbNum: password:]
2019/06/05 13:55:42.723 [I]  [48 50 53 57 49 55 56 48 52 99 101 54 57 53 57 102 57 57 99 53 54 98 99 57 99 102 50 55 48 100 99 48]
2019/06/05 13:55:42.723 [I]  025917804ce6959f99c56bc9cf270dc0
2019/06/05 13:55:42.723 [I]  这是新用户
2019/06/05 13:55:52.258 [I]  Login 登陆服务 /api/plant/login
2019/06/05 13:55:52.258 [I]  董事儿
2019/06/05 13:55:52.258 [I]  2
2019/06/05 13:55:52.258 [I]  zh_CN
2019/06/05 13:55:52.258 [I]  
2019/06/05 13:55:52.258 [I]  
2019/06/05 13:55:52.258 [I]  Chile
2019/06/05 13:55:52.258 [I]  https://wx.qlogo.cn/mmopen/vi_32/Q0j4TwGTfTJ3MCBReb3yXIB0HcLWfJw8jT3ricib0iaxd1Q1UIQf7Mqug9jj7rBrpHweJzkHy1Vh9QVjbQWZHiaHdQ/132
2019/06/05 13:55:52.406 [I]  map[key:plant conn:127.0.0.1:6379 dbNum: password:]
2019/06/05 13:55:52.428 [I]  老用户登陆 董事儿
2019/06/05 13:55:52.448 [I]  1
2019/06/05 13:55:52.448 [I]  opid插入redis成功
2019/06/05 13:55:52.549 [I]  初始化服务 url：/api/plant/config
2019/06/05 13:55:53.037 [I]  map[password: key:plant conn:127.0.0.1:6379 dbNum:]
2019/06/05 13:55:53.037 [I]  [48 50 53 57 49 55 56 48 52 99 101 54 57 53 57 102 57 57 99 53 54 98 99 57 99 102 50 55 48 100 99 48]
2019/06/05 13:55:53.037 [I]  025917804ce6959f99c56bc9cf270dc0
2019/06/05 13:55:53.037 [I]  这是新用户
2019/06/05 14:01:05.081 [I]  Login 登陆服务 /api/plant/login
2019/06/05 14:01:05.081 [I]  董事儿
2019/06/05 14:01:05.081 [I]  2
2019/06/05 14:01:05.081 [I]  zh_CN
2019/06/05 14:01:05.081 [I]  
2019/06/05 14:01:05.081 [I]  
2019/06/05 14:01:05.081 [I]  Chile
2019/06/05 14:01:05.081 [I]  https://wx.qlogo.cn/mmopen/vi_32/Q0j4TwGTfTJ3MCBReb3yXIB0HcLWfJw8jT3ricib0iaxd1Q1UIQf7Mqug9jj7rBrpHweJzkHy1Vh9QVjbQWZHiaHdQ/132
2019/06/05 14:01:05.525 [I]  map[key:plant conn:127.0.0.1:6379 dbNum: password:]
2019/06/05 14:01:05.558 [I]  老用户登陆 董事儿
2019/06/05 14:01:05.589 [I]  1
2019/06/05 14:01:05.590 [I]  opid插入redis成功
2019/06/05 14:01:06.675 [I]  初始化服务 url：/api/plant/config
2019/06/05 14:01:07.313 [I]  map[key:plant conn:127.0.0.1:6379 dbNum: password:]
2019/06/05 14:01:07.314 [I]  [48 50 53 57 49 55 56 48 52 99 101 54 57 53 57 102 57 57 99 53 54 98 99 57 99 102 50 55 48 100 99 48]
2019/06/05 14:01:07.314 [I]  025917804ce6959f99c56bc9cf270dc0
2019/06/05 14:01:07.315 [I]  这个老用户
2019/06/05 14:01:07.315 [I]  获取数据成功
2019/06/05 14:10:51.762 [I]  Login 登陆服务 /api/plant/login
2019/06/05 14:10:51.766 [I]  董事儿
2019/06/05 14:10:51.766 [I]  2
2019/06/05 14:10:51.766 [I]  zh_CN
2019/06/05 14:10:51.766 [I]  
2019/06/05 14:10:51.766 [I]  
2019/06/05 14:10:51.766 [I]  Chile
2019/06/05 14:10:51.766 [I]  https://wx.qlogo.cn/mmopen/vi_32/Q0j4TwGTfTJ3MCBReb3yXIB0HcLWfJw8jT3ricib0iaxd1Q1UIQf7Mqug9jj7rBrpHweJzkHy1Vh9QVjbQWZHiaHdQ/132
2019/06/05 14:10:53.563 [I]  map[key:plant conn:127.0.0.1:6379 dbNum: password:]
2019/06/05 14:11:41.654 [I]  Login 登陆服务 /api/plant/login
2019/06/05 14:11:41.654 [I]  董事儿
2019/06/05 14:11:41.654 [I]  2
2019/06/05 14:11:41.654 [I]  zh_CN
2019/06/05 14:11:41.654 [I]  
2019/06/05 14:11:41.654 [I]  
2019/06/05 14:11:41.654 [I]  Chile
2019/06/05 14:11:41.654 [I]  https://wx.qlogo.cn/mmopen/vi_32/Q0j4TwGTfTJ3MCBReb3yXIB0HcLWfJw8jT3ricib0iaxd1Q1UIQf7Mqug9jj7rBrpHweJzkHy1Vh9QVjbQWZHiaHdQ/132
2019/06/05 14:11:42.114 [I]  map[dbNum: password: key:plant conn:127.0.0.1:6379]
2019/06/05 14:11:42.347 [I]  老用户登陆 董事儿
2019/06/05 14:11:42.396 [I]  1
2019/06/05 14:11:42.396 [I]  opid插入redis成功
2019/06/05 14:11:43.533 [I]  初始化服务 url：/api/plant/config
2019/06/05 14:11:44.695 [I]  map[key:plant conn:127.0.0.1:6379 dbNum: password:]
2019/06/05 14:11:44.696 [I]  [48 50 53 57 49 55 56 48 52 99 101 54 57 53 57 102 57 57 99 53 54 98 99 57 99 102 50 55 48 100 99 48]
2019/06/05 14:11:44.696 [I]  025917804ce6959f99c56bc9cf270dc0
2019/06/05 14:11:44.700 [I]  这个老用户
2019/06/05 14:11:44.702 [I]  获取数据成功
2019/06/05 14:26:21.151 [I]  Login 登陆服务 /api/plant/login
2019/06/05 14:26:21.156 [I]  董事儿
2019/06/05 14:26:21.156 [I]  2
2019/06/05 14:26:21.156 [I]  zh_CN
2019/06/05 14:26:21.156 [I]  
2019/06/05 14:26:21.156 [I]  
2019/06/05 14:26:21.156 [I]  Chile
2019/06/05 14:26:21.156 [I]  https://wx.qlogo.cn/mmopen/vi_32/Q0j4TwGTfTJ3MCBReb3yXIB0HcLWfJw8jT3ricib0iaxd1Q1UIQf7Mqug9jj7rBrpHweJzkHy1Vh9QVjbQWZHiaHdQ/132
2019/06/05 14:26:22.948 [I]  map[key:plant conn:127.0.0.1:6379 dbNum: password:]
2019/06/05 14:26:23.197 [I]  老用户登陆 董事儿
2019/06/05 14:26:23.348 [I]  1
2019/06/05 14:26:23.350 [I]  opid插入redis成功
2019/06/05 14:26:23.743 [I]  初始化服务 url：/api/plant/config
2019/06/05 14:26:25.560 [I]  map[key:plant conn:127.0.0.1:6379 dbNum: password:]
2019/06/05 14:26:25.561 [I]  [48 50 53 57 49 55 56 48 52 99 101 54 57 53 57 102 57 57 99 53 54 98 99 57 99 102 50 55 48 100 99 48]
2019/06/05 14:26:25.561 [I]  025917804ce6959f99c56bc9cf270dc0
2019/06/05 14:26:25.565 [I]  这个老用户
2019/06/05 14:26:25.566 [I]  获取数据成功
2019/06/05 14:26:48.656 [I]  老用户登陆 
2019/06/05 14:26:48.738 [I]  0
2019/06/05 14:26:48.741 [I]  opid插入redis成功
2019/06/05 14:26:51.690 [I]  Login 登陆服务 /api/plant/login
2019/06/05 14:26:51.690 [I]  董事儿
2019/06/05 14:26:51.690 [I]  2
2019/06/05 14:26:51.690 [I]  zh_CN
2019/06/05 14:26:51.690 [I]  
2019/06/05 14:26:51.690 [I]  
2019/06/05 14:26:51.690 [I]  Chile
2019/06/05 14:26:51.690 [I]  https://wx.qlogo.cn/mmopen/vi_32/Q0j4TwGTfTJ3MCBReb3yXIB0HcLWfJw8jT3ricib0iaxd1Q1UIQf7Mqug9jj7rBrpHweJzkHy1Vh9QVjbQWZHiaHdQ/132
2019/06/05 14:26:52.321 [I]  map[key:plant conn:127.0.0.1:6379 dbNum: password:]
2019/06/05 14:26:52.423 [I]  老用户登陆 董事儿
2019/06/05 14:26:52.476 [I]  1
2019/06/05 14:26:52.477 [I]  opid插入redis成功
2019/06/05 14:26:53.920 [I]  初始化服务 url：/api/plant/config
2019/06/05 14:26:54.958 [I]  map[key:plant conn:127.0.0.1:6379 dbNum: password:]
2019/06/05 14:26:54.962 [I]  [48 50 53 57 49 55 56 48 52 99 101 54 57 53 57 102 57 57 99 53 54 98 99 57 99 102 50 55 48 100 99 48]
2019/06/05 14:26:54.962 [I]  025917804ce6959f99c56bc9cf270dc0
2019/06/05 14:26:54.962 [I]  这个老用户
2019/06/05 14:26:54.963 [I]  获取数据成功
2019/06/05 14:44:36.050 [I]  Login 登陆服务 /api/plant/login
2019/06/05 14:44:36.052 [I]  董事儿
2019/06/05 14:44:36.053 [I]  2
2019/06/05 14:44:36.053 [I]  zh_CN
2019/06/05 14:44:36.053 [I]  
2019/06/05 14:44:36.053 [I]  
2019/06/05 14:44:36.053 [I]  Chile
2019/06/05 14:44:36.053 [I]  https://wx.qlogo.cn/mmopen/vi_32/Q0j4TwGTfTJ3MCBReb3yXIB0HcLWfJw8jT3ricib0iaxd1Q1UIQf7Mqug9jj7rBrpHweJzkHy1Vh9QVjbQWZHiaHdQ/132
2019/06/05 14:44:38.389 [I]  map[key:plant conn:127.0.0.1:6379 dbNum: password:]
2019/06/05 14:44:39.482 [I]  老用户登陆 董事儿
2019/06/05 14:44:40.821 [I]  1
2019/06/05 14:44:40.822 [I]  opid插入redis成功
2019/06/05 14:44:57.768 [I]  Login 登陆服务 /api/plant/login
2019/06/05 14:44:57.768 [I]  董事儿
2019/06/05 14:44:57.768 [I]  2
2019/06/05 14:44:57.768 [I]  zh_CN
2019/06/05 14:44:57.768 [I]  
2019/06/05 14:44:57.768 [I]  
2019/06/05 14:44:57.768 [I]  Chile
2019/06/05 14:44:57.768 [I]  https://wx.qlogo.cn/mmopen/vi_32/Q0j4TwGTfTJ3MCBReb3yXIB0HcLWfJw8jT3ricib0iaxd1Q1UIQf7Mqug9jj7rBrpHweJzkHy1Vh9QVjbQWZHiaHdQ/132
2019/06/05 14:44:58.584 [I]  map[conn:127.0.0.1:6379 dbNum: password: key:plant]
2019/06/05 14:44:58.813 [I]  老用户登陆 董事儿
2019/06/05 14:44:59.557 [I]  1
2019/06/05 14:44:59.558 [I]  opid插入redis成功
2019/06/05 14:45:00.872 [I]  初始化服务 url：/api/plant/config
2019/06/05 14:45:04.748 [I]  map[dbNum: password: key:plant conn:127.0.0.1:6379]
2019/06/05 14:45:04.749 [I]  [48 50 53 57 49 55 56 48 52 99 101 54 57 53 57 102 57 57 99 53 54 98 99 57 99 102 50 55 48 100 99 48]
2019/06/05 14:45:04.749 [I]  025917804ce6959f99c56bc9cf270dc0
2019/06/05 14:45:04.762 [I]  这个老用户
2019/06/05 14:45:04.763 [I]  获取数据成功
2019/06/05 14:45:20.248 [I]  Login 登陆服务 /api/plant/login
2019/06/05 14:45:20.248 [I]  董事儿
2019/06/05 14:45:20.249 [I]  2
2019/06/05 14:45:20.249 [I]  zh_CN
2019/06/05 14:45:20.249 [I]  
2019/06/05 14:45:20.249 [I]  
2019/06/05 14:45:20.249 [I]  Chile
2019/06/05 14:45:20.249 [I]  https://wx.qlogo.cn/mmopen/vi_32/Q0j4TwGTfTJ3MCBReb3yXIB0HcLWfJw8jT3ricib0iaxd1Q1UIQf7Mqug9jj7rBrpHweJzkHy1Vh9QVjbQWZHiaHdQ/132
2019/06/05 14:45:20.772 [I]  map[password: key:plant conn:127.0.0.1:6379 dbNum:]
2019/06/05 14:45:20.853 [I]  老用户登陆 董事儿
2019/06/05 14:45:20.896 [I]  1
2019/06/05 14:45:20.896 [I]  opid插入redis成功
2019/06/05 14:45:22.004 [I]  初始化服务 url：/api/plant/config
2019/06/05 14:45:23.110 [I]  map[key:plant conn:127.0.0.1:6379 dbNum: password:]
2019/06/05 14:45:23.111 [I]  [48 50 53 57 49 55 56 48 52 99 101 54 57 53 57 102 57 57 99 53 54 98 99 57 99 102 50 55 48 100 99 48]
2019/06/05 14:45:23.111 [I]  025917804ce6959f99c56bc9cf270dc0
2019/06/05 14:45:23.113 [I]  这个老用户
2019/06/05 14:45:23.113 [I]  获取数据成功
2019/06/05 14:46:10.792 [I]  Login 登陆服务 /api/plant/login
2019/06/05 14:46:10.792 [I]  董事儿
2019/06/05 14:46:10.792 [I]  2
2019/06/05 14:46:10.792 [I]  zh_CN
2019/06/05 14:46:10.792 [I]  
2019/06/05 14:46:10.792 [I]  
2019/06/05 14:46:10.792 [I]  Chile
2019/06/05 14:46:10.792 [I]  https://wx.qlogo.cn/mmopen/vi_32/Q0j4TwGTfTJ3MCBReb3yXIB0HcLWfJw8jT3ricib0iaxd1Q1UIQf7Mqug9jj7rBrpHweJzkHy1Vh9QVjbQWZHiaHdQ/132
2019/06/05 14:46:11.990 [I]  map[key:plant conn:127.0.0.1:6379 dbNum: password:]
2019/06/05 14:46:12.319 [I]  老用户登陆 董事儿
2019/06/05 14:46:12.459 [I]  1
2019/06/05 14:46:12.459 [I]  opid插入redis成功
2019/06/05 14:46:13.028 [I]  初始化服务 url：/api/plant/config
2019/06/05 14:46:19.152 [I]  map[key:plant conn:127.0.0.1:6379 dbNum: password:]
2019/06/05 14:46:19.153 [I]  [48 50 53 57 49 55 56 48 52 99 101 54 57 53 57 102 57 57 99 53 54 98 99 57 99 102 50 55 48 100 99 48]
2019/06/05 14:46:19.153 [I]  025917804ce6959f99c56bc9cf270dc0
2019/06/05 14:46:19.155 [I]  这个老用户
2019/06/05 14:46:19.156 [I]  获取数据成功
2019/06/05 14:46:31.969 [I]  Login 登陆服务 /api/plant/login
2019/06/05 14:46:31.969 [I]  董事儿
2019/06/05 14:46:31.969 [I]  2
2019/06/05 14:46:31.969 [I]  zh_CN
2019/06/05 14:46:31.969 [I]  
2019/06/05 14:46:31.969 [I]  
2019/06/05 14:46:31.969 [I]  Chile
2019/06/05 14:46:31.969 [I]  https://wx.qlogo.cn/mmopen/vi_32/Q0j4TwGTfTJ3MCBReb3yXIB0HcLWfJw8jT3ricib0iaxd1Q1UIQf7Mqug9jj7rBrpHweJzkHy1Vh9QVjbQWZHiaHdQ/132
2019/06/05 14:46:33.016 [I]  map[key:plant conn:127.0.0.1:6379 dbNum: password:]
2019/06/05 14:46:33.120 [I]  老用户登陆 董事儿
2019/06/05 14:46:33.717 [I]  1
2019/06/05 14:46:33.717 [I]  opid插入redis成功
2019/06/05 14:46:35.332 [I]  初始化服务 url：/api/plant/config
2019/06/05 14:46:35.776 [I]  map[password: key:plant conn:127.0.0.1:6379 dbNum:]
2019/06/05 14:46:35.777 [I]  [48 50 53 57 49 55 56 48 52 99 101 54 57 53 57 102 57 57 99 53 54 98 99 57 99 102 50 55 48 100 99 48]
2019/06/05 14:46:35.777 [I]  025917804ce6959f99c56bc9cf270dc0
2019/06/05 14:46:35.778 [I]  这个老用户
2019/06/05 14:46:35.779 [I]  获取数据成功
2019/06/05 14:46:49.698 [I]  Login 登陆服务 /api/plant/login
2019/06/05 14:46:49.698 [I]  董事儿
2019/06/05 14:46:49.698 [I]  2
2019/06/05 14:46:49.698 [I]  zh_CN
2019/06/05 14:46:49.698 [I]  
2019/06/05 14:46:49.698 [I]  
2019/06/05 14:46:49.698 [I]  Chile
2019/06/05 14:46:49.698 [I]  https://wx.qlogo.cn/mmopen/vi_32/Q0j4TwGTfTJ3MCBReb3yXIB0HcLWfJw8jT3ricib0iaxd1Q1UIQf7Mqug9jj7rBrpHweJzkHy1Vh9QVjbQWZHiaHdQ/132
2019/06/05 14:46:49.905 [I]  map[key:plant conn:127.0.0.1:6379 dbNum: password:]
2019/06/05 14:46:50.062 [I]  老用户登陆 董事儿
2019/06/05 14:46:50.314 [I]  1
2019/06/05 14:46:50.314 [I]  opid插入redis成功
2019/06/05 14:46:51.320 [I]  初始化服务 url：/api/plant/config
2019/06/05 14:46:54.578 [I]  map[conn:127.0.0.1:6379 dbNum: password: key:plant]
2019/06/05 14:46:54.578 [I]  [48 50 53 57 49 55 56 48 52 99 101 54 57 53 57 102 57 57 99 53 54 98 99 57 99 102 50 55 48 100 99 48]
2019/06/05 14:46:54.578 [I]  025917804ce6959f99c56bc9cf270dc0
2019/06/05 14:46:54.578 [I]  这个老用户
2019/06/05 14:46:54.579 [I]  获取数据成功
2019/06/05 14:47:12.633 [I]  Login 登陆服务 /api/plant/login
2019/06/05 14:47:12.633 [I]  董事儿
2019/06/05 14:47:12.633 [I]  2
2019/06/05 14:47:12.633 [I]  zh_CN
2019/06/05 14:47:12.633 [I]  
2019/06/05 14:47:12.633 [I]  
2019/06/05 14:47:12.633 [I]  Chile
2019/06/05 14:47:12.633 [I]  https://wx.qlogo.cn/mmopen/vi_32/Q0j4TwGTfTJ3MCBReb3yXIB0HcLWfJw8jT3ricib0iaxd1Q1UIQf7Mqug9jj7rBrpHweJzkHy1Vh9QVjbQWZHiaHdQ/132
2019/06/05 14:47:13.225 [I]  map[key:plant conn:127.0.0.1:6379 dbNum: password:]
2019/06/05 14:47:13.259 [I]  老用户登陆 董事儿
2019/06/05 14:47:13.280 [I]  1
2019/06/05 14:47:13.280 [I]  opid插入redis成功
2019/06/05 14:47:13.988 [I]  初始化服务 url：/api/plant/config
2019/06/05 14:47:15.533 [I]  map[password: key:plant conn:127.0.0.1:6379 dbNum:]
2019/06/05 14:47:15.533 [I]  [48 50 53 57 49 55 56 48 52 99 101 54 57 53 57 102 57 57 99 53 54 98 99 57 99 102 50 55 48 100 99 48]
2019/06/05 14:47:15.533 [I]  025917804ce6959f99c56bc9cf270dc0
2019/06/05 14:47:15.533 [I]  这个老用户
2019/06/05 14:47:15.533 [I]  获取数据成功
2019/06/05 14:47:29.320 [I]  Login 登陆服务 /api/plant/login
2019/06/05 14:47:29.320 [I]  董事儿
2019/06/05 14:47:29.320 [I]  2
2019/06/05 14:47:29.320 [I]  zh_CN
2019/06/05 14:47:29.320 [I]  
2019/06/05 14:47:29.320 [I]  
2019/06/05 14:47:29.320 [I]  Chile
2019/06/05 14:47:29.320 [I]  https://wx.qlogo.cn/mmopen/vi_32/Q0j4TwGTfTJ3MCBReb3yXIB0HcLWfJw8jT3ricib0iaxd1Q1UIQf7Mqug9jj7rBrpHweJzkHy1Vh9QVjbQWZHiaHdQ/132
2019/06/05 14:47:29.501 [I]  map[key:plant conn:127.0.0.1:6379 dbNum: password:]
2019/06/05 14:47:29.546 [I]  老用户登陆 董事儿
2019/06/05 14:47:29.613 [I]  1
2019/06/05 14:47:29.613 [I]  opid插入redis成功
2019/06/05 14:47:30.257 [I]  初始化服务 url：/api/plant/config
2019/06/05 14:47:31.379 [I]  map[password: key:plant conn:127.0.0.1:6379 dbNum:]
2019/06/05 14:47:31.379 [I]  [48 50 53 57 49 55 56 48 52 99 101 54 57 53 57 102 57 57 99 53 54 98 99 57 99 102 50 55 48 100 99 48]
2019/06/05 14:47:31.379 [I]  025917804ce6959f99c56bc9cf270dc0
2019/06/05 14:47:31.380 [I]  这个老用户
2019/06/05 14:47:31.380 [I]  获取数据成功
2019/06/05 14:48:01.631 [I]  Login 登陆服务 /api/plant/login
2019/06/05 14:48:01.631 [I]  董事儿
2019/06/05 14:48:01.631 [I]  2
2019/06/05 14:48:01.631 [I]  zh_CN
2019/06/05 14:48:01.631 [I]  
2019/06/05 14:48:01.631 [I]  
2019/06/05 14:48:01.631 [I]  Chile
2019/06/05 14:48:01.631 [I]  https://wx.qlogo.cn/mmopen/vi_32/Q0j4TwGTfTJ3MCBReb3yXIB0HcLWfJw8jT3ricib0iaxd1Q1UIQf7Mqug9jj7rBrpHweJzkHy1Vh9QVjbQWZHiaHdQ/132
2019/06/05 14:48:02.299 [I]  map[key:plant conn:127.0.0.1:6379 dbNum: password:]
2019/06/05 14:48:02.385 [I]  老用户登陆 董事儿
2019/06/05 14:48:02.504 [I]  1
2019/06/05 14:48:02.505 [I]  opid插入redis成功
2019/06/05 14:48:03.740 [I]  初始化服务 url：/api/plant/config
2019/06/05 14:48:05.425 [I]  map[conn:127.0.0.1:6379 dbNum: password: key:plant]
2019/06/05 14:48:05.425 [I]  [48 50 53 57 49 55 56 48 52 99 101 54 57 53 57 102 57 57 99 53 54 98 99 57 99 102 50 55 48 100 99 48]
2019/06/05 14:48:05.425 [I]  025917804ce6959f99c56bc9cf270dc0
2019/06/05 14:48:05.431 [I]  这个老用户
2019/06/05 14:48:05.434 [I]  获取数据成功
2019/06/05 14:48:33.154 [I]  Login 登陆服务 /api/plant/login
2019/06/05 14:48:33.154 [I]  董事儿
2019/06/05 14:48:33.154 [I]  2
2019/06/05 14:48:33.154 [I]  zh_CN
2019/06/05 14:48:33.154 [I]  
2019/06/05 14:48:33.154 [I]  
2019/06/05 14:48:33.154 [I]  Chile
2019/06/05 14:48:33.154 [I]  https://wx.qlogo.cn/mmopen/vi_32/Q0j4TwGTfTJ3MCBReb3yXIB0HcLWfJw8jT3ricib0iaxd1Q1UIQf7Mqug9jj7rBrpHweJzkHy1Vh9QVjbQWZHiaHdQ/132
2019/06/05 14:48:33.537 [I]  map[key:plant conn:127.0.0.1:6379 dbNum: password:]
2019/06/05 14:48:33.556 [I]  老用户登陆 董事儿
2019/06/05 14:48:33.596 [I]  1
2019/06/05 14:48:33.597 [I]  opid插入redis成功
2019/06/05 14:48:34.152 [I]  初始化服务 url：/api/plant/config
2019/06/05 14:48:34.551 [I]  map[key:plant conn:127.0.0.1:6379 dbNum: password:]
2019/06/05 14:48:34.557 [I]  [48 50 53 57 49 55 56 48 52 99 101 54 57 53 57 102 57 57 99 53 54 98 99 57 99 102 50 55 48 100 99 48]
2019/06/05 14:48:34.557 [I]  025917804ce6959f99c56bc9cf270dc0
2019/06/05 14:48:34.558 [I]  这个老用户
2019/06/05 14:48:34.558 [I]  获取数据成功
2019/06/05 14:53:43.990 [I]  Login 登陆服务 /api/plant/login
2019/06/05 14:53:43.990 [I]  董事儿
2019/06/05 14:53:43.990 [I]  2
2019/06/05 14:53:43.990 [I]  zh_CN
2019/06/05 14:53:43.990 [I]  
2019/06/05 14:53:43.990 [I]  
2019/06/05 14:53:43.990 [I]  Chile
2019/06/05 14:53:43.990 [I]  https://wx.qlogo.cn/mmopen/vi_32/Q0j4TwGTfTJ3MCBReb3yXIB0HcLWfJw8jT3ricib0iaxd1Q1UIQf7Mqug9jj7rBrpHweJzkHy1Vh9QVjbQWZHiaHdQ/132
2019/06/05 14:53:44.408 [I]  map[key:plant conn:127.0.0.1:6379 dbNum: password:]
2019/06/05 14:53:44.451 [I]  老用户登陆 董事儿
2019/06/05 14:53:44.478 [I]  1
2019/06/05 14:53:44.479 [I]  opid插入redis成功
2019/06/05 14:53:46.053 [I]  初始化服务 url：/api/plant/config
2019/06/05 14:53:46.572 [I]  map[dbNum: password: key:plant conn:127.0.0.1:6379]
2019/06/05 14:53:46.573 [I]  [48 50 53 57 49 55 56 48 52 99 101 54 57 53 57 102 57 57 99 53 54 98 99 57 99 102 50 55 48 100 99 48]
2019/06/05 14:53:46.573 [I]  025917804ce6959f99c56bc9cf270dc0
2019/06/05 14:53:46.573 [I]  这个老用户
2019/06/05 14:53:46.574 [I]  获取数据成功
2019/06/05 15:17:12.008 [I]  Login 登陆服务 /api/plant/login
2019/06/05 15:17:12.009 [I]  董事儿
2019/06/05 15:17:12.009 [I]  2
2019/06/05 15:17:12.009 [I]  zh_CN
2019/06/05 15:17:12.009 [I]  
2019/06/05 15:17:12.009 [I]  
2019/06/05 15:17:12.009 [I]  Chile
2019/06/05 15:17:12.009 [I]  https://wx.qlogo.cn/mmopen/vi_32/Q0j4TwGTfTJ3MCBReb3yXIB0HcLWfJw8jT3ricib0iaxd1Q1UIQf7Mqug9jj7rBrpHweJzkHy1Vh9QVjbQWZHiaHdQ/132
2019/06/05 15:17:12.427 [I]  map[password: key:plant conn:127.0.0.1:6379 dbNum:]
2019/06/05 15:17:12.594 [I]  老用户登陆 董事儿
2019/06/05 15:17:12.625 [I]  1
2019/06/05 15:17:12.626 [I]  opid插入redis成功
2019/06/05 15:17:14.307 [I]  初始化服务 url：/api/plant/config
2019/06/05 15:17:15.159 [I]  map[key:plant conn:127.0.0.1:6379 dbNum: password:]
2019/06/05 15:17:15.159 [I]  [48 50 53 57 49 55 56 48 52 99 101 54 57 53 57 102 57 57 99 53 54 98 99 57 99 102 50 55 48 100 99 48]
2019/06/05 15:17:15.159 [I]  025917804ce6959f99c56bc9cf270dc0
2019/06/05 15:17:15.162 [I]  这个老用户
2019/06/05 15:17:15.164 [I]  获取数据成功
2019/06/05 15:25:08.238 [I]  Login 登陆服务 /api/plant/login
2019/06/05 15:25:08.242 [I]  董事儿
2019/06/05 15:25:08.242 [I]  2
2019/06/05 15:25:08.242 [I]  zh_CN
2019/06/05 15:25:08.242 [I]  
2019/06/05 15:25:08.242 [I]  
2019/06/05 15:25:08.242 [I]  Chile
2019/06/05 15:25:08.242 [I]  https://wx.qlogo.cn/mmopen/vi_32/Q0j4TwGTfTJ3MCBReb3yXIB0HcLWfJw8jT3ricib0iaxd1Q1UIQf7Mqug9jj7rBrpHweJzkHy1Vh9QVjbQWZHiaHdQ/132
2019/06/05 15:25:09.602 [I]  map[key:plant conn:127.0.0.1:6379 dbNum: password:]
2019/06/05 15:25:09.642 [I]  老用户登陆 董事儿
2019/06/05 15:25:09.696 [I]  1
2019/06/05 15:25:09.696 [I]  opid插入redis成功
2019/06/05 15:25:29.769 [I]  Login 登陆服务 /api/plant/login
2019/06/05 15:25:29.769 [I]  董事儿
2019/06/05 15:25:29.769 [I]  2
2019/06/05 15:25:29.769 [I]  zh_CN
2019/06/05 15:25:29.769 [I]  
2019/06/05 15:25:29.769 [I]  
2019/06/05 15:25:29.769 [I]  Chile
2019/06/05 15:25:29.769 [I]  https://wx.qlogo.cn/mmopen/vi_32/Q0j4TwGTfTJ3MCBReb3yXIB0HcLWfJw8jT3ricib0iaxd1Q1UIQf7Mqug9jj7rBrpHweJzkHy1Vh9QVjbQWZHiaHdQ/132
2019/06/05 15:25:30.096 [I]  map[key:plant conn:127.0.0.1:6379 dbNum: password:]
2019/06/05 15:25:30.110 [I]  老用户登陆 董事儿
2019/06/05 15:25:30.123 [I]  1
2019/06/05 15:25:30.123 [I]  opid插入redis成功
2019/06/05 15:25:30.204 [I]  初始化服务 url：/api/plant/config
2019/06/05 15:25:30.586 [I]  map[password: key:plant conn:127.0.0.1:6379 dbNum:]
2019/06/05 15:25:30.587 [I]  [48 50 53 57 49 55 56 48 52 99 101 54 57 53 57 102 57 57 99 53 54 98 99 57 99 102 50 55 48 100 99 48]
2019/06/05 15:25:30.587 [I]  025917804ce6959f99c56bc9cf270dc0
2019/06/05 15:25:30.595 [I]  这个老用户
2019/06/05 15:25:30.599 [I]  获取数据成功
2019/06/05 15:36:51.977 [I]  Login 登陆服务 /api/plant/login
2019/06/05 15:36:51.992 [I]  董事儿
2019/06/05 15:36:51.992 [I]  2
2019/06/05 15:36:51.992 [I]  zh_CN
2019/06/05 15:36:51.992 [I]  
2019/06/05 15:36:51.992 [I]  
2019/06/05 15:36:51.992 [I]  Chile
2019/06/05 15:36:51.992 [I]  https://wx.qlogo.cn/mmopen/vi_32/Q0j4TwGTfTJ3MCBReb3yXIB0HcLWfJw8jT3ricib0iaxd1Q1UIQf7Mqug9jj7rBrpHweJzkHy1Vh9QVjbQWZHiaHdQ/132
2019/06/05 15:36:52.383 [I]  map[key:plant conn:127.0.0.1:6379 dbNum: password:]
2019/06/05 15:36:52.402 [I]  老用户登陆 董事儿
2019/06/05 15:36:52.422 [I]  1
2019/06/05 15:36:52.422 [I]  opid插入redis成功
2019/06/05 15:36:53.447 [I]  初始化服务 url：/api/plant/config
2019/06/05 15:36:54.117 [I]  map[dbNum: password: key:plant conn:127.0.0.1:6379]
2019/06/05 15:36:54.118 [I]  [48 50 53 57 49 55 56 48 52 99 101 54 57 53 57 102 57 57 99 53 54 98 99 57 99 102 50 55 48 100 99 48]
2019/06/05 15:36:54.118 [I]  025917804ce6959f99c56bc9cf270dc0
2019/06/05 15:36:54.118 [I]  这是新用户
2019/06/05 15:37:26.706 [I]  Login 登陆服务 /api/plant/login
2019/06/05 15:37:26.706 [I]  董事儿
2019/06/05 15:37:26.706 [I]  2
2019/06/05 15:37:26.706 [I]  zh_CN
2019/06/05 15:37:26.706 [I]  
2019/06/05 15:37:26.706 [I]  
2019/06/05 15:37:26.706 [I]  Chile
2019/06/05 15:37:26.706 [I]  https://wx.qlogo.cn/mmopen/vi_32/Q0j4TwGTfTJ3MCBReb3yXIB0HcLWfJw8jT3ricib0iaxd1Q1UIQf7Mqug9jj7rBrpHweJzkHy1Vh9QVjbQWZHiaHdQ/132
2019/06/05 15:37:27.075 [I]  map[conn:127.0.0.1:6379 dbNum: password: key:plant]
2019/06/05 15:37:27.165 [I]  老用户登陆 董事儿
2019/06/05 15:37:27.202 [I]  1
2019/06/05 15:37:27.203 [I]  opid插入redis成功
2019/06/05 15:37:28.362 [I]  初始化服务 url：/api/plant/config
2019/06/05 15:37:28.994 [I]  map[password: key:plant conn:127.0.0.1:6379 dbNum:]
2019/06/05 15:37:28.995 [I]  [48 50 53 57 49 55 56 48 52 99 101 54 57 53 57 102 57 57 99 53 54 98 99 57 99 102 50 55 48 100 99 48]
2019/06/05 15:37:28.995 [I]  025917804ce6959f99c56bc9cf270dc0
2019/06/05 15:37:29.004 [I]  这个老用户
2019/06/05 15:37:29.004 [I]  获取数据成功
2019/06/05 15:38:10.521 [I]  Login 登陆服务 /api/plant/login
2019/06/05 15:38:10.521 [I]  董事儿
2019/06/05 15:38:10.521 [I]  2
2019/06/05 15:38:10.521 [I]  zh_CN
2019/06/05 15:38:10.521 [I]  
2019/06/05 15:38:10.521 [I]  
2019/06/05 15:38:10.521 [I]  Chile
2019/06/05 15:38:10.521 [I]  https://wx.qlogo.cn/mmopen/vi_32/Q0j4TwGTfTJ3MCBReb3yXIB0HcLWfJw8jT3ricib0iaxd1Q1UIQf7Mqug9jj7rBrpHweJzkHy1Vh9QVjbQWZHiaHdQ/132
2019/06/05 15:38:10.916 [I]  map[key:plant conn:127.0.0.1:6379 dbNum: password:]
2019/06/05 15:38:10.986 [I]  老用户登陆 董事儿
2019/06/05 15:38:11.023 [I]  1
2019/06/05 15:38:11.024 [I]  opid插入redis成功
2019/06/05 15:38:12.429 [I]  初始化服务 url：/api/plant/config
2019/06/05 15:38:13.014 [I]  map[dbNum: password: key:plant conn:127.0.0.1:6379]
2019/06/05 15:38:13.014 [I]  [48 50 53 57 49 55 56 48 52 99 101 54 57 53 57 102 57 57 99 53 54 98 99 57 99 102 50 55 48 100 99 48]
2019/06/05 15:38:13.014 [I]  025917804ce6959f99c56bc9cf270dc0
2019/06/05 15:38:13.015 [I]  这个老用户
2019/06/05 15:38:13.016 [I]  获取数据成功
2019/06/05 15:38:36.498 [I]  Login 登陆服务 /api/plant/login
2019/06/05 15:38:36.498 [I]  董事儿
2019/06/05 15:38:36.498 [I]  2
2019/06/05 15:38:36.498 [I]  zh_CN
2019/06/05 15:38:36.498 [I]  
2019/06/05 15:38:36.498 [I]  
2019/06/05 15:38:36.498 [I]  Chile
2019/06/05 15:38:36.498 [I]  https://wx.qlogo.cn/mmopen/vi_32/Q0j4TwGTfTJ3MCBReb3yXIB0HcLWfJw8jT3ricib0iaxd1Q1UIQf7Mqug9jj7rBrpHweJzkHy1Vh9QVjbQWZHiaHdQ/132
2019/06/05 15:38:36.783 [I]  map[key:plant conn:127.0.0.1:6379 dbNum: password:]
2019/06/05 15:38:36.795 [I]  老用户登陆 董事儿
2019/06/05 15:38:36.806 [I]  1
2019/06/05 15:38:36.807 [I]  opid插入redis成功
2019/06/05 15:38:37.501 [I]  初始化服务 url：/api/plant/config
2019/06/05 15:38:37.739 [I]  map[conn:127.0.0.1:6379 dbNum: password: key:plant]
2019/06/05 15:38:37.739 [I]  [48 50 53 57 49 55 56 48 52 99 101 54 57 53 57 102 57 57 99 53 54 98 99 57 99 102 50 55 48 100 99 48]
2019/06/05 15:38:37.739 [I]  025917804ce6959f99c56bc9cf270dc0
2019/06/05 15:38:37.739 [I]  这个老用户
2019/06/05 15:38:37.739 [I]  获取数据成功
2019/06/05 15:40:23.655 [I]  Login 登陆服务 /api/plant/login
2019/06/05 15:40:23.655 [I]  董事儿
2019/06/05 15:40:23.655 [I]  2
2019/06/05 15:40:23.655 [I]  zh_CN
2019/06/05 15:40:23.655 [I]  
2019/06/05 15:40:23.655 [I]  
2019/06/05 15:40:23.655 [I]  Chile
2019/06/05 15:40:23.655 [I]  https://wx.qlogo.cn/mmopen/vi_32/Q0j4TwGTfTJ3MCBReb3yXIB0HcLWfJw8jT3ricib0iaxd1Q1UIQf7Mqug9jj7rBrpHweJzkHy1Vh9QVjbQWZHiaHdQ/132
2019/06/05 15:40:23.986 [I]  map[key:plant conn:127.0.0.1:6379 dbNum: password:]
2019/06/05 15:40:24.001 [I]  老用户登陆 董事儿
2019/06/05 15:40:24.016 [I]  1
2019/06/05 15:40:24.016 [I]  opid插入redis成功
2019/06/05 15:40:24.977 [I]  初始化服务 url：/api/plant/config
2019/06/05 15:40:25.218 [I]  map[dbNum: password: key:plant conn:127.0.0.1:6379]
2019/06/05 15:40:25.218 [I]  [48 50 53 57 49 55 56 48 52 99 101 54 57 53 57 102 57 57 99 53 54 98 99 57 99 102 50 55 48 100 99 48]
2019/06/05 15:40:25.218 [I]  025917804ce6959f99c56bc9cf270dc0
2019/06/05 15:40:25.222 [I]  这个老用户
2019/06/05 15:40:25.223 [I]  获取数据成功
2019/06/05 15:46:29.536 [I]  Login 登陆服务 /api/plant/login
2019/06/05 15:46:29.537 [I]  董事儿
2019/06/05 15:46:29.537 [I]  2
2019/06/05 15:46:29.537 [I]  zh_CN
2019/06/05 15:46:29.537 [I]  
2019/06/05 15:46:29.537 [I]  
2019/06/05 15:46:29.537 [I]  Chile
2019/06/05 15:46:29.537 [I]  https://wx.qlogo.cn/mmopen/vi_32/Q0j4TwGTfTJ3MCBReb3yXIB0HcLWfJw8jT3ricib0iaxd1Q1UIQf7Mqug9jj7rBrpHweJzkHy1Vh9QVjbQWZHiaHdQ/132
2019/06/05 15:46:29.876 [I]  map[key:plant conn:127.0.0.1:6379 dbNum: password:]
2019/06/05 15:46:29.892 [I]  老用户登陆 董事儿
2019/06/05 15:46:29.905 [I]  1
2019/06/05 15:46:29.906 [I]  opid插入redis成功
2019/06/05 15:46:31.467 [I]  初始化服务 url：/api/plant/config
2019/06/05 15:46:31.771 [I]  map[key:plant conn:127.0.0.1:6379 dbNum: password:]
2019/06/05 15:46:31.772 [I]  [48 50 53 57 49 55 56 48 52 99 101 54 57 53 57 102 57 57 99 53 54 98 99 57 99 102 50 55 48 100 99 48]
2019/06/05 15:46:31.772 [I]  025917804ce6959f99c56bc9cf270dc0
2019/06/05 15:46:31.772 [I]  这是新用户
2019/06/05 15:47:15.254 [I]  Login 登陆服务 /api/plant/login
2019/06/05 15:47:15.254 [I]  董事儿
2019/06/05 15:47:15.254 [I]  2
2019/06/05 15:47:15.254 [I]  zh_CN
2019/06/05 15:47:15.254 [I]  
2019/06/05 15:47:15.254 [I]  
2019/06/05 15:47:15.254 [I]  Chile
2019/06/05 15:47:15.254 [I]  https://wx.qlogo.cn/mmopen/vi_32/Q0j4TwGTfTJ3MCBReb3yXIB0HcLWfJw8jT3ricib0iaxd1Q1UIQf7Mqug9jj7rBrpHweJzkHy1Vh9QVjbQWZHiaHdQ/132
2019/06/05 15:47:15.594 [I]  map[key:plant conn:127.0.0.1:6379 dbNum: password:]
2019/06/05 15:47:15.608 [I]  老用户登陆 董事儿
2019/06/05 15:47:15.619 [I]  1
2019/06/05 15:47:15.619 [I]  opid插入redis成功
2019/06/05 15:47:16.763 [I]  初始化服务 url：/api/plant/config
2019/06/05 15:47:17.010 [I]  map[key:plant conn:127.0.0.1:6379 dbNum: password:]
2019/06/05 15:47:17.010 [I]  [48 50 53 57 49 55 56 48 52 99 101 54 57 53 57 102 57 57 99 53 54 98 99 57 99 102 50 55 48 100 99 48]
2019/06/05 15:47:17.010 [I]  025917804ce6959f99c56bc9cf270dc0
2019/06/05 15:47:17.010 [I]  这个老用户
2019/06/05 15:47:17.011 [I]  获取数据成功
2019/06/05 15:48:05.141 [I]  Login 登陆服务 /api/plant/login
2019/06/05 15:48:05.141 [I]  董事儿
2019/06/05 15:48:05.141 [I]  2
2019/06/05 15:48:05.141 [I]  zh_CN
2019/06/05 15:48:05.141 [I]  
2019/06/05 15:48:05.141 [I]  
2019/06/05 15:48:05.141 [I]  Chile
2019/06/05 15:48:05.141 [I]  https://wx.qlogo.cn/mmopen/vi_32/Q0j4TwGTfTJ3MCBReb3yXIB0HcLWfJw8jT3ricib0iaxd1Q1UIQf7Mqug9jj7rBrpHweJzkHy1Vh9QVjbQWZHiaHdQ/132
2019/06/05 15:48:05.574 [I]  map[key:plant conn:127.0.0.1:6379 dbNum: password:]
2019/06/05 15:48:05.654 [I]  老用户登陆 董事儿
2019/06/05 15:48:05.735 [I]  1
2019/06/05 15:48:05.736 [I]  opid插入redis成功
2019/06/05 15:48:06.776 [I]  初始化服务 url：/api/plant/config
2019/06/05 15:48:07.624 [I]  map[key:plant conn:127.0.0.1:6379 dbNum: password:]
2019/06/05 15:48:07.625 [I]  [48 50 53 57 49 55 56 48 52 99 101 54 57 53 57 102 57 57 99 53 54 98 99 57 99 102 50 55 48 100 99 48]
2019/06/05 15:48:07.625 [I]  025917804ce6959f99c56bc9cf270dc0
2019/06/05 15:48:07.625 [I]  这个老用户
2019/06/05 15:48:07.626 [I]  获取数据成功
2019/06/05 15:53:58.354 [I]  Login 登陆服务 /api/plant/login
2019/06/05 15:53:58.355 [I]  董事儿
2019/06/05 15:53:58.355 [I]  2
2019/06/05 15:53:58.355 [I]  zh_CN
2019/06/05 15:53:58.355 [I]  
2019/06/05 15:53:58.355 [I]  
2019/06/05 15:53:58.355 [I]  Chile
2019/06/05 15:53:58.355 [I]  https://wx.qlogo.cn/mmopen/vi_32/Q0j4TwGTfTJ3MCBReb3yXIB0HcLWfJw8jT3ricib0iaxd1Q1UIQf7Mqug9jj7rBrpHweJzkHy1Vh9QVjbQWZHiaHdQ/132
2019/06/05 15:53:58.710 [I]  map[key:plant conn:127.0.0.1:6379 dbNum: password:]
2019/06/05 15:53:58.728 [I]  老用户登陆 董事儿
2019/06/05 15:53:58.742 [I]  1
2019/06/05 15:53:58.742 [I]  opid插入redis成功
2019/06/05 15:54:00.585 [I]  初始化服务 url：/api/plant/config
2019/06/05 15:54:00.914 [I]  map[conn:127.0.0.1:6379 dbNum: password: key:plant]
2019/06/05 15:54:00.914 [I]  [48 50 53 57 49 55 56 48 52 99 101 54 57 53 57 102 57 57 99 53 54 98 99 57 99 102 50 55 48 100 99 48]
2019/06/05 15:54:00.914 [I]  025917804ce6959f99c56bc9cf270dc0
2019/06/05 15:54:00.914 [I]  这是新用户
2019/06/05 15:58:04.394 [I]  Login 登陆服务 /api/plant/login
2019/06/05 15:58:04.395 [I]  董事儿
2019/06/05 15:58:04.395 [I]  2
2019/06/05 15:58:04.395 [I]  zh_CN
2019/06/05 15:58:04.395 [I]  
2019/06/05 15:58:04.395 [I]  
2019/06/05 15:58:04.395 [I]  Chile
2019/06/05 15:58:04.395 [I]  https://wx.qlogo.cn/mmopen/vi_32/Q0j4TwGTfTJ3MCBReb3yXIB0HcLWfJw8jT3ricib0iaxd1Q1UIQf7Mqug9jj7rBrpHweJzkHy1Vh9QVjbQWZHiaHdQ/132
2019/06/05 15:58:04.739 [I]  map[conn:127.0.0.1:6379 dbNum: password: key:plant]
2019/06/05 15:58:04.755 [I]  老用户登陆 董事儿
2019/06/05 15:58:04.780 [I]  1
2019/06/05 15:58:04.781 [I]  opid插入redis成功
2019/06/05 15:58:06.137 [I]  初始化服务 url：/api/plant/config
2019/06/05 15:58:06.432 [I]  map[conn:127.0.0.1:6379 dbNum: password: key:plant]
2019/06/05 15:58:06.433 [I]  [48 50 53 57 49 55 56 48 52 99 101 54 57 53 57 102 57 57 99 53 54 98 99 57 99 102 50 55 48 100 99 48]
2019/06/05 15:58:06.433 [I]  025917804ce6959f99c56bc9cf270dc0
2019/06/05 15:58:06.434 [I]  这个老用户
2019/06/05 15:58:06.434 [I]  获取数据成功
2019/06/05 16:04:14.527 [I]  Login 登陆服务 /api/plant/login
2019/06/05 16:04:14.527 [I]  董事儿
2019/06/05 16:04:14.527 [I]  2
2019/06/05 16:04:14.527 [I]  zh_CN
2019/06/05 16:04:14.527 [I]  
2019/06/05 16:04:14.527 [I]  
2019/06/05 16:04:14.527 [I]  Chile
2019/06/05 16:04:14.527 [I]  https://wx.qlogo.cn/mmopen/vi_32/Q0j4TwGTfTJ3MCBReb3yXIB0HcLWfJw8jT3ricib0iaxd1Q1UIQf7Mqug9jj7rBrpHweJzkHy1Vh9QVjbQWZHiaHdQ/132
2019/06/05 16:04:14.902 [I]  map[key:plant conn:127.0.0.1:6379 dbNum: password:]
2019/06/05 16:04:14.917 [I]  老用户登陆 董事儿
2019/06/05 16:04:14.928 [I]  1
2019/06/05 16:04:14.929 [I]  opid插入redis成功
2019/06/05 16:04:16.613 [I]  初始化服务 url：/api/plant/config
2019/06/05 16:04:16.914 [I]  map[password: key:plant conn:127.0.0.1:6379 dbNum:]
2019/06/05 16:04:16.914 [I]  [48 50 53 57 49 55 56 48 52 99 101 54 57 53 57 102 57 57 99 53 54 98 99 57 99 102 50 55 48 100 99 48]
2019/06/05 16:04:16.914 [I]  025917804ce6959f99c56bc9cf270dc0
2019/06/05 16:04:16.914 [I]  这个老用户
2019/06/05 16:04:16.914 [I]  获取数据成功
2019/06/05 16:11:12.334 [I]  Login 登陆服务 /api/plant/login
2019/06/05 16:11:12.334 [I]  董事儿
2019/06/05 16:11:12.334 [I]  2
2019/06/05 16:11:12.334 [I]  zh_CN
2019/06/05 16:11:12.334 [I]  
2019/06/05 16:11:12.334 [I]  
2019/06/05 16:11:12.334 [I]  Chile
2019/06/05 16:11:12.334 [I]  https://wx.qlogo.cn/mmopen/vi_32/Q0j4TwGTfTJ3MCBReb3yXIB0HcLWfJw8jT3ricib0iaxd1Q1UIQf7Mqug9jj7rBrpHweJzkHy1Vh9QVjbQWZHiaHdQ/132
2019/06/05 16:11:12.675 [I]  map[key:plant conn:127.0.0.1:6379 dbNum: password:]
2019/06/05 16:11:12.692 [I]  老用户登陆 董事儿
2019/06/05 16:11:12.706 [I]  1
2019/06/05 16:11:12.706 [I]  opid插入redis成功
2019/06/05 16:11:14.097 [I]  初始化服务 url：/api/plant/config
2019/06/05 16:11:14.356 [I]  map[key:plant conn:127.0.0.1:6379 dbNum: password:]
2019/06/05 16:11:14.359 [I]  [48 50 53 57 49 55 56 48 52 99 101 54 57 53 57 102 57 57 99 53 54 98 99 57 99 102 50 55 48 100 99 48]
2019/06/05 16:11:14.359 [I]  025917804ce6959f99c56bc9cf270dc0
2019/06/05 16:11:14.360 [I]  这个老用户
2019/06/05 16:11:14.361 [I]  获取数据成功
2019/06/05 16:30:10.364 [I]  Login 登陆服务 /api/plant/login
2019/06/05 16:30:10.366 [I]  董事儿
2019/06/05 16:30:10.366 [I]  2
2019/06/05 16:30:10.366 [I]  zh_CN
2019/06/05 16:30:10.366 [I]  
2019/06/05 16:30:10.366 [I]  
2019/06/05 16:30:10.366 [I]  Chile
2019/06/05 16:30:10.366 [I]  https://wx.qlogo.cn/mmopen/vi_32/Q0j4TwGTfTJ3MCBReb3yXIB0HcLWfJw8jT3ricib0iaxd1Q1UIQf7Mqug9jj7rBrpHweJzkHy1Vh9QVjbQWZHiaHdQ/132
2019/06/05 16:30:10.748 [I]  map[password: key:plant conn:127.0.0.1:6379 dbNum:]
2019/06/05 16:30:10.763 [I]  老用户登陆 董事儿
2019/06/05 16:30:10.776 [I]  1
2019/06/05 16:30:10.776 [I]  opid插入redis成功
2019/06/05 16:30:12.255 [I]  初始化服务 url：/api/plant/config
2019/06/05 16:30:12.564 [I]  map[dbNum: password: key:plant conn:127.0.0.1:6379]
2019/06/05 16:30:12.564 [I]  [48 50 53 57 49 55 56 48 52 99 101 54 57 53 57 102 57 57 99 53 54 98 99 57 99 102 50 55 48 100 99 48]
2019/06/05 16:30:12.564 [I]  025917804ce6959f99c56bc9cf270dc0
2019/06/05 16:30:12.570 [I]  这个老用户
2019/06/05 16:30:12.575 [I]  获取数据成功
2019/06/05 16:41:31.847 [I]  Login 登陆服务 /api/plant/login
2019/06/05 16:41:31.847 [I]  董事儿
2019/06/05 16:41:31.848 [I]  2
2019/06/05 16:41:31.848 [I]  zh_CN
2019/06/05 16:41:31.848 [I]  
2019/06/05 16:41:31.848 [I]  
2019/06/05 16:41:31.848 [I]  Chile
2019/06/05 16:41:31.848 [I]  https://wx.qlogo.cn/mmopen/vi_32/Q0j4TwGTfTJ3MCBReb3yXIB0HcLWfJw8jT3ricib0iaxd1Q1UIQf7Mqug9jj7rBrpHweJzkHy1Vh9QVjbQWZHiaHdQ/132
2019/06/05 16:41:32.205 [I]  map[password: key:plant conn:127.0.0.1:6379 dbNum:]
2019/06/05 16:41:32.260 [I]  老用户登陆 董事儿
2019/06/05 16:41:32.275 [I]  1
2019/06/05 16:41:32.276 [I]  opid插入redis成功
2019/06/05 16:41:33.455 [I]  初始化服务 url：/api/plant/config
2019/06/05 16:41:33.764 [I]  map[password: key:plant conn:127.0.0.1:6379 dbNum:]
2019/06/05 16:41:33.765 [I]  [48 50 53 57 49 55 56 48 52 99 101 54 57 53 57 102 57 57 99 53 54 98 99 57 99 102 50 55 48 100 99 48]
2019/06/05 16:41:33.765 [I]  025917804ce6959f99c56bc9cf270dc0
2019/06/05 16:41:33.767 [I]  这个老用户
2019/06/05 16:41:33.768 [I]  获取数据成功
2019/06/05 16:47:29.547 [I]  Login 登陆服务 /api/plant/login
2019/06/05 16:47:29.547 [I]  董事儿
2019/06/05 16:47:29.547 [I]  2
2019/06/05 16:47:29.547 [I]  zh_CN
2019/06/05 16:47:29.547 [I]  
2019/06/05 16:47:29.547 [I]  
2019/06/05 16:47:29.547 [I]  Chile
2019/06/05 16:47:29.547 [I]  https://wx.qlogo.cn/mmopen/vi_32/Q0j4TwGTfTJ3MCBReb3yXIB0HcLWfJw8jT3ricib0iaxd1Q1UIQf7Mqug9jj7rBrpHweJzkHy1Vh9QVjbQWZHiaHdQ/132
2019/06/05 16:47:29.892 [I]  map[password: key:plant conn:127.0.0.1:6379 dbNum:]
2019/06/05 16:47:29.905 [I]  老用户登陆 董事儿
2019/06/05 16:47:29.923 [I]  1
2019/06/05 16:47:29.924 [I]  opid插入redis成功
2019/06/05 16:47:31.250 [I]  初始化服务 url：/api/plant/config
2019/06/05 16:47:31.491 [I]  map[key:plant conn:127.0.0.1:6379 dbNum: password:]
2019/06/05 16:47:31.491 [I]  [48 50 53 57 49 55 56 48 52 99 101 54 57 53 57 102 57 57 99 53 54 98 99 57 99 102 50 55 48 100 99 48]
2019/06/05 16:47:31.491 [I]  025917804ce6959f99c56bc9cf270dc0
2019/06/05 16:47:31.495 [I]  这个老用户
2019/06/05 16:47:31.496 [I]  获取数据成功
2019/06/05 17:08:27.969 [I]  Login 登陆服务 /api/plant/login
2019/06/05 17:08:27.969 [I]  董事儿
2019/06/05 17:08:27.969 [I]  2
2019/06/05 17:08:27.969 [I]  zh_CN
2019/06/05 17:08:27.969 [I]  
2019/06/05 17:08:27.969 [I]  
2019/06/05 17:08:27.969 [I]  Chile
2019/06/05 17:08:27.969 [I]  https://wx.qlogo.cn/mmopen/vi_32/Q0j4TwGTfTJ3MCBReb3yXIB0HcLWfJw8jT3ricib0iaxd1Q1UIQf7Mqug9jj7rBrpHweJzkHy1Vh9QVjbQWZHiaHdQ/132
2019/06/05 17:08:28.320 [I]  map[key:plant conn:127.0.0.1:6379 dbNum: password:]
2019/06/05 17:08:28.369 [I]  老用户登陆 董事儿
2019/06/05 17:08:28.406 [I]  1
2019/06/05 17:08:28.406 [I]  opid插入redis成功
2019/06/05 17:08:30.622 [I]  初始化服务 url：/api/plant/config
2019/06/05 17:08:30.895 [I]  map[key:plant conn:127.0.0.1:6379 dbNum: password:]
2019/06/05 17:08:30.895 [I]  [48 50 53 57 49 55 56 48 52 99 101 54 57 53 57 102 57 57 99 53 54 98 99 57 99 102 50 55 48 100 99 48]
2019/06/05 17:08:30.895 [I]  025917804ce6959f99c56bc9cf270dc0
2019/06/05 17:08:30.895 [I]  这个老用户
2019/06/05 17:08:30.896 [I]  获取数据成功
2019/06/05 17:10:03.817 [I]  Login 登陆服务 /api/plant/login
2019/06/05 17:10:03.817 [I]  董事儿
2019/06/05 17:10:03.817 [I]  2
2019/06/05 17:10:03.817 [I]  zh_CN
2019/06/05 17:10:03.817 [I]  
2019/06/05 17:10:03.817 [I]  
2019/06/05 17:10:03.817 [I]  Chile
2019/06/05 17:10:03.817 [I]  https://wx.qlogo.cn/mmopen/vi_32/Q0j4TwGTfTJ3MCBReb3yXIB0HcLWfJw8jT3ricib0iaxd1Q1UIQf7Mqug9jj7rBrpHweJzkHy1Vh9QVjbQWZHiaHdQ/132
2019/06/05 17:10:04.141 [I]  map[password: key:plant conn:127.0.0.1:6379 dbNum:]
2019/06/05 17:10:04.157 [I]  老用户登陆 董事儿
2019/06/05 17:10:04.169 [I]  1
2019/06/05 17:10:04.169 [I]  opid插入redis成功
2019/06/05 17:10:04.228 [I]  初始化服务 url：/api/plant/config
2019/06/05 17:10:04.480 [I]  map[key:plant conn:127.0.0.1:6379 dbNum: password:]
2019/06/05 17:10:04.481 [I]  [48 50 53 57 49 55 56 48 52 99 101 54 57 53 57 102 57 57 99 53 54 98 99 57 99 102 50 55 48 100 99 48]
2019/06/05 17:10:04.481 [I]  025917804ce6959f99c56bc9cf270dc0
2019/06/05 17:10:04.481 [I]  这是新用户
2019/06/05 17:13:25.027 [I]  Login 登陆服务 /api/plant/login
2019/06/05 17:13:25.027 [I]  董事儿
2019/06/05 17:13:25.027 [I]  2
2019/06/05 17:13:25.027 [I]  zh_CN
2019/06/05 17:13:25.027 [I]  
2019/06/05 17:13:25.027 [I]  
2019/06/05 17:13:25.027 [I]  Chile
2019/06/05 17:13:25.027 [I]  https://wx.qlogo.cn/mmopen/vi_32/Q0j4TwGTfTJ3MCBReb3yXIB0HcLWfJw8jT3ricib0iaxd1Q1UIQf7Mqug9jj7rBrpHweJzkHy1Vh9QVjbQWZHiaHdQ/132
2019/06/05 17:13:25.365 [I]  map[key:plant conn:127.0.0.1:6379 dbNum: password:]
2019/06/05 17:13:25.388 [I]  老用户登陆 董事儿
2019/06/05 17:13:25.399 [I]  1
2019/06/05 17:13:25.400 [I]  opid插入redis成功
2019/06/05 17:13:26.305 [I]  初始化服务 url：/api/plant/config
2019/06/05 17:13:26.552 [I]  map[key:plant conn:127.0.0.1:6379 dbNum: password:]
2019/06/05 17:13:26.552 [I]  [48 50 53 57 49 55 56 48 52 99 101 54 57 53 57 102 57 57 99 53 54 98 99 57 99 102 50 55 48 100 99 48]
2019/06/05 17:13:26.552 [I]  025917804ce6959f99c56bc9cf270dc0
2019/06/05 17:13:26.553 [I]  这个老用户
2019/06/05 17:13:26.554 [I]  获取数据成功
2019/06/05 17:13:54.001 [I]  Login 登陆服务 /api/plant/login
2019/06/05 17:13:54.002 [I]  胡帅
2019/06/05 17:13:54.002 [I]  1
2019/06/05 17:13:54.002 [I]  zh_CN
2019/06/05 17:13:54.002 [I]  Baotou
2019/06/05 17:13:54.002 [I]  Inner Mongolia
2019/06/05 17:13:54.002 [I]  China
2019/06/05 17:13:54.002 [I]  https://wx.qlogo.cn/mmopen/vi_32/DYAIOgq83epQGlIN4QtDT21yBL6eCiajwCX4U6x1aCZoNibpJH3y4HML5nnekqYGzTTa49uibs2e5114ZVmldQqibQ/132
2019/06/05 17:13:54.340 [I]  invalid code, hints: [ req_id: gicC1QaLRa- ]
2019/06/05 17:13:54.340 [I]  code验证失败
2019/06/05 17:17:51.059 [I]  Login 登陆服务 /api/plant/login
2019/06/05 17:17:51.059 [I]  董事儿
2019/06/05 17:17:51.059 [I]  2
2019/06/05 17:17:51.059 [I]  zh_CN
2019/06/05 17:17:51.059 [I]  
2019/06/05 17:17:51.059 [I]  
2019/06/05 17:17:51.059 [I]  Chile
2019/06/05 17:17:51.059 [I]  https://wx.qlogo.cn/mmopen/vi_32/Q0j4TwGTfTJ3MCBReb3yXIB0HcLWfJw8jT3ricib0iaxd1Q1UIQf7Mqug9jj7rBrpHweJzkHy1Vh9QVjbQWZHiaHdQ/132
2019/06/05 17:17:51.410 [I]  map[conn:127.0.0.1:6379 dbNum: password: key:plant]
2019/06/05 17:17:51.426 [I]  老用户登陆 董事儿
2019/06/05 17:17:51.441 [I]  1
2019/06/05 17:17:51.442 [I]  opid插入redis成功
2019/06/05 17:17:53.095 [I]  初始化服务 url：/api/plant/config
2019/06/05 17:17:53.320 [I]  map[key:plant conn:127.0.0.1:6379 dbNum: password:]
2019/06/05 17:17:53.321 [I]  [48 50 53 57 49 55 56 48 52 99 101 54 57 53 57 102 57 57 99 53 54 98 99 57 99 102 50 55 48 100 99 48]
2019/06/05 17:17:53.321 [I]  025917804ce6959f99c56bc9cf270dc0
2019/06/05 17:17:53.324 [I]  这个老用户
2019/06/05 17:17:53.325 [I]  获取数据成功
2019/06/05 17:23:34.391 [I]  Login 登陆服务 /api/plant/login
2019/06/05 17:23:34.397 [I]  董事儿
2019/06/05 17:23:34.397 [I]  2
2019/06/05 17:23:34.397 [I]  zh_CN
2019/06/05 17:23:34.397 [I]  
2019/06/05 17:23:34.397 [I]  
2019/06/05 17:23:34.397 [I]  Chile
2019/06/05 17:23:34.397 [I]  https://wx.qlogo.cn/mmopen/vi_32/Q0j4TwGTfTJ3MCBReb3yXIB0HcLWfJw8jT3ricib0iaxd1Q1UIQf7Mqug9jj7rBrpHweJzkHy1Vh9QVjbQWZHiaHdQ/132
2019/06/05 17:23:34.771 [I]  map[key:plant conn:127.0.0.1:6379 dbNum: password:]
2019/06/05 17:23:34.794 [I]  老用户登陆 董事儿
2019/06/05 17:23:34.812 [I]  1
2019/06/05 17:23:34.812 [I]  opid插入redis成功
2019/06/05 17:23:36.420 [I]  初始化服务 url：/api/plant/config
2019/06/05 17:23:36.755 [I]  map[dbNum: password: key:plant conn:127.0.0.1:6379]
2019/06/05 17:23:36.757 [I]  [48 50 53 57 49 55 56 48 52 99 101 54 57 53 57 102 57 57 99 53 54 98 99 57 99 102 50 55 48 100 99 48]
2019/06/05 17:23:36.757 [I]  025917804ce6959f99c56bc9cf270dc0
2019/06/05 17:23:36.757 [I]  这是新用户
2019/06/05 17:41:59.833 [I]  Login 登陆服务 /api/plant/login
2019/06/05 17:41:59.833 [I]  胡帅
2019/06/05 17:41:59.834 [I]  1
2019/06/05 17:41:59.834 [I]  zh_CN
2019/06/05 17:41:59.834 [I]  Baotou
2019/06/05 17:41:59.834 [I]  Inner Mongolia
2019/06/05 17:41:59.834 [I]  China
2019/06/05 17:41:59.834 [I]  https://wx.qlogo.cn/mmopen/vi_32/DYAIOgq83epQGlIN4QtDT21yBL6eCiajwCX4U6x1aCZoNibpJH3y4HML5nnekqYGzTTa49uibs2e5114ZVmldQqibQ/132
2019/06/05 17:42:00.475 [I]  invalid code, hints: [ req_id: UicCm6yFe-i8rDTA ]
2019/06/05 17:42:00.475 [I]  code验证失败
2019/06/05 17:43:57.320 [I]  Login 登陆服务 /api/plant/login
2019/06/05 17:43:57.321 [I]  胡帅
2019/06/05 17:43:57.321 [I]  1
2019/06/05 17:43:57.321 [I]  zh_CN
2019/06/05 17:43:57.321 [I]  Baotou
2019/06/05 17:43:57.321 [I]  Inner Mongolia
2019/06/05 17:43:57.321 [I]  China
2019/06/05 17:43:57.321 [I]  https://wx.qlogo.cn/mmopen/vi_32/DYAIOgq83epQGlIN4QtDT21yBL6eCiajwCX4U6x1aCZoNibpJH3y4HML5nnekqYGzTTa49uibs2e5114ZVmldQqibQ/132
2019/06/05 17:43:58.766 [I]  map[key:plant conn:127.0.0.1:6379 dbNum: password:]
2019/06/05 17:43:58.788 [I]  新用户登陆
2019/06/05 17:43:58.803 [I]  插入新用户成功 1762
2019/06/05 17:43:58.804 [I]  opid插入redis成功
2019/06/05 17:48:45.062 [I]  Login 登陆服务 /api/plant/login
2019/06/05 17:48:45.062 [I]  董事儿
2019/06/05 17:48:45.062 [I]  2
2019/06/05 17:48:45.062 [I]  zh_CN
2019/06/05 17:48:45.062 [I]  
2019/06/05 17:48:45.062 [I]  
2019/06/05 17:48:45.062 [I]  Chile
2019/06/05 17:48:45.062 [I]  https://wx.qlogo.cn/mmopen/vi_32/Q0j4TwGTfTJ3MCBReb3yXIB0HcLWfJw8jT3ricib0iaxd1Q1UIQf7Mqug9jj7rBrpHweJzkHy1Vh9QVjbQWZHiaHdQ/132
2019/06/05 17:48:45.424 [I]  invalid code, hints: [ req_id: XicCqRLnRa-o6RZ7a ]
2019/06/05 17:48:45.424 [I]  code验证失败
2019/06/05 17:50:29.027 [I]  Login 登陆服务 /api/plant/login
2019/06/05 17:50:29.027 [I]  董事儿
2019/06/05 17:50:29.027 [I]  2
2019/06/05 17:50:29.027 [I]  zh_CN
2019/06/05 17:50:29.027 [I]  
2019/06/05 17:50:29.027 [I]  
2019/06/05 17:50:29.027 [I]  Chile
2019/06/05 17:50:29.027 [I]  https://wx.qlogo.cn/mmopen/vi_32/Q0j4TwGTfTJ3MCBReb3yXIB0HcLWfJw8jT3ricib0iaxd1Q1UIQf7Mqug9jj7rBrpHweJzkHy1Vh9QVjbQWZHiaHdQ/132
2019/06/05 17:50:30.328 [I]  map[conn:127.0.0.1:6379 dbNum: password: key:plant]
2019/06/05 17:50:30.344 [I]  老用户登陆 董事儿
2019/06/05 17:50:30.356 [I]  1
2019/06/05 17:50:30.356 [I]  opid插入redis成功
2019/06/05 17:50:32.116 [I]  初始化服务 url：/api/plant/config
2019/06/05 17:50:32.379 [I]  map[key:plant conn:127.0.0.1:6379 dbNum: password:]
2019/06/05 17:50:32.379 [I]  [48 50 53 57 49 55 56 48 52 99 101 54 57 53 57 102 57 57 99 53 54 98 99 57 99 102 50 55 48 100 99 48]
2019/06/05 17:50:32.379 [I]  025917804ce6959f99c56bc9cf270dc0
2019/06/05 17:50:32.380 [I]  这个老用户
2019/06/05 17:50:32.380 [I]  获取数据成功
2019/06/05 18:02:17.063 [I]  Login 登陆服务 /api/plant/login
2019/06/05 18:02:17.071 [I]  董事儿
2019/06/05 18:02:17.071 [I]  2
2019/06/05 18:02:17.071 [I]  zh_CN
2019/06/05 18:02:17.071 [I]  
2019/06/05 18:02:17.072 [I]  
2019/06/05 18:02:17.072 [I]  Chile
2019/06/05 18:02:17.072 [I]  https://wx.qlogo.cn/mmopen/vi_32/Q0j4TwGTfTJ3MCBReb3yXIB0HcLWfJw8jT3ricib0iaxd1Q1UIQf7Mqug9jj7rBrpHweJzkHy1Vh9QVjbQWZHiaHdQ/132
2019/06/05 18:02:17.459 [I]  map[conn:127.0.0.1:6379 dbNum: password: key:plant]
2019/06/05 18:02:17.490 [I]  老用户登陆 董事儿
2019/06/05 18:02:17.506 [I]  1
2019/06/05 18:02:17.506 [I]  opid插入redis成功
2019/06/05 18:02:17.617 [I]  初始化服务 url：/api/plant/config
2019/06/05 18:02:17.964 [I]  map[conn:127.0.0.1:6379 dbNum: password: key:plant]
2019/06/05 18:02:17.964 [I]  [48 50 53 57 49 55 56 48 52 99 101 54 57 53 57 102 57 57 99 53 54 98 99 57 99 102 50 55 48 100 99 48]
2019/06/05 18:02:17.964 [I]  025917804ce6959f99c56bc9cf270dc0
2019/06/05 18:02:17.964 [I]  这是新用户
2019/06/05 18:37:51.186 [I]  Login 登陆服务 /api/plant/login
2019/06/05 18:37:51.186 [I]  董事儿
2019/06/05 18:37:51.186 [I]  2
2019/06/05 18:37:51.186 [I]  zh_CN
2019/06/05 18:37:51.186 [I]  
2019/06/05 18:37:51.186 [I]  
2019/06/05 18:37:51.186 [I]  Chile
2019/06/05 18:37:51.186 [I]  https://wx.qlogo.cn/mmopen/vi_32/Q0j4TwGTfTJ3MCBReb3yXIB0HcLWfJw8jT3ricib0iaxd1Q1UIQf7Mqug9jj7rBrpHweJzkHy1Vh9QVjbQWZHiaHdQ/132
2019/06/05 18:37:51.727 [I]  map[key:plant conn:127.0.0.1:6379 dbNum: password:]
2019/06/05 18:37:51.743 [I]  老用户登陆 董事儿
2019/06/05 18:37:51.760 [I]  1
2019/06/05 18:37:51.761 [I]  opid插入redis成功
2019/06/05 18:37:52.346 [I]  初始化服务 url：/api/plant/config
2019/06/05 18:37:52.686 [I]  map[key:plant conn:127.0.0.1:6379 dbNum: password:]
2019/06/05 18:37:52.687 [I]  [48 50 53 57 49 55 56 48 52 99 101 54 57 53 57 102 57 57 99 53 54 98 99 57 99 102 50 55 48 100 99 48]
2019/06/05 18:37:52.687 [I]  025917804ce6959f99c56bc9cf270dc0
2019/06/05 18:37:52.698 [I]  这个老用户
2019/06/05 18:37:52.698 [I]  获取数据成功
2019/06/05 18:42:48.159 [I]  Login 登陆服务 /api/plant/login
2019/06/05 18:42:48.160 [I]  董事儿
2019/06/05 18:42:48.160 [I]  2
2019/06/05 18:42:48.160 [I]  zh_CN
2019/06/05 18:42:48.160 [I]  
2019/06/05 18:42:48.160 [I]  
2019/06/05 18:42:48.160 [I]  Chile
2019/06/05 18:42:48.160 [I]  https://wx.qlogo.cn/mmopen/vi_32/Q0j4TwGTfTJ3MCBReb3yXIB0HcLWfJw8jT3ricib0iaxd1Q1UIQf7Mqug9jj7rBrpHweJzkHy1Vh9QVjbQWZHiaHdQ/132
2019/06/05 18:42:48.478 [I]  map[key:plant conn:127.0.0.1:6379 dbNum: password:]
2019/06/05 18:42:48.493 [I]  老用户登陆 董事儿
2019/06/05 18:42:48.532 [I]  1
2019/06/05 18:42:48.532 [I]  opid插入redis成功
2019/06/05 18:42:48.607 [I]  初始化服务 url：/api/plant/config
2019/06/05 18:42:48.855 [I]  map[key:plant conn:127.0.0.1:6379 dbNum: password:]
2019/06/05 18:42:48.855 [I]  [48 50 53 57 49 55 56 48 52 99 101 54 57 53 57 102 57 57 99 53 54 98 99 57 99 102 50 55 48 100 99 48]
2019/06/05 18:42:48.855 [I]  025917804ce6959f99c56bc9cf270dc0
2019/06/05 18:42:48.863 [I]  这个老用户
2019/06/05 18:42:48.866 [I]  获取数据成功
2019/08/02 15:48:52.017 [I]  初始化服务 url：/api/plant/config
2019/08/02 15:48:53.581 [I]  map[key:plant conn:127.0.0.1:6379 dbNum: password:]
2019/08/02 15:48:53.609 [I]  <nil>
2019/08/02 15:48:53.609 [I]  获取opid失败
2019/08/02 15:54:33.117 [I]  Login 登陆服务 /api/plant/login
2019/08/02 15:54:33.117 [I]  胡帅
2019/08/02 15:54:33.117 [I]  1
2019/08/02 15:54:33.117 [I]  zh_CN
2019/08/02 15:54:33.117 [I]  Baotou
2019/08/02 15:54:33.117 [I]  Inner Mongolia
2019/08/02 15:54:33.117 [I]  China
2019/08/02 15:54:33.117 [I]  https://wx.qlogo.cn/mmopen/vi_32/DYAIOgq83eo0YiaoYhribuObFm147MRNwXdG5AERYn26Zuvn6BQyVzay2Ubib3c9pyJwbOZ5JQiaYWL8ic7ss4kicUcw/132
2019/08/02 15:54:33.715 [I]  map[key:plant conn:127.0.0.1:6379 dbNum: password:]
2019/08/02 15:54:33.853 [I]  老用户登陆 胡帅
2019/08/02 15:54:33.994 [I]  1
2019/08/02 15:54:34.000 [I]  opid插入redis成功
2019/08/02 15:54:34.136 [I]  初始化服务 url：/api/plant/config
2019/08/02 15:54:35.647 [I]  map[key:plant conn:127.0.0.1:6379 dbNum: password:]
2019/08/02 15:54:35.647 [I]  [56 97 99 52 100 101 97 53 98 55 98 97 97 97 51 102 57 55 48 48 56 102 98 51 48 52 54 54 97 48 98 102]
2019/08/02 15:54:35.647 [I]  8ac4dea5b7baaa3f97008fb30466a0bf
2019/08/02 15:54:35.648 [I]  这是新用户
2019/08/02 15:54:35.648 [I]  获取用户数据失败
2019/08/02 15:55:42.436 [I]  Login 登陆服务 /api/plant/login
2019/08/02 15:55:42.436 [I]  胡帅
2019/08/02 15:55:42.436 [I]  1
2019/08/02 15:55:42.436 [I]  zh_CN
2019/08/02 15:55:42.436 [I]  Baotou
2019/08/02 15:55:42.436 [I]  Inner Mongolia
2019/08/02 15:55:42.436 [I]  China
2019/08/02 15:55:42.436 [I]  https://wx.qlogo.cn/mmopen/vi_32/DYAIOgq83eo0YiaoYhribuObFm147MRNwXdG5AERYn26Zuvn6BQyVzay2Ubib3c9pyJwbOZ5JQiaYWL8ic7ss4kicUcw/132
2019/08/02 15:55:42.826 [I]  map[key:plant conn:127.0.0.1:6379 dbNum: password:]
2019/08/02 15:55:42.926 [I]  老用户登陆 胡帅
2019/08/02 15:55:43.050 [I]  1
2019/08/02 15:55:43.050 [I]  opid插入redis成功
2019/08/02 15:55:43.631 [I]  初始化服务 url：/api/plant/config
2019/08/02 15:55:44.974 [I]  map[dbNum: password: key:plant conn:127.0.0.1:6379]
2019/08/02 15:55:44.975 [I]  [56 97 99 52 100 101 97 53 98 55 98 97 97 97 51 102 57 55 48 48 56 102 98 51 48 52 54 54 97 48 98 102]
2019/08/02 15:55:44.975 [I]  8ac4dea5b7baaa3f97008fb30466a0bf
2019/08/02 15:55:44.975 [I]  这是新用户
2019/08/02 15:55:44.975 [I]  获取用户数据失败
2019/08/02 16:00:14.621 [I]  Login 登陆服务 /api/plant/login
2019/08/02 16:00:14.623 [I]  胡帅
2019/08/02 16:00:14.623 [I]  1
2019/08/02 16:00:14.623 [I]  zh_CN
2019/08/02 16:00:14.623 [I]  Baotou
2019/08/02 16:00:14.623 [I]  Inner Mongolia
2019/08/02 16:00:14.623 [I]  China
2019/08/02 16:00:14.623 [I]  https://wx.qlogo.cn/mmopen/vi_32/DYAIOgq83eo0YiaoYhribuObFm147MRNwXdG5AERYn26Zuvn6BQyVzay2Ubib3c9pyJwbOZ5JQiaYWL8ic7ss4kicUcw/132
2019/08/02 16:00:15.031 [I]  map[dbNum: password: key:plant conn:127.0.0.1:6379]
2019/08/02 16:00:15.184 [I]  老用户登陆 胡帅
2019/08/02 16:00:15.307 [I]  1
2019/08/02 16:00:15.307 [I]  opid插入redis成功
2019/08/02 16:00:15.450 [I]  初始化服务 url：/api/plant/config
2019/08/02 16:00:16.882 [I]  map[conn:127.0.0.1:6379 dbNum: password: key:plant]
2019/08/02 16:00:16.883 [I]  [56 97 99 52 100 101 97 53 98 55 98 97 97 97 51 102 57 55 48 48 56 102 98 51 48 52 54 54 97 48 98 102]
2019/08/02 16:00:16.883 [I]  8ac4dea5b7baaa3f97008fb30466a0bf
2019/08/02 16:00:16.883 [I]  这是新用户
2019/08/02 16:00:16.883 [I]  获取用户数据失败
2019/08/02 16:02:50.913 [I]  Login 登陆服务 /api/plant/login
2019/08/02 16:02:50.914 [I]  胡帅
2019/08/02 16:02:50.914 [I]  1
2019/08/02 16:02:50.914 [I]  zh_CN
2019/08/02 16:02:50.914 [I]  Baotou
2019/08/02 16:02:50.914 [I]  Inner Mongolia
2019/08/02 16:02:50.914 [I]  China
2019/08/02 16:02:50.914 [I]  https://wx.qlogo.cn/mmopen/vi_32/DYAIOgq83eo0YiaoYhribuObFm147MRNwXdG5AERYn26Zuvn6BQyVzay2Ubib3c9pyJwbOZ5JQiaYWL8ic7ss4kicUcw/132
2019/08/02 16:02:51.470 [I]  map[key:plant conn:127.0.0.1:6379 dbNum: password:]
2019/08/02 16:02:51.609 [I]  老用户登陆 胡帅
2019/08/02 16:02:51.742 [I]  1
2019/08/02 16:02:51.743 [I]  opid插入redis成功
2019/08/02 16:02:51.775 [I]  初始化服务 url：/api/plant/config
2019/08/02 16:02:53.313 [I]  map[key:plant conn:127.0.0.1:6379 dbNum: password:]
2019/08/02 16:02:53.314 [I]  [56 97 99 52 100 101 97 53 98 55 98 97 97 97 51 102 57 55 48 48 56 102 98 51 48 52 54 54 97 48 98 102]
2019/08/02 16:02:53.314 [I]  8ac4dea5b7baaa3f97008fb30466a0bf
2019/08/02 16:02:53.314 [I]  这是新用户
2019/08/02 16:02:53.314 [I]  获取用户数据失败
2019/08/02 16:06:24.206 [I]  Login 登陆服务 /api/plant/login
2019/08/02 16:06:24.207 [I]  胡帅
2019/08/02 16:06:24.207 [I]  1
2019/08/02 16:06:24.207 [I]  zh_CN
2019/08/02 16:06:24.207 [I]  Baotou
2019/08/02 16:06:24.207 [I]  Inner Mongolia
2019/08/02 16:06:24.207 [I]  China
2019/08/02 16:06:24.207 [I]  https://wx.qlogo.cn/mmopen/vi_32/DYAIOgq83eo0YiaoYhribuObFm147MRNwXdG5AERYn26Zuvn6BQyVzay2Ubib3c9pyJwbOZ5JQiaYWL8ic7ss4kicUcw/132
2019/08/02 16:06:24.636 [I]  map[key:plant conn:127.0.0.1:6379 dbNum: password:]
2019/08/02 16:06:24.760 [I]  老用户登陆 胡帅
2019/08/02 16:06:24.885 [I]  1
2019/08/02 16:06:24.885 [I]  opid插入redis成功
2019/08/02 16:06:24.928 [I]  初始化服务 url：/api/plant/config
2019/08/02 16:06:26.498 [I]  map[key:plant conn:127.0.0.1:6379 dbNum: password:]
2019/08/02 16:06:26.499 [I]  [56 97 99 52 100 101 97 53 98 55 98 97 97 97 51 102 57 55 48 48 56 102 98 51 48 52 54 54 97 48 98 102]
2019/08/02 16:06:26.499 [I]  8ac4dea5b7baaa3f97008fb30466a0bf
2019/08/02 16:06:26.499 [I]  这是新用户
2019/08/02 16:06:26.499 [I]  获取用户数据失败
2019/08/02 16:19:16.447 [I]  Login 登陆服务 /api/plant/login
2019/08/02 16:19:16.450 [I]  胡帅
2019/08/02 16:19:16.451 [I]  1
2019/08/02 16:19:16.451 [I]  zh_CN
2019/08/02 16:19:16.451 [I]  Baotou
2019/08/02 16:19:16.451 [I]  Inner Mongolia
2019/08/02 16:19:16.451 [I]  China
2019/08/02 16:19:16.451 [I]  https://wx.qlogo.cn/mmopen/vi_32/DYAIOgq83eo0YiaoYhribuObFm147MRNwXdG5AERYn26Zuvn6BQyVzay2Ubib3c9pyJwbOZ5JQiaYWL8ic7ss4kicUcw/132
2019/08/02 16:19:16.910 [I]  map[key:plant conn:127.0.0.1:6379 dbNum: password:]
2019/08/02 16:19:17.382 [I]  老用户登陆 胡帅
2019/08/02 16:19:17.494 [I]  1
2019/08/02 16:19:17.495 [I]  opid插入redis成功
2019/08/02 16:19:17.551 [I]  初始化服务 url：/api/plant/config
2019/08/02 16:19:19.001 [I]  map[dbNum: password: key:plant conn:127.0.0.1:6379]
2019/08/02 16:19:19.002 [I]  [56 97 99 52 100 101 97 53 98 55 98 97 97 97 51 102 57 55 48 48 56 102 98 51 48 52 54 54 97 48 98 102]
2019/08/02 16:19:19.002 [I]  8ac4dea5b7baaa3f97008fb30466a0bf
2019/08/02 16:19:19.002 [I]  这是新用户
2019/08/02 16:19:19.002 [I]  获取用户数据失败
2019/08/02 16:23:18.896 [I]  Login 登陆服务 /api/plant/login
2019/08/02 16:23:18.896 [I]  胡帅
2019/08/02 16:23:18.896 [I]  1
2019/08/02 16:23:18.896 [I]  zh_CN
2019/08/02 16:23:18.896 [I]  Baotou
2019/08/02 16:23:18.896 [I]  Inner Mongolia
2019/08/02 16:23:18.896 [I]  China
2019/08/02 16:23:18.896 [I]  https://wx.qlogo.cn/mmopen/vi_32/DYAIOgq83eo0YiaoYhribuObFm147MRNwXdG5AERYn26Zuvn6BQyVzay2Ubib3c9pyJwbOZ5JQiaYWL8ic7ss4kicUcw/132
2019/08/02 16:23:19.315 [I]  map[key:plant conn:127.0.0.1:6379 dbNum: password:]
2019/08/02 16:23:19.467 [I]  老用户登陆 胡帅
2019/08/02 16:23:19.591 [I]  1
2019/08/02 16:23:19.592 [I]  opid插入redis成功
2019/08/02 16:23:19.623 [I]  初始化服务 url：/api/plant/config
2019/08/02 16:23:21.076 [I]  map[key:plant conn:127.0.0.1:6379 dbNum: password:]
2019/08/02 16:23:21.077 [I]  [56 97 99 52 100 101 97 53 98 55 98 97 97 97 51 102 57 55 48 48 56 102 98 51 48 52 54 54 97 48 98 102]
2019/08/02 16:23:21.077 [I]  8ac4dea5b7baaa3f97008fb30466a0bf
2019/08/02 16:23:21.077 [I]  这是新用户
2019/08/02 16:32:34.705 [I]  Login 登陆服务 /api/plant/login
2019/08/02 16:32:34.712 [I]  胡帅
2019/08/02 16:32:34.713 [I]  1
2019/08/02 16:32:34.713 [I]  zh_CN
2019/08/02 16:32:34.713 [I]  Baotou
2019/08/02 16:32:34.713 [I]  Inner Mongolia
2019/08/02 16:32:34.713 [I]  China
2019/08/02 16:32:34.713 [I]  https://wx.qlogo.cn/mmopen/vi_32/DYAIOgq83eo0YiaoYhribuObFm147MRNwXdG5AERYn26Zuvn6BQyVzay2Ubib3c9pyJwbOZ5JQiaYWL8ic7ss4kicUcw/132
2019/08/02 16:32:35.223 [I]  map[key:plant conn:127.0.0.1:6379 dbNum: password:]
2019/08/02 16:32:35.352 [I]  老用户登陆 胡帅
2019/08/02 16:32:35.506 [I]  1
2019/08/02 16:32:35.508 [I]  opid插入redis成功
2019/08/02 16:32:35.549 [I]  初始化服务 url：/api/plant/config
2019/08/02 16:32:37.172 [I]  map[password: key:plant conn:127.0.0.1:6379 dbNum:]
2019/08/02 16:32:37.174 [I]  [56 97 99 52 100 101 97 53 98 55 98 97 97 97 51 102 57 55 48 48 56 102 98 51 48 52 54 54 97 48 98 102]
2019/08/02 16:32:37.174 [I]  8ac4dea5b7baaa3f97008fb30466a0bf
2019/08/02 16:32:37.174 [I]  这是新用户
2019/08/02 16:46:30.386 [I]  Login 登陆服务 /api/plant/login
2019/08/02 16:46:30.389 [I]  胡帅
2019/08/02 16:46:30.389 [I]  1
2019/08/02 16:46:30.389 [I]  zh_CN
2019/08/02 16:46:30.389 [I]  Baotou
2019/08/02 16:46:30.389 [I]  Inner Mongolia
2019/08/02 16:46:30.389 [I]  China
2019/08/02 16:46:30.389 [I]  https://wx.qlogo.cn/mmopen/vi_32/DYAIOgq83eo0YiaoYhribuObFm147MRNwXdG5AERYn26Zuvn6BQyVzay2Ubib3c9pyJwbOZ5JQiaYWL8ic7ss4kicUcw/132
2019/08/02 16:46:30.863 [I]  map[key:plant conn:127.0.0.1:6379 dbNum: password:]
2019/08/02 16:46:30.995 [I]  老用户登陆 胡帅
2019/08/02 16:46:31.112 [I]  1
2019/08/02 16:46:31.114 [I]  opid插入redis成功
2019/08/02 16:46:31.148 [I]  初始化服务 url：/api/plant/config
2019/08/02 16:46:32.761 [I]  map[dbNum: password: key:plant conn:127.0.0.1:6379]
2019/08/02 16:46:32.761 [I]  [56 97 99 52 100 101 97 53 98 55 98 97 97 97 51 102 57 55 48 48 56 102 98 51 48 52 54 54 97 48 98 102]
2019/08/02 16:46:32.761 [I]  8ac4dea5b7baaa3f97008fb30466a0bf
2019/08/02 16:46:32.761 [I]  这是新用户
2019/08/02 17:16:21.567 [I]  Login 登陆服务 /api/plant/login
2019/08/02 17:16:21.570 [I]  胡帅
2019/08/02 17:16:21.571 [I]  1
2019/08/02 17:16:21.571 [I]  zh_CN
2019/08/02 17:16:21.571 [I]  Baotou
2019/08/02 17:16:21.571 [I]  Inner Mongolia
2019/08/02 17:16:21.571 [I]  China
2019/08/02 17:16:21.571 [I]  https://wx.qlogo.cn/mmopen/vi_32/DYAIOgq83eo0YiaoYhribuObFm147MRNwXdG5AERYn26Zuvn6BQyVzay2Ubib3c9pyJwbOZ5JQiaYWL8ic7ss4kicUcw/132
2019/08/02 17:16:22.007 [I]  map[key:plant conn:127.0.0.1:6379 dbNum: password:]
2019/08/02 17:17:37.347 [I]  Login 登陆服务 /api/plant/login
2019/08/02 17:17:37.347 [I]  胡帅
2019/08/02 17:17:37.347 [I]  1
2019/08/02 17:17:37.347 [I]  zh_CN
2019/08/02 17:17:37.347 [I]  Baotou
2019/08/02 17:17:37.347 [I]  Inner Mongolia
2019/08/02 17:17:37.347 [I]  China
2019/08/02 17:17:37.347 [I]  https://wx.qlogo.cn/mmopen/vi_32/DYAIOgq83eo0YiaoYhribuObFm147MRNwXdG5AERYn26Zuvn6BQyVzay2Ubib3c9pyJwbOZ5JQiaYWL8ic7ss4kicUcw/132
2019/08/02 17:17:37.783 [I]  map[key:plant conn:127.0.0.1:6379 dbNum: password:]
2019/08/02 17:17:38.290 [I]  老用户登陆 胡帅
2019/08/02 17:17:38.437 [I]  1
2019/08/02 17:17:38.439 [I]  opid插入redis成功
2019/08/02 17:17:38.467 [I]  初始化服务 url：/api/plant/config
2019/08/02 17:17:39.966 [I]  map[key:plant conn:127.0.0.1:6379 dbNum: password:]
2019/08/02 17:17:39.967 [I]  [56 97 99 52 100 101 97 53 98 55 98 97 97 97 51 102 57 55 48 48 56 102 98 51 48 52 54 54 97 48 98 102]
2019/08/02 17:17:39.967 [I]  8ac4dea5b7baaa3f97008fb30466a0bf
2019/08/02 17:17:39.967 [I]  这是新用户
2019/08/02 17:17:53.915 [I]  Login 登陆服务 /api/plant/login
2019/08/02 17:17:53.915 [I]  胡帅
2019/08/02 17:17:53.915 [I]  1
2019/08/02 17:17:53.915 [I]  zh_CN
2019/08/02 17:17:53.915 [I]  Baotou
2019/08/02 17:17:53.915 [I]  Inner Mongolia
2019/08/02 17:17:53.915 [I]  China
2019/08/02 17:17:53.915 [I]  https://wx.qlogo.cn/mmopen/vi_32/DYAIOgq83eo0YiaoYhribuObFm147MRNwXdG5AERYn26Zuvn6BQyVzay2Ubib3c9pyJwbOZ5JQiaYWL8ic7ss4kicUcw/132
2019/08/02 17:17:54.055 [I]  map[key:plant conn:127.0.0.1:6379 dbNum: password:]
2019/08/02 17:17:54.166 [I]  老用户登陆 胡帅
2019/08/02 17:17:54.281 [I]  1
2019/08/02 17:17:54.281 [I]  opid插入redis成功
2019/08/02 17:17:54.298 [I]  初始化服务 url：/api/plant/config
2019/08/02 17:17:55.539 [I]  map[key:plant conn:127.0.0.1:6379 dbNum: password:]
2019/08/02 17:17:55.540 [I]  [56 97 99 52 100 101 97 53 98 55 98 97 97 97 51 102 57 55 48 48 56 102 98 51 48 52 54 54 97 48 98 102]
2019/08/02 17:17:55.540 [I]  8ac4dea5b7baaa3f97008fb30466a0bf
2019/08/02 17:17:55.540 [I]  这是新用户
2019/08/02 17:20:32.290 [I]  Login 登陆服务 /api/plant/login
2019/08/02 17:20:32.290 [I]  胡帅
2019/08/02 17:20:32.290 [I]  1
2019/08/02 17:20:32.290 [I]  zh_CN
2019/08/02 17:20:32.290 [I]  Baotou
2019/08/02 17:20:32.290 [I]  Inner Mongolia
2019/08/02 17:20:32.290 [I]  China
2019/08/02 17:20:32.290 [I]  https://wx.qlogo.cn/mmopen/vi_32/DYAIOgq83eo0YiaoYhribuObFm147MRNwXdG5AERYn26Zuvn6BQyVzay2Ubib3c9pyJwbOZ5JQiaYWL8ic7ss4kicUcw/132
2019/08/02 17:20:32.680 [I]  map[key:plant conn:127.0.0.1:6379 dbNum: password:]
2019/08/02 17:20:32.794 [I]  老用户登陆 胡帅
2019/08/02 17:20:32.929 [I]  1
2019/08/02 17:20:32.929 [I]  opid插入redis成功
2019/08/02 17:20:32.952 [I]  初始化服务 url：/api/plant/config
2019/08/02 17:20:34.428 [I]  map[conn:127.0.0.1:6379 dbNum: password: key:plant]
2019/08/02 17:20:34.429 [I]  [56 97 99 52 100 101 97 53 98 55 98 97 97 97 51 102 57 55 48 48 56 102 98 51 48 52 54 54 97 48 98 102]
2019/08/02 17:20:34.429 [I]  8ac4dea5b7baaa3f97008fb30466a0bf
2019/08/02 17:20:34.429 [I]  这是新用户
2019/08/02 17:24:01.581 [I]  Login 登陆服务 /api/plant/login
2019/08/02 17:24:01.582 [I]  胡帅
2019/08/02 17:24:01.582 [I]  1
2019/08/02 17:24:01.582 [I]  zh_CN
2019/08/02 17:24:01.582 [I]  Baotou
2019/08/02 17:24:01.582 [I]  Inner Mongolia
2019/08/02 17:24:01.582 [I]  China
2019/08/02 17:24:01.582 [I]  https://wx.qlogo.cn/mmopen/vi_32/DYAIOgq83eo0YiaoYhribuObFm147MRNwXdG5AERYn26Zuvn6BQyVzay2Ubib3c9pyJwbOZ5JQiaYWL8ic7ss4kicUcw/132
2019/08/02 17:24:02.005 [I]  map[key:plant conn:127.0.0.1:6379 dbNum: password:]
2019/08/02 17:24:02.128 [I]  老用户登陆 胡帅
2019/08/02 17:24:02.253 [I]  1
2019/08/02 17:24:02.254 [I]  opid插入redis成功
2019/08/02 17:24:02.284 [I]  初始化服务 url：/api/plant/config
2019/08/02 17:24:03.664 [I]  map[dbNum: password: key:plant conn:127.0.0.1:6379]
2019/08/02 17:24:03.665 [I]  [56 97 99 52 100 101 97 53 98 55 98 97 97 97 51 102 57 55 48 48 56 102 98 51 48 52 54 54 97 48 98 102]
2019/08/02 17:24:03.665 [I]  8ac4dea5b7baaa3f97008fb30466a0bf
2019/08/02 17:24:03.665 [I]  这是新用户
2019/08/02 17:27:59.876 [I]  Login 登陆服务 /api/plant/login
2019/08/02 17:27:59.876 [I]  胡帅
2019/08/02 17:27:59.876 [I]  1
2019/08/02 17:27:59.876 [I]  zh_CN
2019/08/02 17:27:59.876 [I]  Baotou
2019/08/02 17:27:59.876 [I]  Inner Mongolia
2019/08/02 17:27:59.876 [I]  China
2019/08/02 17:27:59.876 [I]  https://wx.qlogo.cn/mmopen/vi_32/DYAIOgq83eo0YiaoYhribuObFm147MRNwXdG5AERYn26Zuvn6BQyVzay2Ubib3c9pyJwbOZ5JQiaYWL8ic7ss4kicUcw/132
2019/08/02 17:28:00.256 [I]  map[key:plant conn:127.0.0.1:6379 dbNum: password:]
2019/08/02 17:28:00.384 [I]  老用户登陆 胡帅
2019/08/02 17:28:00.510 [I]  1
2019/08/02 17:28:00.511 [I]  opid插入redis成功
2019/08/02 17:28:00.529 [I]  初始化服务 url：/api/plant/config
2019/08/02 17:28:01.885 [I]  map[key:plant conn:127.0.0.1:6379 dbNum: password:]
2019/08/02 17:28:01.886 [I]  [56 97 99 52 100 101 97 53 98 55 98 97 97 97 51 102 57 55 48 48 56 102 98 51 48 52 54 54 97 48 98 102]
2019/08/02 17:28:01.886 [I]  8ac4dea5b7baaa3f97008fb30466a0bf
2019/08/02 17:28:01.887 [I]  这是新用户
2019/08/02 17:29:11.808 [I]  Login 登陆服务 /api/plant/login
2019/08/02 17:29:11.809 [I]  胡帅
2019/08/02 17:29:11.809 [I]  1
2019/08/02 17:29:11.809 [I]  zh_CN
2019/08/02 17:29:11.809 [I]  Baotou
2019/08/02 17:29:11.809 [I]  Inner Mongolia
2019/08/02 17:29:11.809 [I]  China
2019/08/02 17:29:11.809 [I]  https://wx.qlogo.cn/mmopen/vi_32/DYAIOgq83eo0YiaoYhribuObFm147MRNwXdG5AERYn26Zuvn6BQyVzay2Ubib3c9pyJwbOZ5JQiaYWL8ic7ss4kicUcw/132
2019/08/02 17:29:12.214 [I]  map[key:plant conn:127.0.0.1:6379 dbNum: password:]
2019/08/02 17:29:12.318 [I]  老用户登陆 胡帅
2019/08/02 17:29:12.445 [I]  1
2019/08/02 17:29:12.445 [I]  opid插入redis成功
2019/08/02 17:29:12.467 [I]  初始化服务 url：/api/plant/config
2019/08/02 17:29:13.936 [I]  map[conn:127.0.0.1:6379 dbNum: password: key:plant]
2019/08/02 17:29:13.936 [I]  [56 97 99 52 100 101 97 53 98 55 98 97 97 97 51 102 57 55 48 48 56 102 98 51 48 52 54 54 97 48 98 102]
2019/08/02 17:29:13.936 [I]  8ac4dea5b7baaa3f97008fb30466a0bf
2019/08/02 17:29:13.936 [I]  这是新用户
2019/08/02 17:29:53.846 [I]  Login 登陆服务 /api/plant/login
2019/08/02 17:29:53.846 [I]  胡帅
2019/08/02 17:29:53.846 [I]  1
2019/08/02 17:29:53.846 [I]  zh_CN
2019/08/02 17:29:53.846 [I]  Baotou
2019/08/02 17:29:53.846 [I]  Inner Mongolia
2019/08/02 17:29:53.846 [I]  China
2019/08/02 17:29:53.846 [I]  https://wx.qlogo.cn/mmopen/vi_32/DYAIOgq83eo0YiaoYhribuObFm147MRNwXdG5AERYn26Zuvn6BQyVzay2Ubib3c9pyJwbOZ5JQiaYWL8ic7ss4kicUcw/132
2019/08/02 17:29:54.236 [I]  map[key:plant conn:127.0.0.1:6379 dbNum: password:]
2019/08/02 17:29:54.374 [I]  老用户登陆 胡帅
2019/08/02 17:29:54.482 [I]  1
2019/08/02 17:29:54.483 [I]  opid插入redis成功
2019/08/02 17:29:54.504 [I]  初始化服务 url：/api/plant/config
2019/08/02 17:29:55.946 [I]  map[conn:127.0.0.1:6379 dbNum: password: key:plant]
2019/08/02 17:29:55.947 [I]  [56 97 99 52 100 101 97 53 98 55 98 97 97 97 51 102 57 55 48 48 56 102 98 51 48 52 54 54 97 48 98 102]
2019/08/02 17:29:55.947 [I]  8ac4dea5b7baaa3f97008fb30466a0bf
2019/08/02 17:29:55.947 [I]  这是新用户
2019/08/02 17:31:35.034 [I]  Login 登陆服务 /api/plant/login
2019/08/02 17:31:35.034 [I]  胡帅
2019/08/02 17:31:35.034 [I]  1
2019/08/02 17:31:35.034 [I]  zh_CN
2019/08/02 17:31:35.034 [I]  Baotou
2019/08/02 17:31:35.034 [I]  Inner Mongolia
2019/08/02 17:31:35.034 [I]  China
2019/08/02 17:31:35.034 [I]  https://wx.qlogo.cn/mmopen/vi_32/DYAIOgq83eo0YiaoYhribuObFm147MRNwXdG5AERYn26Zuvn6BQyVzay2Ubib3c9pyJwbOZ5JQiaYWL8ic7ss4kicUcw/132
2019/08/02 17:31:35.466 [I]  map[key:plant conn:127.0.0.1:6379 dbNum: password:]
2019/08/02 17:31:35.610 [I]  老用户登陆 胡帅
2019/08/02 17:31:35.755 [I]  1
2019/08/02 17:31:35.755 [I]  opid插入redis成功
2019/08/02 17:31:35.773 [I]  初始化服务 url：/api/plant/config
2019/08/02 17:31:37.582 [I]  map[key:plant conn:127.0.0.1:6379 dbNum: password:]
2019/08/02 17:31:37.583 [I]  [56 97 99 52 100 101 97 53 98 55 98 97 97 97 51 102 57 55 48 48 56 102 98 51 48 52 54 54 97 48 98 102]
2019/08/02 17:31:37.583 [I]  8ac4dea5b7baaa3f97008fb30466a0bf
2019/08/02 17:31:37.583 [I]  这是新用户
2019/08/02 17:32:45.901 [I]  老用户登陆 
2019/08/02 17:32:46.946 [I]  0
2019/08/02 17:32:46.946 [I]  opid插入redis成功
2019/08/02 17:38:36.009 [I]  Login 登陆服务 /api/plant/login
2019/08/02 17:38:36.009 [I]  胡帅
2019/08/02 17:38:36.009 [I]  1
2019/08/02 17:38:36.009 [I]  zh_CN
2019/08/02 17:38:36.009 [I]  Baotou
2019/08/02 17:38:36.009 [I]  Inner Mongolia
2019/08/02 17:38:36.009 [I]  China
2019/08/02 17:38:36.009 [I]  https://wx.qlogo.cn/mmopen/vi_32/DYAIOgq83eo0YiaoYhribuObFm147MRNwXdG5AERYn26Zuvn6BQyVzay2Ubib3c9pyJwbOZ5JQiaYWL8ic7ss4kicUcw/132
2019/08/02 17:38:36.448 [I]  map[key:plant conn:127.0.0.1:6379 dbNum: password:]
2019/08/02 17:38:36.576 [I]  老用户登陆 胡帅
2019/08/02 17:38:36.691 [I]  1
2019/08/02 17:38:36.691 [I]  opid插入redis成功
2019/08/02 17:38:36.711 [I]  初始化服务 url：/api/plant/config
2019/08/02 17:38:38.183 [I]  map[key:plant conn:127.0.0.1:6379 dbNum: password:]
2019/08/02 17:38:38.183 [I]  [56 97 99 52 100 101 97 53 98 55 98 97 97 97 51 102 57 55 48 48 56 102 98 51 48 52 54 54 97 48 98 102]
2019/08/02 17:38:38.183 [I]  8ac4dea5b7baaa3f97008fb30466a0bf
2019/08/02 17:38:38.183 [I]  这是新用户
